-------------------------------------------------------------------------------
Test set: com.tanhua.dubbo.server.api.TestUsers
-------------------------------------------------------------------------------
Tests run: 2, Failures: 0, Errors: 2, Skipped: 0, Time elapsed: 1.224 s <<< FAILURE! - in com.tanhua.dubbo.server.api.TestUsers
testQueryList(com.tanhua.dubbo.server.api.TestUsers)  Time elapsed: 0 s  <<< ERROR!
java.lang.IllegalStateException: Failed to load ApplicationContext
Caused by: java.lang.IllegalStateException: Failed to register dubbo://169.254.69.120:20880/com.tanhua.dubbo.server.api.QuanZiApi?anyhost=true&application=dubbo-provider-tanhua&dubbo=2.0.2&generic=false&interface=com.tanhua.dubbo.server.api.QuanZiApi&methods=savePublish,saveLikeComment,saveLoveComment,saveComment,queryPublishById,queryCommentList,queryCommentCount,queryPublishList,removeComment&pid=6484&revision=1.0-SNAPSHOT&side=provider&timestamp=1610416788693&version=1.0.0 to registry 192.168.247.131:2181, cause: Failed to register dubbo://169.254.69.120:20880/com.tanhua.dubbo.server.api.QuanZiApi?anyhost=true&application=dubbo-provider-tanhua&dubbo=2.0.2&generic=false&interface=com.tanhua.dubbo.server.api.QuanZiApi&methods=savePublish,saveLikeComment,saveLoveComment,saveComment,queryPublishById,queryCommentList,queryCommentCount,queryPublishList,removeComment&pid=6484&revision=1.0-SNAPSHOT&side=provider&timestamp=1610416788693&version=1.0.0 to zookeeper zookeeper://192.168.247.131:2181/com.alibaba.dubbo.registry.RegistryService?application=dubbo-provider-tanhua&client=zkclient&dubbo=2.0.2&interface=com.alibaba.dubbo.registry.RegistryService&pid=6484&timestamp=1610416750866, cause: Zookeeper is not connected yet!
Caused by: com.alibaba.dubbo.rpc.RpcException: Failed to register dubbo://169.254.69.120:20880/com.tanhua.dubbo.server.api.QuanZiApi?anyhost=true&application=dubbo-provider-tanhua&dubbo=2.0.2&generic=false&interface=com.tanhua.dubbo.server.api.QuanZiApi&methods=savePublish,saveLikeComment,saveLoveComment,saveComment,queryPublishById,queryCommentList,queryCommentCount,queryPublishList,removeComment&pid=6484&revision=1.0-SNAPSHOT&side=provider&timestamp=1610416788693&version=1.0.0 to zookeeper zookeeper://192.168.247.131:2181/com.alibaba.dubbo.registry.RegistryService?application=dubbo-provider-tanhua&client=zkclient&dubbo=2.0.2&interface=com.alibaba.dubbo.registry.RegistryService&pid=6484&timestamp=1610416750866, cause: Zookeeper is not connected yet!
Caused by: java.lang.IllegalStateException: Zookeeper is not connected yet!

saveUsers(com.tanhua.dubbo.server.api.TestUsers)  Time elapsed: 0 s  <<< ERROR!
java.lang.IllegalStateException: Failed to load ApplicationContext
Caused by: java.lang.IllegalStateException: Failed to register dubbo://169.254.69.120:20880/com.tanhua.dubbo.server.api.QuanZiApi?anyhost=true&application=dubbo-provider-tanhua&dubbo=2.0.2&generic=false&interface=com.tanhua.dubbo.server.api.QuanZiApi&methods=savePublish,saveLikeComment,saveLoveComment,saveComment,queryPublishById,queryCommentList,queryCommentCount,queryPublishList,removeComment&pid=6484&revision=1.0-SNAPSHOT&side=provider&timestamp=1610416789278&version=1.0.0 to registry 192.168.247.131:2181, cause: Failed to register dubbo://169.254.69.120:20880/com.tanhua.dubbo.server.api.QuanZiApi?anyhost=true&application=dubbo-provider-tanhua&dubbo=2.0.2&generic=false&interface=com.tanhua.dubbo.server.api.QuanZiApi&methods=savePublish,saveLikeComment,saveLoveComment,saveComment,queryPublishById,queryCommentList,queryCommentCount,queryPublishList,removeComment&pid=6484&revision=1.0-SNAPSHOT&side=provider&timestamp=1610416789278&version=1.0.0 to zookeeper zookeeper://192.168.247.131:2181/com.alibaba.dubbo.registry.RegistryService?application=dubbo-provider-tanhua&client=zkclient&dubbo=2.0.2&interface=com.alibaba.dubbo.registry.RegistryService&pid=6484&timestamp=1610416750866, cause: Zookeeper is not connected yet!
Caused by: com.alibaba.dubbo.rpc.RpcException: Failed to register dubbo://169.254.69.120:20880/com.tanhua.dubbo.server.api.QuanZiApi?anyhost=true&application=dubbo-provider-tanhua&dubbo=2.0.2&generic=false&interface=com.tanhua.dubbo.server.api.QuanZiApi&methods=savePublish,saveLikeComment,saveLoveComment,saveComment,queryPublishById,queryCommentList,queryCommentCount,queryPublishList,removeComment&pid=6484&revision=1.0-SNAPSHOT&side=provider&timestamp=1610416789278&version=1.0.0 to zookeeper zookeeper://192.168.247.131:2181/com.alibaba.dubbo.registry.RegistryService?application=dubbo-provider-tanhua&client=zkclient&dubbo=2.0.2&interface=com.alibaba.dubbo.registry.RegistryService&pid=6484&timestamp=1610416750866, cause: Zookeeper is not connected yet!
Caused by: java.lang.IllegalStateException: Zookeeper is not connected yet!

