<?xml version="1.0" encoding="UTF-8"?>
<testsuite xmlns:xsi="http://www.w3.org/2001/XMLSchema-instance" xsi:noNamespaceSchemaLocation="https://maven.apache.org/surefire/maven-surefire-plugin/xsd/surefire-test-report.xsd" name="com.tanhua.dubbo.server.api.TestRecommendUserApi" time="1.542" tests="2" errors="2" skipped="0" failures="0">
  <properties>
[...]
</properties>
  <testcase name="testQueryWithMaxScore" classname="com.tanhua.dubbo.server.api.TestRecommendUserApi" time="0">
    <error message="Failed to load ApplicationContext" type="java.lang.IllegalStateException"><![CDATA[java.lang.IllegalStateException: Failed to load ApplicationContext
Caused by: java.lang.IllegalStateException: Failed to register dubbo://169.254.69.120:20880/com.tanhua.dubbo.server.api.QuanZiApi?anyhost=true&application=dubbo-provider-tanhua&dubbo=2.0.2&generic=false&interface=com.tanhua.dubbo.server.api.QuanZiApi&methods=savePublish,saveLikeComment,saveLoveComment,saveComment,queryPublishById,queryCommentList,queryCommentCount,queryPublishList,removeComment&pid=6484&revision=1.0-SNAPSHOT&side=provider&timestamp=1610416787355&version=1.0.0 to registry 192.168.247.131:2181, cause: Failed to register dubbo://169.254.69.120:20880/com.tanhua.dubbo.server.api.QuanZiApi?anyhost=true&application=dubbo-provider-tanhua&dubbo=2.0.2&generic=false&interface=com.tanhua.dubbo.server.api.QuanZiApi&methods=savePublish,saveLikeComment,saveLoveComment,saveComment,queryPublishById,queryCommentList,queryCommentCount,queryPublishList,removeComment&pid=6484&revision=1.0-SNAPSHOT&side=provider&timestamp=1610416787355&version=1.0.0 to zookeeper zookeeper://192.168.247.131:2181/com.alibaba.dubbo.registry.RegistryService?application=dubbo-provider-tanhua&client=zkclient&dubbo=2.0.2&interface=com.alibaba.dubbo.registry.RegistryService&pid=6484&timestamp=1610416750866, cause: Zookeeper is not connected yet!
Caused by: com.alibaba.dubbo.rpc.RpcException: Failed to register dubbo://169.254.69.120:20880/com.tanhua.dubbo.server.api.QuanZiApi?anyhost=true&application=dubbo-provider-tanhua&dubbo=2.0.2&generic=false&interface=com.tanhua.dubbo.server.api.QuanZiApi&methods=savePublish,saveLikeComment,saveLoveComment,saveComment,queryPublishById,queryCommentList,queryCommentCount,queryPublishList,removeComment&pid=6484&revision=1.0-SNAPSHOT&side=provider&timestamp=1610416787355&version=1.0.0 to zookeeper zookeeper://192.168.247.131:2181/com.alibaba.dubbo.registry.RegistryService?application=dubbo-provider-tanhua&client=zkclient&dubbo=2.0.2&interface=com.alibaba.dubbo.registry.RegistryService&pid=6484&timestamp=1610416750866, cause: Zookeeper is not connected yet!
Caused by: java.lang.IllegalStateException: Zookeeper is not connected yet!
]]></error>
    <system-out><![CDATA[2021-01-12 09:59:46.800  INFO 6484 --- [           main] .b.t.c.SpringBootTestContextBootstrapper : Neither @ContextConfiguration nor @ContextHierarchy found for test class [com.tanhua.dubbo.server.api.TestRecommendUserApi], using SpringBootContextLoader
2021-01-12 09:59:46.800  INFO 6484 --- [           main] o.s.t.c.support.AbstractContextLoader    : Could not detect default resource locations for test class [com.tanhua.dubbo.server.api.TestRecommendUserApi]: no resource found for suffixes {-context.xml, Context.groovy}.
2021-01-12 09:59:46.801  INFO 6484 --- [           main] t.c.s.AnnotationConfigContextLoaderUtils : Could not detect default configuration classes for test class [com.tanhua.dubbo.server.api.TestRecommendUserApi]: TestRecommendUserApi does not declare any static, non-private, non-final, nested classes annotated with @Configuration.
2021-01-12 09:59:46.802  INFO 6484 --- [           main] .b.t.c.SpringBootTestContextBootstrapper : Found @SpringBootConfiguration com.tanhua.dubbo.server.DubboApplication for test class com.tanhua.dubbo.server.api.TestRecommendUserApi
2021-01-12 09:59:46.804  INFO 6484 --- [           main] .b.t.c.SpringBootTestContextBootstrapper : Loaded default TestExecutionListener class names from location [META-INF/spring.factories]: [org.springframework.boot.test.mock.mockito.MockitoTestExecutionListener, org.springframework.boot.test.mock.mockito.ResetMocksTestExecutionListener, org.springframework.boot.test.autoconfigure.restdocs.RestDocsTestExecutionListener, org.springframework.boot.test.autoconfigure.web.client.MockRestServiceServerResetTestExecutionListener, org.springframework.boot.test.autoconfigure.web.servlet.MockMvcPrintOnlyOnFailureTestExecutionListener, org.springframework.boot.test.autoconfigure.web.servlet.WebDriverTestExecutionListener, org.springframework.test.context.web.ServletTestExecutionListener, org.springframework.test.context.support.DirtiesContextBeforeModesTestExecutionListener, org.springframework.test.context.support.DependencyInjectionTestExecutionListener, org.springframework.test.context.support.DirtiesContextTestExecutionListener, org.springframework.test.context.transaction.TransactionalTestExecutionListener, org.springframework.test.context.jdbc.SqlScriptsTestExecutionListener]
2021-01-12 09:59:46.805  INFO 6484 --- [           main] .b.t.c.SpringBootTestContextBootstrapper : Using TestExecutionListeners: [org.springframework.test.context.support.DirtiesContextBeforeModesTestExecutionListener@36ef1d65, org.springframework.boot.test.mock.mockito.MockitoTestExecutionListener@4be0a27d, org.springframework.boot.test.autoconfigure.SpringBootDependencyInjectionTestExecutionListener@5f366587, org.springframework.test.context.support.DirtiesContextTestExecutionListener@6003ad65, org.springframework.test.context.transaction.TransactionalTestExecutionListener@2ec99035, org.springframework.test.context.jdbc.SqlScriptsTestExecutionListener@60743cdb, org.springframework.boot.test.mock.mockito.ResetMocksTestExecutionListener@c02670f, org.springframework.boot.test.autoconfigure.restdocs.RestDocsTestExecutionListener@71179b6f, org.springframework.boot.test.autoconfigure.web.client.MockRestServiceServerResetTestExecutionListener@13bdf540, org.springframework.boot.test.autoconfigure.web.servlet.MockMvcPrintOnlyOnFailureTestExecutionListener@526e8108, org.springframework.boot.test.autoconfigure.web.servlet.WebDriverTestExecutionListener@4dcbae55]
2021-01-12 09:59:46.881  INFO 6484 --- [           main] a.b.d.c.e.WelcomeLogoApplicationListener : 

 :: Dubbo Spring Boot (v0.2.0) : https://github.com/apache/incubator-dubbo-spring-boot-project
 :: Dubbo (v2.6.4) : https://github.com/apache/incubator-dubbo
 :: Google group : dev@dubbo.incubator.apache.org

2021-01-12 09:59:46.881  INFO 6484 --- [           main] e.OverrideDubboConfigApplicationListener : Dubbo Config was overridden by externalized configuration {dubbo.application.name=dubbo-provider-tanhua, dubbo.protocol.name=dubbo, dubbo.protocol.port=20880, dubbo.registry.address=zookeeper://192.168.247.131:2181, dubbo.registry.client=zkclient, dubbo.scan.basePackages=com.tanhua.dubbo.server}

  .   ____          _            __ _ _
 /\\ / ___'_ __ _ _(_)_ __  __ _ \ \ \ \
( ( )\___ | '_ | '_| | '_ \/ _` | \ \ \ \
 \\/  ___)| |_)| | | | | || (_| |  ) ) ) )
  '  |____| .__|_| |_|_| |_\__, | / / / /
 =========|_|==============|___/=/_/_/_/
 :: Spring Boot ::        (v2.1.0.RELEASE)

2021-01-12 09:59:46.890  INFO 6484 --- [           main] c.t.d.server.api.TestRecommendUserApi    : Starting TestRecommendUserApi on DESKTOP-A7UV77A with PID 6484 (started by Lenovo in E:\APP\my-tanhua\my-tanhua\my-tanhua-dubbo\my-tanhua-dubbo-service)
2021-01-12 09:59:46.890  INFO 6484 --- [           main] c.t.d.server.api.TestRecommendUserApi    : No active profile set, falling back to default profiles: default
2021-01-12 09:59:47.031  INFO 6484 --- [           main] .a.d.c.s.c.a.DubboConfigBindingRegistrar : The dubbo config bean definition [name : com.alibaba.dubbo.config.ApplicationConfig#0, class : com.alibaba.dubbo.config.ApplicationConfig] has been registered.
2021-01-12 09:59:47.032  INFO 6484 --- [           main] .a.d.c.s.c.a.DubboConfigBindingRegistrar : The BeanPostProcessor bean definition [com.alibaba.dubbo.config.spring.beans.factory.annotation.DubboConfigBindingBeanPostProcessor] for dubbo config bean [name : com.alibaba.dubbo.config.ApplicationConfig#0] has been registered.
2021-01-12 09:59:47.032  INFO 6484 --- [           main] .a.d.c.s.c.a.DubboConfigBindingRegistrar : The dubbo config bean definition [name : com.alibaba.dubbo.config.RegistryConfig#0, class : com.alibaba.dubbo.config.RegistryConfig] has been registered.
2021-01-12 09:59:47.032  INFO 6484 --- [           main] .a.d.c.s.c.a.DubboConfigBindingRegistrar : The BeanPostProcessor bean definition [com.alibaba.dubbo.config.spring.beans.factory.annotation.DubboConfigBindingBeanPostProcessor] for dubbo config bean [name : com.alibaba.dubbo.config.RegistryConfig#0] has been registered.
2021-01-12 09:59:47.032  INFO 6484 --- [           main] .a.d.c.s.c.a.DubboConfigBindingRegistrar : The dubbo config bean definition [name : com.alibaba.dubbo.config.ProtocolConfig#0, class : com.alibaba.dubbo.config.ProtocolConfig] has been registered.
2021-01-12 09:59:47.032  INFO 6484 --- [           main] .a.d.c.s.c.a.DubboConfigBindingRegistrar : The BeanPostProcessor bean definition [com.alibaba.dubbo.config.spring.beans.factory.annotation.DubboConfigBindingBeanPostProcessor] for dubbo config bean [name : com.alibaba.dubbo.config.ProtocolConfig#0] has been registered.
2021-01-12 09:59:47.041  INFO 6484 --- [           main] .s.d.r.c.RepositoryConfigurationDelegate : Bootstrapping Spring Data repositories in DEFAULT mode.
2021-01-12 09:59:47.047  INFO 6484 --- [           main] .s.d.r.c.RepositoryConfigurationDelegate : Finished Spring Data repository scanning in 6ms. Found 0 repository interfaces.
2021-01-12 09:59:47.079  INFO 6484 --- [           main] o.s.c.a.ConfigurationClassPostProcessor  : Cannot enhance @Configuration bean definition 'com.alibaba.boot.dubbo.autoconfigure.DubboAutoConfiguration' since its singleton instance has been created too early. The typical cause is a non-static @Bean method with a BeanDefinitionRegistryPostProcessor return type: Consider declaring such methods as 'static'.
2021-01-12 09:59:47.106  INFO 6484 --- [           main] trationDelegate$BeanPostProcessorChecker : Bean 'relaxedDubboConfigBinder' of type [com.alibaba.boot.dubbo.autoconfigure.RelaxedDubboConfigBinder] is not eligible for getting processed by all BeanPostProcessors (for example: not eligible for auto-proxying)
2021-01-12 09:59:47.110  INFO 6484 --- [           main] trationDelegate$BeanPostProcessorChecker : Bean 'relaxedDubboConfigBinder' of type [com.alibaba.boot.dubbo.autoconfigure.RelaxedDubboConfigBinder] is not eligible for getting processed by all BeanPostProcessors (for example: not eligible for auto-proxying)
2021-01-12 09:59:47.112  INFO 6484 --- [           main] trationDelegate$BeanPostProcessorChecker : Bean 'relaxedDubboConfigBinder' of type [com.alibaba.boot.dubbo.autoconfigure.RelaxedDubboConfigBinder] is not eligible for getting processed by all BeanPostProcessors (for example: not eligible for auto-proxying)
2021-01-12 09:59:47.128  INFO 6484 --- [           main] .f.a.DubboConfigBindingBeanPostProcessor : The properties of bean [name : com.alibaba.dubbo.config.ApplicationConfig#0] have been binding by prefix of configuration properties : dubbo.application
2021-01-12 09:59:47.133  INFO 6484 --- [           main] .f.a.DubboConfigBindingBeanPostProcessor : The properties of bean [name : com.alibaba.dubbo.config.RegistryConfig#0] have been binding by prefix of configuration properties : dubbo.registry
2021-01-12 09:59:47.141  INFO 6484 --- [           main] .f.a.DubboConfigBindingBeanPostProcessor : The properties of bean [name : com.alibaba.dubbo.config.ProtocolConfig#0] have been binding by prefix of configuration properties : dubbo.protocol
2021-01-12 09:59:47.172  INFO 6484 --- [           main] org.mongodb.driver.cluster               : Cluster created with settings {hosts=[192.168.247.131:27017], mode=SINGLE, requiredClusterType=UNKNOWN, serverSelectionTimeout='30000 ms', maxWaitQueueSize=500}
2021-01-12 09:59:47.178  INFO 6484 --- [8.247.131:27017] org.mongodb.driver.connection            : Opened connection [connectionId{localValue:17, serverValue:51}] to 192.168.247.131:27017
2021-01-12 09:59:47.180  INFO 6484 --- [8.247.131:27017] org.mongodb.driver.cluster               : Monitor thread successfully connected to server with description ServerDescription{address=192.168.247.131:27017, type=STANDALONE, state=CONNECTED, ok=true, version=ServerVersion{versionList=[4, 0, 3]}, minWireVersion=0, maxWireVersion=7, maxDocumentSize=16777216, logicalSessionTimeoutMinutes=30, roundTripTimeNanos=908200}
2021-01-12 09:59:47.249  INFO 6484 --- [           main] org.mongodb.driver.connection            : Opened connection [connectionId{localValue:18, serverValue:52}] to 192.168.247.131:27017
2021-01-12 09:59:47.360  INFO 6484 --- [           main] ConditionEvaluationReportLoggingListener : 

Error starting ApplicationContext. To display the conditions report re-run your application with 'debug' enabled.
2021-01-12 09:59:47.365 ERROR 6484 --- [           main] o.s.boot.SpringApplication               : Application run failed

java.lang.IllegalStateException: Failed to register dubbo://169.254.69.120:20880/com.tanhua.dubbo.server.api.QuanZiApi?anyhost=true&application=dubbo-provider-tanhua&dubbo=2.0.2&generic=false&interface=com.tanhua.dubbo.server.api.QuanZiApi&methods=savePublish,saveLikeComment,saveLoveComment,saveComment,queryPublishById,queryCommentList,queryCommentCount,queryPublishList,removeComment&pid=6484&revision=1.0-SNAPSHOT&side=provider&timestamp=1610416787355&version=1.0.0 to registry 192.168.247.131:2181, cause: Failed to register dubbo://169.254.69.120:20880/com.tanhua.dubbo.server.api.QuanZiApi?anyhost=true&application=dubbo-provider-tanhua&dubbo=2.0.2&generic=false&interface=com.tanhua.dubbo.server.api.QuanZiApi&methods=savePublish,saveLikeComment,saveLoveComment,saveComment,queryPublishById,queryCommentList,queryCommentCount,queryPublishList,removeComment&pid=6484&revision=1.0-SNAPSHOT&side=provider&timestamp=1610416787355&version=1.0.0 to zookeeper zookeeper://192.168.247.131:2181/com.alibaba.dubbo.registry.RegistryService?application=dubbo-provider-tanhua&client=zkclient&dubbo=2.0.2&interface=com.alibaba.dubbo.registry.RegistryService&pid=6484&timestamp=1610416750866, cause: Zookeeper is not connected yet!
	at com.alibaba.dubbo.registry.support.FailbackRegistry.register(FailbackRegistry.java:150) ~[dubbo-2.6.4.jar:2.6.4]
	at com.alibaba.dubbo.registry.integration.RegistryProtocol.register(RegistryProtocol.java:126) ~[dubbo-2.6.4.jar:2.6.4]
	at com.alibaba.dubbo.registry.integration.RegistryProtocol.export(RegistryProtocol.java:146) ~[dubbo-2.6.4.jar:2.6.4]
	at com.alibaba.dubbo.rpc.protocol.ProtocolListenerWrapper.export(ProtocolListenerWrapper.java:55) ~[dubbo-2.6.4.jar:2.6.4]
	at com.alibaba.dubbo.rpc.protocol.ProtocolFilterWrapper.export(ProtocolFilterWrapper.java:98) ~[dubbo-2.6.4.jar:2.6.4]
	at com.alibaba.dubbo.qos.protocol.QosProtocolWrapper.export(QosProtocolWrapper.java:60) ~[dubbo-2.6.4.jar:2.6.4]
	at com.alibaba.dubbo.rpc.Protocol$Adaptive.export(Protocol$Adaptive.java) ~[dubbo-2.6.4.jar:2.6.4]
	at com.alibaba.dubbo.config.ServiceConfig.doExportUrlsFor1Protocol(ServiceConfig.java:513) ~[dubbo-2.6.4.jar:2.6.4]
	at com.alibaba.dubbo.config.ServiceConfig.doExportUrls(ServiceConfig.java:358) ~[dubbo-2.6.4.jar:2.6.4]
	at com.alibaba.dubbo.config.ServiceConfig.doExport(ServiceConfig.java:317) ~[dubbo-2.6.4.jar:2.6.4]
	at com.alibaba.dubbo.config.ServiceConfig.export(ServiceConfig.java:216) ~[dubbo-2.6.4.jar:2.6.4]
	at com.alibaba.dubbo.config.spring.ServiceBean.onApplicationEvent(ServiceBean.java:123) ~[dubbo-2.6.4.jar:2.6.4]
	at com.alibaba.dubbo.config.spring.ServiceBean.onApplicationEvent(ServiceBean.java:49) ~[dubbo-2.6.4.jar:2.6.4]
	at org.springframework.context.event.SimpleApplicationEventMulticaster.doInvokeListener(SimpleApplicationEventMulticaster.java:172) ~[spring-context-5.1.2.RELEASE.jar:5.1.2.RELEASE]
	at org.springframework.context.event.SimpleApplicationEventMulticaster.invokeListener(SimpleApplicationEventMulticaster.java:165) ~[spring-context-5.1.2.RELEASE.jar:5.1.2.RELEASE]
	at org.springframework.context.event.SimpleApplicationEventMulticaster.multicastEvent(SimpleApplicationEventMulticaster.java:139) ~[spring-context-5.1.2.RELEASE.jar:5.1.2.RELEASE]
	at org.springframework.context.support.AbstractApplicationContext.publishEvent(AbstractApplicationContext.java:398) ~[spring-context-5.1.2.RELEASE.jar:5.1.2.RELEASE]
	at org.springframework.context.support.AbstractApplicationContext.publishEvent(AbstractApplicationContext.java:355) ~[spring-context-5.1.2.RELEASE.jar:5.1.2.RELEASE]
	at org.springframework.context.support.AbstractApplicationContext.finishRefresh(AbstractApplicationContext.java:882) ~[spring-context-5.1.2.RELEASE.jar:5.1.2.RELEASE]
	at org.springframework.context.support.AbstractApplicationContext.refresh(AbstractApplicationContext.java:549) ~[spring-context-5.1.2.RELEASE.jar:5.1.2.RELEASE]
	at org.springframework.boot.SpringApplication.refresh(SpringApplication.java:775) ~[spring-boot-2.1.0.RELEASE.jar:2.1.0.RELEASE]
	at org.springframework.boot.SpringApplication.refreshContext(SpringApplication.java:397) ~[spring-boot-2.1.0.RELEASE.jar:2.1.0.RELEASE]
	at org.springframework.boot.SpringApplication.run(SpringApplication.java:316) ~[spring-boot-2.1.0.RELEASE.jar:2.1.0.RELEASE]
	at org.springframework.boot.test.context.SpringBootContextLoader.loadContext(SpringBootContextLoader.java:127) [spring-boot-test-2.1.0.RELEASE.jar:2.1.0.RELEASE]
	at org.springframework.test.context.cache.DefaultCacheAwareContextLoaderDelegate.loadContextInternal(DefaultCacheAwareContextLoaderDelegate.java:99) [spring-test-5.1.2.RELEASE.jar:5.1.2.RELEASE]
	at org.springframework.test.context.cache.DefaultCacheAwareContextLoaderDelegate.loadContext(DefaultCacheAwareContextLoaderDelegate.java:117) [spring-test-5.1.2.RELEASE.jar:5.1.2.RELEASE]
	at org.springframework.test.context.support.DefaultTestContext.getApplicationContext(DefaultTestContext.java:108) [spring-test-5.1.2.RELEASE.jar:5.1.2.RELEASE]
	at org.springframework.test.context.support.DependencyInjectionTestExecutionListener.injectDependencies(DependencyInjectionTestExecutionListener.java:118) [spring-test-5.1.2.RELEASE.jar:5.1.2.RELEASE]
	at org.springframework.test.context.support.DependencyInjectionTestExecutionListener.prepareTestInstance(DependencyInjectionTestExecutionListener.java:83) [spring-test-5.1.2.RELEASE.jar:5.1.2.RELEASE]
	at org.springframework.boot.test.autoconfigure.SpringBootDependencyInjectionTestExecutionListener.prepareTestInstance(SpringBootDependencyInjectionTestExecutionListener.java:44) [spring-boot-test-autoconfigure-2.1.0.RELEASE.jar:2.1.0.RELEASE]
	at org.springframework.test.context.TestContextManager.prepareTestInstance(TestContextManager.java:246) [spring-test-5.1.2.RELEASE.jar:5.1.2.RELEASE]
	at org.springframework.test.context.junit4.SpringJUnit4ClassRunner.createTest(SpringJUnit4ClassRunner.java:227) [spring-test-5.1.2.RELEASE.jar:5.1.2.RELEASE]
	at org.springframework.test.context.junit4.SpringJUnit4ClassRunner$1.runReflectiveCall(SpringJUnit4ClassRunner.java:289) [spring-test-5.1.2.RELEASE.jar:5.1.2.RELEASE]
	at org.junit.internal.runners.model.ReflectiveCallable.run(ReflectiveCallable.java:12) [junit-4.12.jar:4.12]
	at org.springframework.test.context.junit4.SpringJUnit4ClassRunner.methodBlock(SpringJUnit4ClassRunner.java:291) [spring-test-5.1.2.RELEASE.jar:5.1.2.RELEASE]
	at org.springframework.test.context.junit4.SpringJUnit4ClassRunner.runChild(SpringJUnit4ClassRunner.java:246) [spring-test-5.1.2.RELEASE.jar:5.1.2.RELEASE]
	at org.springframework.test.context.junit4.SpringJUnit4ClassRunner.runChild(SpringJUnit4ClassRunner.java:97) [spring-test-5.1.2.RELEASE.jar:5.1.2.RELEASE]
	at org.junit.runners.ParentRunner$3.run(ParentRunner.java:290) [junit-4.12.jar:4.12]
	at org.junit.runners.ParentRunner$1.schedule(ParentRunner.java:71) [junit-4.12.jar:4.12]
	at org.junit.runners.ParentRunner.runChildren(ParentRunner.java:288) [junit-4.12.jar:4.12]
	at org.junit.runners.ParentRunner.access$000(ParentRunner.java:58) [junit-4.12.jar:4.12]
	at org.junit.runners.ParentRunner$2.evaluate(ParentRunner.java:268) [junit-4.12.jar:4.12]
	at org.springframework.test.context.junit4.statements.RunBeforeTestClassCallbacks.evaluate(RunBeforeTestClassCallbacks.java:61) [spring-test-5.1.2.RELEASE.jar:5.1.2.RELEASE]
	at org.springframework.test.context.junit4.statements.RunAfterTestClassCallbacks.evaluate(RunAfterTestClassCallbacks.java:70) [spring-test-5.1.2.RELEASE.jar:5.1.2.RELEASE]
	at org.junit.runners.ParentRunner.run(ParentRunner.java:363) [junit-4.12.jar:4.12]
	at org.springframework.test.context.junit4.SpringJUnit4ClassRunner.run(SpringJUnit4ClassRunner.java:190) [spring-test-5.1.2.RELEASE.jar:5.1.2.RELEASE]
	at org.apache.maven.surefire.junit4.JUnit4Provider.execute(JUnit4Provider.java:365) [surefire-junit4-2.22.1.jar:2.22.1]
	at org.apache.maven.surefire.junit4.JUnit4Provider.executeWithRerun(JUnit4Provider.java:273) [surefire-junit4-2.22.1.jar:2.22.1]
	at org.apache.maven.surefire.junit4.JUnit4Provider.executeTestSet(JUnit4Provider.java:238) [surefire-junit4-2.22.1.jar:2.22.1]
	at org.apache.maven.surefire.junit4.JUnit4Provider.invoke(JUnit4Provider.java:159) [surefire-junit4-2.22.1.jar:2.22.1]
	at org.apache.maven.surefire.booter.ForkedBooter.invokeProviderInSameClassLoader(ForkedBooter.java:384) [surefire-booter-2.22.1.jar:2.22.1]
	at org.apache.maven.surefire.booter.ForkedBooter.runSuitesInProcess(ForkedBooter.java:345) [surefire-booter-2.22.1.jar:2.22.1]
	at org.apache.maven.surefire.booter.ForkedBooter.execute(ForkedBooter.java:126) [surefire-booter-2.22.1.jar:2.22.1]
	at org.apache.maven.surefire.booter.ForkedBooter.main(ForkedBooter.java:418) [surefire-booter-2.22.1.jar:2.22.1]
Caused by: com.alibaba.dubbo.rpc.RpcException: Failed to register dubbo://169.254.69.120:20880/com.tanhua.dubbo.server.api.QuanZiApi?anyhost=true&application=dubbo-provider-tanhua&dubbo=2.0.2&generic=false&interface=com.tanhua.dubbo.server.api.QuanZiApi&methods=savePublish,saveLikeComment,saveLoveComment,saveComment,queryPublishById,queryCommentList,queryCommentCount,queryPublishList,removeComment&pid=6484&revision=1.0-SNAPSHOT&side=provider&timestamp=1610416787355&version=1.0.0 to zookeeper zookeeper://192.168.247.131:2181/com.alibaba.dubbo.registry.RegistryService?application=dubbo-provider-tanhua&client=zkclient&dubbo=2.0.2&interface=com.alibaba.dubbo.registry.RegistryService&pid=6484&timestamp=1610416750866, cause: Zookeeper is not connected yet!
	at com.alibaba.dubbo.registry.zookeeper.ZookeeperRegistry.doRegister(ZookeeperRegistry.java:116) ~[dubbo-2.6.4.jar:2.6.4]
	at com.alibaba.dubbo.registry.support.FailbackRegistry.register(FailbackRegistry.java:137) ~[dubbo-2.6.4.jar:2.6.4]
	... 53 common frames omitted
Caused by: java.lang.IllegalStateException: Zookeeper is not connected yet!
	at com.alibaba.dubbo.remoting.zookeeper.zkclient.ZkClientWrapper.createPersistent(ZkClientWrapper.java:98) ~[dubbo-2.6.4.jar:2.6.4]
	at com.alibaba.dubbo.remoting.zookeeper.zkclient.ZkclientZookeeperClient.createPersistent(ZkclientZookeeperClient.java:64) ~[dubbo-2.6.4.jar:2.6.4]
	at com.alibaba.dubbo.remoting.zookeeper.support.AbstractZookeeperClient.create(AbstractZookeeperClient.java:67) ~[dubbo-2.6.4.jar:2.6.4]
	at com.alibaba.dubbo.remoting.zookeeper.support.AbstractZookeeperClient.create(AbstractZookeeperClient.java:62) ~[dubbo-2.6.4.jar:2.6.4]
	at com.alibaba.dubbo.remoting.zookeeper.support.AbstractZookeeperClient.create(AbstractZookeeperClient.java:62) ~[dubbo-2.6.4.jar:2.6.4]
	at com.alibaba.dubbo.remoting.zookeeper.support.AbstractZookeeperClient.create(AbstractZookeeperClient.java:62) ~[dubbo-2.6.4.jar:2.6.4]
	at com.alibaba.dubbo.registry.zookeeper.ZookeeperRegistry.doRegister(ZookeeperRegistry.java:114) ~[dubbo-2.6.4.jar:2.6.4]
	... 54 common frames omitted

2021-01-12 09:59:47.367  INFO 6484 --- [           main] org.mongodb.driver.connection            : Closed connection [connectionId{localValue:18, serverValue:52}] to 192.168.247.131:27017 because the pool has been closed.
2021-01-12 09:59:47.368  INFO 6484 --- [           main] f.a.ReferenceAnnotationBeanPostProcessor : class com.alibaba.dubbo.config.spring.beans.factory.annotation.ReferenceAnnotationBeanPostProcessor was destroying!
2021-01-12 09:59:47.392  INFO 6484 --- [           main] a.b.d.c.e.WelcomeLogoApplicationListener : 

 :: Dubbo Spring Boot (v0.2.0) : https://github.com/apache/incubator-dubbo-spring-boot-project
 :: Dubbo (v2.6.4) : https://github.com/apache/incubator-dubbo
 :: Google group : dev@dubbo.incubator.apache.org

2021-01-12 09:59:47.393  INFO 6484 --- [           main] e.OverrideDubboConfigApplicationListener : Dubbo Config was overridden by externalized configuration {dubbo.application.name=dubbo-provider-tanhua, dubbo.protocol.name=dubbo, dubbo.protocol.port=20880, dubbo.registry.address=zookeeper://192.168.247.131:2181, dubbo.registry.client=zkclient, dubbo.scan.basePackages=com.tanhua.dubbo.server}

  .   ____          _            __ _ _
 /\\ / ___'_ __ _ _(_)_ __  __ _ \ \ \ \
( ( )\___ | '_ | '_| | '_ \/ _` | \ \ \ \
 \\/  ___)| |_)| | | | | || (_| |  ) ) ) )
  '  |____| .__|_| |_|_| |_\__, | / / / /
 =========|_|==============|___/=/_/_/_/
 :: Spring Boot ::        (v2.1.0.RELEASE)

2021-01-12 09:59:47.400  INFO 6484 --- [           main] c.t.d.server.api.TestRecommendUserApi    : Starting TestRecommendUserApi on DESKTOP-A7UV77A with PID 6484 (started by Lenovo in E:\APP\my-tanhua\my-tanhua\my-tanhua-dubbo\my-tanhua-dubbo-service)
2021-01-12 09:59:47.400  INFO 6484 --- [           main] c.t.d.server.api.TestRecommendUserApi    : No active profile set, falling back to default profiles: default
2021-01-12 09:59:47.500  INFO 6484 --- [           main] .a.d.c.s.c.a.DubboConfigBindingRegistrar : The dubbo config bean definition [name : com.alibaba.dubbo.config.ApplicationConfig#0, class : com.alibaba.dubbo.config.ApplicationConfig] has been registered.
2021-01-12 09:59:47.501  INFO 6484 --- [           main] .a.d.c.s.c.a.DubboConfigBindingRegistrar : The BeanPostProcessor bean definition [com.alibaba.dubbo.config.spring.beans.factory.annotation.DubboConfigBindingBeanPostProcessor] for dubbo config bean [name : com.alibaba.dubbo.config.ApplicationConfig#0] has been registered.
2021-01-12 09:59:47.502  INFO 6484 --- [           main] .a.d.c.s.c.a.DubboConfigBindingRegistrar : The dubbo config bean definition [name : com.alibaba.dubbo.config.RegistryConfig#0, class : com.alibaba.dubbo.config.RegistryConfig] has been registered.
2021-01-12 09:59:47.502  INFO 6484 --- [           main] .a.d.c.s.c.a.DubboConfigBindingRegistrar : The BeanPostProcessor bean definition [com.alibaba.dubbo.config.spring.beans.factory.annotation.DubboConfigBindingBeanPostProcessor] for dubbo config bean [name : com.alibaba.dubbo.config.RegistryConfig#0] has been registered.
2021-01-12 09:59:47.502  INFO 6484 --- [           main] .a.d.c.s.c.a.DubboConfigBindingRegistrar : The dubbo config bean definition [name : com.alibaba.dubbo.config.ProtocolConfig#0, class : com.alibaba.dubbo.config.ProtocolConfig] has been registered.
2021-01-12 09:59:47.502  INFO 6484 --- [           main] .a.d.c.s.c.a.DubboConfigBindingRegistrar : The BeanPostProcessor bean definition [com.alibaba.dubbo.config.spring.beans.factory.annotation.DubboConfigBindingBeanPostProcessor] for dubbo config bean [name : com.alibaba.dubbo.config.ProtocolConfig#0] has been registered.
2021-01-12 09:59:47.512  INFO 6484 --- [           main] .s.d.r.c.RepositoryConfigurationDelegate : Bootstrapping Spring Data repositories in DEFAULT mode.
2021-01-12 09:59:47.520  INFO 6484 --- [           main] .s.d.r.c.RepositoryConfigurationDelegate : Finished Spring Data repository scanning in 8ms. Found 0 repository interfaces.
2021-01-12 09:59:47.536  INFO 6484 --- [           main] o.s.c.a.ConfigurationClassPostProcessor  : Cannot enhance @Configuration bean definition 'com.alibaba.boot.dubbo.autoconfigure.DubboAutoConfiguration' since its singleton instance has been created too early. The typical cause is a non-static @Bean method with a BeanDefinitionRegistryPostProcessor return type: Consider declaring such methods as 'static'.
2021-01-12 09:59:47.569  INFO 6484 --- [           main] trationDelegate$BeanPostProcessorChecker : Bean 'relaxedDubboConfigBinder' of type [com.alibaba.boot.dubbo.autoconfigure.RelaxedDubboConfigBinder] is not eligible for getting processed by all BeanPostProcessors (for example: not eligible for auto-proxying)
2021-01-12 09:59:47.570  INFO 6484 --- [           main] trationDelegate$BeanPostProcessorChecker : Bean 'relaxedDubboConfigBinder' of type [com.alibaba.boot.dubbo.autoconfigure.RelaxedDubboConfigBinder] is not eligible for getting processed by all BeanPostProcessors (for example: not eligible for auto-proxying)
2021-01-12 09:59:47.571  INFO 6484 --- [           main] trationDelegate$BeanPostProcessorChecker : Bean 'relaxedDubboConfigBinder' of type [com.alibaba.boot.dubbo.autoconfigure.RelaxedDubboConfigBinder] is not eligible for getting processed by all BeanPostProcessors (for example: not eligible for auto-proxying)
2021-01-12 09:59:47.589  INFO 6484 --- [           main] .f.a.DubboConfigBindingBeanPostProcessor : The properties of bean [name : com.alibaba.dubbo.config.ApplicationConfig#0] have been binding by prefix of configuration properties : dubbo.application
2021-01-12 09:59:47.593  INFO 6484 --- [           main] .f.a.DubboConfigBindingBeanPostProcessor : The properties of bean [name : com.alibaba.dubbo.config.RegistryConfig#0] have been binding by prefix of configuration properties : dubbo.registry
2021-01-12 09:59:47.599  INFO 6484 --- [           main] .f.a.DubboConfigBindingBeanPostProcessor : The properties of bean [name : com.alibaba.dubbo.config.ProtocolConfig#0] have been binding by prefix of configuration properties : dubbo.protocol
2021-01-12 09:59:47.616  INFO 6484 --- [           main] org.mongodb.driver.cluster               : Cluster created with settings {hosts=[192.168.247.131:27017], mode=SINGLE, requiredClusterType=UNKNOWN, serverSelectionTimeout='30000 ms', maxWaitQueueSize=500}
2021-01-12 09:59:47.621  INFO 6484 --- [8.247.131:27017] org.mongodb.driver.connection            : Opened connection [connectionId{localValue:19, serverValue:53}] to 192.168.247.131:27017
2021-01-12 09:59:47.623  INFO 6484 --- [8.247.131:27017] org.mongodb.driver.cluster               : Monitor thread successfully connected to server with description ServerDescription{address=192.168.247.131:27017, type=STANDALONE, state=CONNECTED, ok=true, version=ServerVersion{versionList=[4, 0, 3]}, minWireVersion=0, maxWireVersion=7, maxDocumentSize=16777216, logicalSessionTimeoutMinutes=30, roundTripTimeNanos=907400}
2021-01-12 09:59:47.691  INFO 6484 --- [           main] org.mongodb.driver.connection            : Opened connection [connectionId{localValue:20, serverValue:54}] to 192.168.247.131:27017
2021-01-12 09:59:47.775  INFO 6484 --- [           main] ConditionEvaluationReportLoggingListener : 

Error starting ApplicationContext. To display the conditions report re-run your application with 'debug' enabled.
2021-01-12 09:59:47.776 ERROR 6484 --- [           main] o.s.boot.SpringApplication               : Application run failed

java.lang.IllegalStateException: Failed to register dubbo://169.254.69.120:20880/com.tanhua.dubbo.server.api.QuanZiApi?anyhost=true&application=dubbo-provider-tanhua&dubbo=2.0.2&generic=false&interface=com.tanhua.dubbo.server.api.QuanZiApi&methods=savePublish,saveLikeComment,saveLoveComment,saveComment,queryPublishById,queryCommentList,queryCommentCount,queryPublishList,removeComment&pid=6484&revision=1.0-SNAPSHOT&side=provider&timestamp=1610416787772&version=1.0.0 to registry 192.168.247.131:2181, cause: Failed to register dubbo://169.254.69.120:20880/com.tanhua.dubbo.server.api.QuanZiApi?anyhost=true&application=dubbo-provider-tanhua&dubbo=2.0.2&generic=false&interface=com.tanhua.dubbo.server.api.QuanZiApi&methods=savePublish,saveLikeComment,saveLoveComment,saveComment,queryPublishById,queryCommentList,queryCommentCount,queryPublishList,removeComment&pid=6484&revision=1.0-SNAPSHOT&side=provider&timestamp=1610416787772&version=1.0.0 to zookeeper zookeeper://192.168.247.131:2181/com.alibaba.dubbo.registry.RegistryService?application=dubbo-provider-tanhua&client=zkclient&dubbo=2.0.2&interface=com.alibaba.dubbo.registry.RegistryService&pid=6484&timestamp=1610416750866, cause: Zookeeper is not connected yet!
	at com.alibaba.dubbo.registry.support.FailbackRegistry.register(FailbackRegistry.java:150) ~[dubbo-2.6.4.jar:2.6.4]
	at com.alibaba.dubbo.registry.integration.RegistryProtocol.register(RegistryProtocol.java:126) ~[dubbo-2.6.4.jar:2.6.4]
	at com.alibaba.dubbo.registry.integration.RegistryProtocol.export(RegistryProtocol.java:146) ~[dubbo-2.6.4.jar:2.6.4]
	at com.alibaba.dubbo.rpc.protocol.ProtocolListenerWrapper.export(ProtocolListenerWrapper.java:55) ~[dubbo-2.6.4.jar:2.6.4]
	at com.alibaba.dubbo.rpc.protocol.ProtocolFilterWrapper.export(ProtocolFilterWrapper.java:98) ~[dubbo-2.6.4.jar:2.6.4]
	at com.alibaba.dubbo.qos.protocol.QosProtocolWrapper.export(QosProtocolWrapper.java:60) ~[dubbo-2.6.4.jar:2.6.4]
	at com.alibaba.dubbo.rpc.Protocol$Adaptive.export(Protocol$Adaptive.java) ~[dubbo-2.6.4.jar:2.6.4]
	at com.alibaba.dubbo.config.ServiceConfig.doExportUrlsFor1Protocol(ServiceConfig.java:513) ~[dubbo-2.6.4.jar:2.6.4]
	at com.alibaba.dubbo.config.ServiceConfig.doExportUrls(ServiceConfig.java:358) ~[dubbo-2.6.4.jar:2.6.4]
	at com.alibaba.dubbo.config.ServiceConfig.doExport(ServiceConfig.java:317) ~[dubbo-2.6.4.jar:2.6.4]
	at com.alibaba.dubbo.config.ServiceConfig.export(ServiceConfig.java:216) ~[dubbo-2.6.4.jar:2.6.4]
	at com.alibaba.dubbo.config.spring.ServiceBean.onApplicationEvent(ServiceBean.java:123) ~[dubbo-2.6.4.jar:2.6.4]
	at com.alibaba.dubbo.config.spring.ServiceBean.onApplicationEvent(ServiceBean.java:49) ~[dubbo-2.6.4.jar:2.6.4]
	at org.springframework.context.event.SimpleApplicationEventMulticaster.doInvokeListener(SimpleApplicationEventMulticaster.java:172) ~[spring-context-5.1.2.RELEASE.jar:5.1.2.RELEASE]
	at org.springframework.context.event.SimpleApplicationEventMulticaster.invokeListener(SimpleApplicationEventMulticaster.java:165) ~[spring-context-5.1.2.RELEASE.jar:5.1.2.RELEASE]
	at org.springframework.context.event.SimpleApplicationEventMulticaster.multicastEvent(SimpleApplicationEventMulticaster.java:139) ~[spring-context-5.1.2.RELEASE.jar:5.1.2.RELEASE]
	at org.springframework.context.support.AbstractApplicationContext.publishEvent(AbstractApplicationContext.java:398) ~[spring-context-5.1.2.RELEASE.jar:5.1.2.RELEASE]
	at org.springframework.context.support.AbstractApplicationContext.publishEvent(AbstractApplicationContext.java:355) ~[spring-context-5.1.2.RELEASE.jar:5.1.2.RELEASE]
	at org.springframework.context.support.AbstractApplicationContext.finishRefresh(AbstractApplicationContext.java:882) ~[spring-context-5.1.2.RELEASE.jar:5.1.2.RELEASE]
	at org.springframework.context.support.AbstractApplicationContext.refresh(AbstractApplicationContext.java:549) ~[spring-context-5.1.2.RELEASE.jar:5.1.2.RELEASE]
	at org.springframework.boot.SpringApplication.refresh(SpringApplication.java:775) ~[spring-boot-2.1.0.RELEASE.jar:2.1.0.RELEASE]
	at org.springframework.boot.SpringApplication.refreshContext(SpringApplication.java:397) ~[spring-boot-2.1.0.RELEASE.jar:2.1.0.RELEASE]
	at org.springframework.boot.SpringApplication.run(SpringApplication.java:316) ~[spring-boot-2.1.0.RELEASE.jar:2.1.0.RELEASE]
	at org.springframework.boot.test.context.SpringBootContextLoader.loadContext(SpringBootContextLoader.java:127) [spring-boot-test-2.1.0.RELEASE.jar:2.1.0.RELEASE]
	at org.springframework.test.context.cache.DefaultCacheAwareContextLoaderDelegate.loadContextInternal(DefaultCacheAwareContextLoaderDelegate.java:99) [spring-test-5.1.2.RELEASE.jar:5.1.2.RELEASE]
	at org.springframework.test.context.cache.DefaultCacheAwareContextLoaderDelegate.loadContext(DefaultCacheAwareContextLoaderDelegate.java:117) [spring-test-5.1.2.RELEASE.jar:5.1.2.RELEASE]
	at org.springframework.test.context.support.DefaultTestContext.getApplicationContext(DefaultTestContext.java:108) [spring-test-5.1.2.RELEASE.jar:5.1.2.RELEASE]
	at org.springframework.boot.test.autoconfigure.SpringBootDependencyInjectionTestExecutionListener.outputConditionEvaluationReport(SpringBootDependencyInjectionTestExecutionListener.java:54) [spring-boot-test-autoconfigure-2.1.0.RELEASE.jar:2.1.0.RELEASE]
	at org.springframework.boot.test.autoconfigure.SpringBootDependencyInjectionTestExecutionListener.prepareTestInstance(SpringBootDependencyInjectionTestExecutionListener.java:47) [spring-boot-test-autoconfigure-2.1.0.RELEASE.jar:2.1.0.RELEASE]
	at org.springframework.test.context.TestContextManager.prepareTestInstance(TestContextManager.java:246) [spring-test-5.1.2.RELEASE.jar:5.1.2.RELEASE]
	at org.springframework.test.context.junit4.SpringJUnit4ClassRunner.createTest(SpringJUnit4ClassRunner.java:227) [spring-test-5.1.2.RELEASE.jar:5.1.2.RELEASE]
	at org.springframework.test.context.junit4.SpringJUnit4ClassRunner$1.runReflectiveCall(SpringJUnit4ClassRunner.java:289) [spring-test-5.1.2.RELEASE.jar:5.1.2.RELEASE]
	at org.junit.internal.runners.model.ReflectiveCallable.run(ReflectiveCallable.java:12) [junit-4.12.jar:4.12]
	at org.springframework.test.context.junit4.SpringJUnit4ClassRunner.methodBlock(SpringJUnit4ClassRunner.java:291) [spring-test-5.1.2.RELEASE.jar:5.1.2.RELEASE]
	at org.springframework.test.context.junit4.SpringJUnit4ClassRunner.runChild(SpringJUnit4ClassRunner.java:246) [spring-test-5.1.2.RELEASE.jar:5.1.2.RELEASE]
	at org.springframework.test.context.junit4.SpringJUnit4ClassRunner.runChild(SpringJUnit4ClassRunner.java:97) [spring-test-5.1.2.RELEASE.jar:5.1.2.RELEASE]
	at org.junit.runners.ParentRunner$3.run(ParentRunner.java:290) [junit-4.12.jar:4.12]
	at org.junit.runners.ParentRunner$1.schedule(ParentRunner.java:71) [junit-4.12.jar:4.12]
	at org.junit.runners.ParentRunner.runChildren(ParentRunner.java:288) [junit-4.12.jar:4.12]
	at org.junit.runners.ParentRunner.access$000(ParentRunner.java:58) [junit-4.12.jar:4.12]
	at org.junit.runners.ParentRunner$2.evaluate(ParentRunner.java:268) [junit-4.12.jar:4.12]
	at org.springframework.test.context.junit4.statements.RunBeforeTestClassCallbacks.evaluate(RunBeforeTestClassCallbacks.java:61) [spring-test-5.1.2.RELEASE.jar:5.1.2.RELEASE]
	at org.springframework.test.context.junit4.statements.RunAfterTestClassCallbacks.evaluate(RunAfterTestClassCallbacks.java:70) [spring-test-5.1.2.RELEASE.jar:5.1.2.RELEASE]
	at org.junit.runners.ParentRunner.run(ParentRunner.java:363) [junit-4.12.jar:4.12]
	at org.springframework.test.context.junit4.SpringJUnit4ClassRunner.run(SpringJUnit4ClassRunner.java:190) [spring-test-5.1.2.RELEASE.jar:5.1.2.RELEASE]
	at org.apache.maven.surefire.junit4.JUnit4Provider.execute(JUnit4Provider.java:365) [surefire-junit4-2.22.1.jar:2.22.1]
	at org.apache.maven.surefire.junit4.JUnit4Provider.executeWithRerun(JUnit4Provider.java:273) [surefire-junit4-2.22.1.jar:2.22.1]
	at org.apache.maven.surefire.junit4.JUnit4Provider.executeTestSet(JUnit4Provider.java:238) [surefire-junit4-2.22.1.jar:2.22.1]
	at org.apache.maven.surefire.junit4.JUnit4Provider.invoke(JUnit4Provider.java:159) [surefire-junit4-2.22.1.jar:2.22.1]
	at org.apache.maven.surefire.booter.ForkedBooter.invokeProviderInSameClassLoader(ForkedBooter.java:384) [surefire-booter-2.22.1.jar:2.22.1]
	at org.apache.maven.surefire.booter.ForkedBooter.runSuitesInProcess(ForkedBooter.java:345) [surefire-booter-2.22.1.jar:2.22.1]
	at org.apache.maven.surefire.booter.ForkedBooter.execute(ForkedBooter.java:126) [surefire-booter-2.22.1.jar:2.22.1]
	at org.apache.maven.surefire.booter.ForkedBooter.main(ForkedBooter.java:418) [surefire-booter-2.22.1.jar:2.22.1]
Caused by: com.alibaba.dubbo.rpc.RpcException: Failed to register dubbo://169.254.69.120:20880/com.tanhua.dubbo.server.api.QuanZiApi?anyhost=true&application=dubbo-provider-tanhua&dubbo=2.0.2&generic=false&interface=com.tanhua.dubbo.server.api.QuanZiApi&methods=savePublish,saveLikeComment,saveLoveComment,saveComment,queryPublishById,queryCommentList,queryCommentCount,queryPublishList,removeComment&pid=6484&revision=1.0-SNAPSHOT&side=provider&timestamp=1610416787772&version=1.0.0 to zookeeper zookeeper://192.168.247.131:2181/com.alibaba.dubbo.registry.RegistryService?application=dubbo-provider-tanhua&client=zkclient&dubbo=2.0.2&interface=com.alibaba.dubbo.registry.RegistryService&pid=6484&timestamp=1610416750866, cause: Zookeeper is not connected yet!
	at com.alibaba.dubbo.registry.zookeeper.ZookeeperRegistry.doRegister(ZookeeperRegistry.java:116) ~[dubbo-2.6.4.jar:2.6.4]
	at com.alibaba.dubbo.registry.support.FailbackRegistry.register(FailbackRegistry.java:137) ~[dubbo-2.6.4.jar:2.6.4]
	... 52 common frames omitted
Caused by: java.lang.IllegalStateException: Zookeeper is not connected yet!
	at com.alibaba.dubbo.remoting.zookeeper.zkclient.ZkClientWrapper.createPersistent(ZkClientWrapper.java:98) ~[dubbo-2.6.4.jar:2.6.4]
	at com.alibaba.dubbo.remoting.zookeeper.zkclient.ZkclientZookeeperClient.createPersistent(ZkclientZookeeperClient.java:64) ~[dubbo-2.6.4.jar:2.6.4]
	at com.alibaba.dubbo.remoting.zookeeper.support.AbstractZookeeperClient.create(AbstractZookeeperClient.java:67) ~[dubbo-2.6.4.jar:2.6.4]
	at com.alibaba.dubbo.remoting.zookeeper.support.AbstractZookeeperClient.create(AbstractZookeeperClient.java:62) ~[dubbo-2.6.4.jar:2.6.4]
	at com.alibaba.dubbo.remoting.zookeeper.support.AbstractZookeeperClient.create(AbstractZookeeperClient.java:62) ~[dubbo-2.6.4.jar:2.6.4]
	at com.alibaba.dubbo.remoting.zookeeper.support.AbstractZookeeperClient.create(AbstractZookeeperClient.java:62) ~[dubbo-2.6.4.jar:2.6.4]
	at com.alibaba.dubbo.registry.zookeeper.ZookeeperRegistry.doRegister(ZookeeperRegistry.java:114) ~[dubbo-2.6.4.jar:2.6.4]
	... 53 common frames omitted

2021-01-12 09:59:47.777  INFO 6484 --- [           main] org.mongodb.driver.connection            : Closed connection [connectionId{localValue:20, serverValue:54}] to 192.168.247.131:27017 because the pool has been closed.
2021-01-12 09:59:47.778  INFO 6484 --- [           main] f.a.ReferenceAnnotationBeanPostProcessor : class com.alibaba.dubbo.config.spring.beans.factory.annotation.ReferenceAnnotationBeanPostProcessor was destroying!
2021-01-12 09:59:47.779 ERROR 6484 --- [           main] o.s.test.context.TestContextManager      : Caught exception while allowing TestExecutionListener [org.springframework.boot.test.autoconfigure.SpringBootDependencyInjectionTestExecutionListener@5f366587] to prepare test instance [com.tanhua.dubbo.server.api.TestRecommendUserApi@23310248]

java.lang.IllegalStateException: Failed to load ApplicationContext
	at org.springframework.test.context.cache.DefaultCacheAwareContextLoaderDelegate.loadContext(DefaultCacheAwareContextLoaderDelegate.java:125) ~[spring-test-5.1.2.RELEASE.jar:5.1.2.RELEASE]
	at org.springframework.test.context.support.DefaultTestContext.getApplicationContext(DefaultTestContext.java:108) ~[spring-test-5.1.2.RELEASE.jar:5.1.2.RELEASE]
	at org.springframework.test.context.support.DependencyInjectionTestExecutionListener.injectDependencies(DependencyInjectionTestExecutionListener.java:118) ~[spring-test-5.1.2.RELEASE.jar:5.1.2.RELEASE]
	at org.springframework.test.context.support.DependencyInjectionTestExecutionListener.prepareTestInstance(DependencyInjectionTestExecutionListener.java:83) ~[spring-test-5.1.2.RELEASE.jar:5.1.2.RELEASE]
	at org.springframework.boot.test.autoconfigure.SpringBootDependencyInjectionTestExecutionListener.prepareTestInstance(SpringBootDependencyInjectionTestExecutionListener.java:44) ~[spring-boot-test-autoconfigure-2.1.0.RELEASE.jar:2.1.0.RELEASE]
	at org.springframework.test.context.TestContextManager.prepareTestInstance(TestContextManager.java:246) ~[spring-test-5.1.2.RELEASE.jar:5.1.2.RELEASE]
	at org.springframework.test.context.junit4.SpringJUnit4ClassRunner.createTest(SpringJUnit4ClassRunner.java:227) [spring-test-5.1.2.RELEASE.jar:5.1.2.RELEASE]
	at org.springframework.test.context.junit4.SpringJUnit4ClassRunner$1.runReflectiveCall(SpringJUnit4ClassRunner.java:289) [spring-test-5.1.2.RELEASE.jar:5.1.2.RELEASE]
	at org.junit.internal.runners.model.ReflectiveCallable.run(ReflectiveCallable.java:12) [junit-4.12.jar:4.12]
	at org.springframework.test.context.junit4.SpringJUnit4ClassRunner.methodBlock(SpringJUnit4ClassRunner.java:291) [spring-test-5.1.2.RELEASE.jar:5.1.2.RELEASE]
	at org.springframework.test.context.junit4.SpringJUnit4ClassRunner.runChild(SpringJUnit4ClassRunner.java:246) [spring-test-5.1.2.RELEASE.jar:5.1.2.RELEASE]
	at org.springframework.test.context.junit4.SpringJUnit4ClassRunner.runChild(SpringJUnit4ClassRunner.java:97) [spring-test-5.1.2.RELEASE.jar:5.1.2.RELEASE]
	at org.junit.runners.ParentRunner$3.run(ParentRunner.java:290) [junit-4.12.jar:4.12]
	at org.junit.runners.ParentRunner$1.schedule(ParentRunner.java:71) [junit-4.12.jar:4.12]
	at org.junit.runners.ParentRunner.runChildren(ParentRunner.java:288) [junit-4.12.jar:4.12]
	at org.junit.runners.ParentRunner.access$000(ParentRunner.java:58) [junit-4.12.jar:4.12]
	at org.junit.runners.ParentRunner$2.evaluate(ParentRunner.java:268) [junit-4.12.jar:4.12]
	at org.springframework.test.context.junit4.statements.RunBeforeTestClassCallbacks.evaluate(RunBeforeTestClassCallbacks.java:61) [spring-test-5.1.2.RELEASE.jar:5.1.2.RELEASE]
	at org.springframework.test.context.junit4.statements.RunAfterTestClassCallbacks.evaluate(RunAfterTestClassCallbacks.java:70) [spring-test-5.1.2.RELEASE.jar:5.1.2.RELEASE]
	at org.junit.runners.ParentRunner.run(ParentRunner.java:363) [junit-4.12.jar:4.12]
	at org.springframework.test.context.junit4.SpringJUnit4ClassRunner.run(SpringJUnit4ClassRunner.java:190) [spring-test-5.1.2.RELEASE.jar:5.1.2.RELEASE]
	at org.apache.maven.surefire.junit4.JUnit4Provider.execute(JUnit4Provider.java:365) [surefire-junit4-2.22.1.jar:2.22.1]
	at org.apache.maven.surefire.junit4.JUnit4Provider.executeWithRerun(JUnit4Provider.java:273) [surefire-junit4-2.22.1.jar:2.22.1]
	at org.apache.maven.surefire.junit4.JUnit4Provider.executeTestSet(JUnit4Provider.java:238) [surefire-junit4-2.22.1.jar:2.22.1]
	at org.apache.maven.surefire.junit4.JUnit4Provider.invoke(JUnit4Provider.java:159) [surefire-junit4-2.22.1.jar:2.22.1]
	at org.apache.maven.surefire.booter.ForkedBooter.invokeProviderInSameClassLoader(ForkedBooter.java:384) [surefire-booter-2.22.1.jar:2.22.1]
	at org.apache.maven.surefire.booter.ForkedBooter.runSuitesInProcess(ForkedBooter.java:345) [surefire-booter-2.22.1.jar:2.22.1]
	at org.apache.maven.surefire.booter.ForkedBooter.execute(ForkedBooter.java:126) [surefire-booter-2.22.1.jar:2.22.1]
	at org.apache.maven.surefire.booter.ForkedBooter.main(ForkedBooter.java:418) [surefire-booter-2.22.1.jar:2.22.1]
Caused by: java.lang.IllegalStateException: Failed to register dubbo://169.254.69.120:20880/com.tanhua.dubbo.server.api.QuanZiApi?anyhost=true&application=dubbo-provider-tanhua&dubbo=2.0.2&generic=false&interface=com.tanhua.dubbo.server.api.QuanZiApi&methods=savePublish,saveLikeComment,saveLoveComment,saveComment,queryPublishById,queryCommentList,queryCommentCount,queryPublishList,removeComment&pid=6484&revision=1.0-SNAPSHOT&side=provider&timestamp=1610416787355&version=1.0.0 to registry 192.168.247.131:2181, cause: Failed to register dubbo://169.254.69.120:20880/com.tanhua.dubbo.server.api.QuanZiApi?anyhost=true&application=dubbo-provider-tanhua&dubbo=2.0.2&generic=false&interface=com.tanhua.dubbo.server.api.QuanZiApi&methods=savePublish,saveLikeComment,saveLoveComment,saveComment,queryPublishById,queryCommentList,queryCommentCount,queryPublishList,removeComment&pid=6484&revision=1.0-SNAPSHOT&side=provider&timestamp=1610416787355&version=1.0.0 to zookeeper zookeeper://192.168.247.131:2181/com.alibaba.dubbo.registry.RegistryService?application=dubbo-provider-tanhua&client=zkclient&dubbo=2.0.2&interface=com.alibaba.dubbo.registry.RegistryService&pid=6484&timestamp=1610416750866, cause: Zookeeper is not connected yet!
	at com.alibaba.dubbo.registry.support.FailbackRegistry.register(FailbackRegistry.java:150) ~[dubbo-2.6.4.jar:2.6.4]
	at com.alibaba.dubbo.registry.integration.RegistryProtocol.register(RegistryProtocol.java:126) ~[dubbo-2.6.4.jar:2.6.4]
	at com.alibaba.dubbo.registry.integration.RegistryProtocol.export(RegistryProtocol.java:146) ~[dubbo-2.6.4.jar:2.6.4]
	at com.alibaba.dubbo.rpc.protocol.ProtocolListenerWrapper.export(ProtocolListenerWrapper.java:55) ~[dubbo-2.6.4.jar:2.6.4]
	at com.alibaba.dubbo.rpc.protocol.ProtocolFilterWrapper.export(ProtocolFilterWrapper.java:98) ~[dubbo-2.6.4.jar:2.6.4]
	at com.alibaba.dubbo.qos.protocol.QosProtocolWrapper.export(QosProtocolWrapper.java:60) ~[dubbo-2.6.4.jar:2.6.4]
	at com.alibaba.dubbo.rpc.Protocol$Adaptive.export(Protocol$Adaptive.java) ~[dubbo-2.6.4.jar:2.6.4]
	at com.alibaba.dubbo.config.ServiceConfig.doExportUrlsFor1Protocol(ServiceConfig.java:513) ~[dubbo-2.6.4.jar:2.6.4]
	at com.alibaba.dubbo.config.ServiceConfig.doExportUrls(ServiceConfig.java:358) ~[dubbo-2.6.4.jar:2.6.4]
	at com.alibaba.dubbo.config.ServiceConfig.doExport(ServiceConfig.java:317) ~[dubbo-2.6.4.jar:2.6.4]
	at com.alibaba.dubbo.config.ServiceConfig.export(ServiceConfig.java:216) ~[dubbo-2.6.4.jar:2.6.4]
	at com.alibaba.dubbo.config.spring.ServiceBean.onApplicationEvent(ServiceBean.java:123) ~[dubbo-2.6.4.jar:2.6.4]
	at com.alibaba.dubbo.config.spring.ServiceBean.onApplicationEvent(ServiceBean.java:49) ~[dubbo-2.6.4.jar:2.6.4]
	at org.springframework.context.event.SimpleApplicationEventMulticaster.doInvokeListener(SimpleApplicationEventMulticaster.java:172) ~[spring-context-5.1.2.RELEASE.jar:5.1.2.RELEASE]
	at org.springframework.context.event.SimpleApplicationEventMulticaster.invokeListener(SimpleApplicationEventMulticaster.java:165) ~[spring-context-5.1.2.RELEASE.jar:5.1.2.RELEASE]
	at org.springframework.context.event.SimpleApplicationEventMulticaster.multicastEvent(SimpleApplicationEventMulticaster.java:139) ~[spring-context-5.1.2.RELEASE.jar:5.1.2.RELEASE]
	at org.springframework.context.support.AbstractApplicationContext.publishEvent(AbstractApplicationContext.java:398) ~[spring-context-5.1.2.RELEASE.jar:5.1.2.RELEASE]
	at org.springframework.context.support.AbstractApplicationContext.publishEvent(AbstractApplicationContext.java:355) ~[spring-context-5.1.2.RELEASE.jar:5.1.2.RELEASE]
	at org.springframework.context.support.AbstractApplicationContext.finishRefresh(AbstractApplicationContext.java:882) ~[spring-context-5.1.2.RELEASE.jar:5.1.2.RELEASE]
	at org.springframework.context.support.AbstractApplicationContext.refresh(AbstractApplicationContext.java:549) ~[spring-context-5.1.2.RELEASE.jar:5.1.2.RELEASE]
	at org.springframework.boot.SpringApplication.refresh(SpringApplication.java:775) ~[spring-boot-2.1.0.RELEASE.jar:2.1.0.RELEASE]
	at org.springframework.boot.SpringApplication.refreshContext(SpringApplication.java:397) ~[spring-boot-2.1.0.RELEASE.jar:2.1.0.RELEASE]
	at org.springframework.boot.SpringApplication.run(SpringApplication.java:316) ~[spring-boot-2.1.0.RELEASE.jar:2.1.0.RELEASE]
	at org.springframework.boot.test.context.SpringBootContextLoader.loadContext(SpringBootContextLoader.java:127) ~[spring-boot-test-2.1.0.RELEASE.jar:2.1.0.RELEASE]
	at org.springframework.test.context.cache.DefaultCacheAwareContextLoaderDelegate.loadContextInternal(DefaultCacheAwareContextLoaderDelegate.java:99) ~[spring-test-5.1.2.RELEASE.jar:5.1.2.RELEASE]
	at org.springframework.test.context.cache.DefaultCacheAwareContextLoaderDelegate.loadContext(DefaultCacheAwareContextLoaderDelegate.java:117) ~[spring-test-5.1.2.RELEASE.jar:5.1.2.RELEASE]
	... 28 common frames omitted
Caused by: com.alibaba.dubbo.rpc.RpcException: Failed to register dubbo://169.254.69.120:20880/com.tanhua.dubbo.server.api.QuanZiApi?anyhost=true&application=dubbo-provider-tanhua&dubbo=2.0.2&generic=false&interface=com.tanhua.dubbo.server.api.QuanZiApi&methods=savePublish,saveLikeComment,saveLoveComment,saveComment,queryPublishById,queryCommentList,queryCommentCount,queryPublishList,removeComment&pid=6484&revision=1.0-SNAPSHOT&side=provider&timestamp=1610416787355&version=1.0.0 to zookeeper zookeeper://192.168.247.131:2181/com.alibaba.dubbo.registry.RegistryService?application=dubbo-provider-tanhua&client=zkclient&dubbo=2.0.2&interface=com.alibaba.dubbo.registry.RegistryService&pid=6484&timestamp=1610416750866, cause: Zookeeper is not connected yet!
	at com.alibaba.dubbo.registry.zookeeper.ZookeeperRegistry.doRegister(ZookeeperRegistry.java:116) ~[dubbo-2.6.4.jar:2.6.4]
	at com.alibaba.dubbo.registry.support.FailbackRegistry.register(FailbackRegistry.java:137) ~[dubbo-2.6.4.jar:2.6.4]
	... 53 common frames omitted
Caused by: java.lang.IllegalStateException: Zookeeper is not connected yet!
	at com.alibaba.dubbo.remoting.zookeeper.zkclient.ZkClientWrapper.createPersistent(ZkClientWrapper.java:98) ~[dubbo-2.6.4.jar:2.6.4]
	at com.alibaba.dubbo.remoting.zookeeper.zkclient.ZkclientZookeeperClient.createPersistent(ZkclientZookeeperClient.java:64) ~[dubbo-2.6.4.jar:2.6.4]
	at com.alibaba.dubbo.remoting.zookeeper.support.AbstractZookeeperClient.create(AbstractZookeeperClient.java:67) ~[dubbo-2.6.4.jar:2.6.4]
	at com.alibaba.dubbo.remoting.zookeeper.support.AbstractZookeeperClient.create(AbstractZookeeperClient.java:62) ~[dubbo-2.6.4.jar:2.6.4]
	at com.alibaba.dubbo.remoting.zookeeper.support.AbstractZookeeperClient.create(AbstractZookeeperClient.java:62) ~[dubbo-2.6.4.jar:2.6.4]
	at com.alibaba.dubbo.remoting.zookeeper.support.AbstractZookeeperClient.create(AbstractZookeeperClient.java:62) ~[dubbo-2.6.4.jar:2.6.4]
	at com.alibaba.dubbo.registry.zookeeper.ZookeeperRegistry.doRegister(ZookeeperRegistry.java:114) ~[dubbo-2.6.4.jar:2.6.4]
	... 54 common frames omitted

]]></system-out>
  </testcase>
  <testcase name="testList" classname="com.tanhua.dubbo.server.api.TestRecommendUserApi" time="0">
    <error message="Failed to load ApplicationContext" type="java.lang.IllegalStateException"><![CDATA[java.lang.IllegalStateException: Failed to load ApplicationContext
Caused by: java.lang.IllegalStateException: Failed to register dubbo://169.254.69.120:20880/com.tanhua.dubbo.server.api.QuanZiApi?anyhost=true&application=dubbo-provider-tanhua&dubbo=2.0.2&generic=false&interface=com.tanhua.dubbo.server.api.QuanZiApi&methods=savePublish,saveLikeComment,saveLoveComment,saveComment,queryPublishById,queryCommentList,queryCommentCount,queryPublishList,removeComment&pid=6484&revision=1.0-SNAPSHOT&side=provider&timestamp=1610416788100&version=1.0.0 to registry 192.168.247.131:2181, cause: Failed to register dubbo://169.254.69.120:20880/com.tanhua.dubbo.server.api.QuanZiApi?anyhost=true&application=dubbo-provider-tanhua&dubbo=2.0.2&generic=false&interface=com.tanhua.dubbo.server.api.QuanZiApi&methods=savePublish,saveLikeComment,saveLoveComment,saveComment,queryPublishById,queryCommentList,queryCommentCount,queryPublishList,removeComment&pid=6484&revision=1.0-SNAPSHOT&side=provider&timestamp=1610416788100&version=1.0.0 to zookeeper zookeeper://192.168.247.131:2181/com.alibaba.dubbo.registry.RegistryService?application=dubbo-provider-tanhua&client=zkclient&dubbo=2.0.2&interface=com.alibaba.dubbo.registry.RegistryService&pid=6484&timestamp=1610416750866, cause: Zookeeper is not connected yet!
Caused by: com.alibaba.dubbo.rpc.RpcException: Failed to register dubbo://169.254.69.120:20880/com.tanhua.dubbo.server.api.QuanZiApi?anyhost=true&application=dubbo-provider-tanhua&dubbo=2.0.2&generic=false&interface=com.tanhua.dubbo.server.api.QuanZiApi&methods=savePublish,saveLikeComment,saveLoveComment,saveComment,queryPublishById,queryCommentList,queryCommentCount,queryPublishList,removeComment&pid=6484&revision=1.0-SNAPSHOT&side=provider&timestamp=1610416788100&version=1.0.0 to zookeeper zookeeper://192.168.247.131:2181/com.alibaba.dubbo.registry.RegistryService?application=dubbo-provider-tanhua&client=zkclient&dubbo=2.0.2&interface=com.alibaba.dubbo.registry.RegistryService&pid=6484&timestamp=1610416750866, cause: Zookeeper is not connected yet!
Caused by: java.lang.IllegalStateException: Zookeeper is not connected yet!
]]></error>
    <system-out><![CDATA[2021-01-12 09:59:47.796  INFO 6484 --- [           main] a.b.d.c.e.WelcomeLogoApplicationListener : 

 :: Dubbo Spring Boot (v0.2.0) : https://github.com/apache/incubator-dubbo-spring-boot-project
 :: Dubbo (v2.6.4) : https://github.com/apache/incubator-dubbo
 :: Google group : dev@dubbo.incubator.apache.org

2021-01-12 09:59:47.796  INFO 6484 --- [           main] e.OverrideDubboConfigApplicationListener : Dubbo Config was overridden by externalized configuration {dubbo.application.name=dubbo-provider-tanhua, dubbo.protocol.name=dubbo, dubbo.protocol.port=20880, dubbo.registry.address=zookeeper://192.168.247.131:2181, dubbo.registry.client=zkclient, dubbo.scan.basePackages=com.tanhua.dubbo.server}

  .   ____          _            __ _ _
 /\\ / ___'_ __ _ _(_)_ __  __ _ \ \ \ \
( ( )\___ | '_ | '_| | '_ \/ _` | \ \ \ \
 \\/  ___)| |_)| | | | | || (_| |  ) ) ) )
  '  |____| .__|_| |_|_| |_\__, | / / / /
 =========|_|==============|___/=/_/_/_/
 :: Spring Boot ::        (v2.1.0.RELEASE)

2021-01-12 09:59:47.801  INFO 6484 --- [           main] c.t.d.server.api.TestRecommendUserApi    : Starting TestRecommendUserApi on DESKTOP-A7UV77A with PID 6484 (started by Lenovo in E:\APP\my-tanhua\my-tanhua\my-tanhua-dubbo\my-tanhua-dubbo-service)
2021-01-12 09:59:47.802  INFO 6484 --- [           main] c.t.d.server.api.TestRecommendUserApi    : No active profile set, falling back to default profiles: default
2021-01-12 09:59:47.859  INFO 6484 --- [           main] .a.d.c.s.c.a.DubboConfigBindingRegistrar : The dubbo config bean definition [name : com.alibaba.dubbo.config.ApplicationConfig#0, class : com.alibaba.dubbo.config.ApplicationConfig] has been registered.
2021-01-12 09:59:47.859  INFO 6484 --- [           main] .a.d.c.s.c.a.DubboConfigBindingRegistrar : The BeanPostProcessor bean definition [com.alibaba.dubbo.config.spring.beans.factory.annotation.DubboConfigBindingBeanPostProcessor] for dubbo config bean [name : com.alibaba.dubbo.config.ApplicationConfig#0] has been registered.
2021-01-12 09:59:47.859  INFO 6484 --- [           main] .a.d.c.s.c.a.DubboConfigBindingRegistrar : The dubbo config bean definition [name : com.alibaba.dubbo.config.RegistryConfig#0, class : com.alibaba.dubbo.config.RegistryConfig] has been registered.
2021-01-12 09:59:47.859  INFO 6484 --- [           main] .a.d.c.s.c.a.DubboConfigBindingRegistrar : The BeanPostProcessor bean definition [com.alibaba.dubbo.config.spring.beans.factory.annotation.DubboConfigBindingBeanPostProcessor] for dubbo config bean [name : com.alibaba.dubbo.config.RegistryConfig#0] has been registered.
2021-01-12 09:59:47.860  INFO 6484 --- [           main] .a.d.c.s.c.a.DubboConfigBindingRegistrar : The dubbo config bean definition [name : com.alibaba.dubbo.config.ProtocolConfig#0, class : com.alibaba.dubbo.config.ProtocolConfig] has been registered.
2021-01-12 09:59:47.860  INFO 6484 --- [           main] .a.d.c.s.c.a.DubboConfigBindingRegistrar : The BeanPostProcessor bean definition [com.alibaba.dubbo.config.spring.beans.factory.annotation.DubboConfigBindingBeanPostProcessor] for dubbo config bean [name : com.alibaba.dubbo.config.ProtocolConfig#0] has been registered.
2021-01-12 09:59:47.866  INFO 6484 --- [           main] .s.d.r.c.RepositoryConfigurationDelegate : Bootstrapping Spring Data repositories in DEFAULT mode.
2021-01-12 09:59:47.870  INFO 6484 --- [           main] .s.d.r.c.RepositoryConfigurationDelegate : Finished Spring Data repository scanning in 4ms. Found 0 repository interfaces.
2021-01-12 09:59:47.883  INFO 6484 --- [           main] o.s.c.a.ConfigurationClassPostProcessor  : Cannot enhance @Configuration bean definition 'com.alibaba.boot.dubbo.autoconfigure.DubboAutoConfiguration' since its singleton instance has been created too early. The typical cause is a non-static @Bean method with a BeanDefinitionRegistryPostProcessor return type: Consider declaring such methods as 'static'.
2021-01-12 09:59:47.898  INFO 6484 --- [           main] trationDelegate$BeanPostProcessorChecker : Bean 'relaxedDubboConfigBinder' of type [com.alibaba.boot.dubbo.autoconfigure.RelaxedDubboConfigBinder] is not eligible for getting processed by all BeanPostProcessors (for example: not eligible for auto-proxying)
2021-01-12 09:59:47.899  INFO 6484 --- [           main] trationDelegate$BeanPostProcessorChecker : Bean 'relaxedDubboConfigBinder' of type [com.alibaba.boot.dubbo.autoconfigure.RelaxedDubboConfigBinder] is not eligible for getting processed by all BeanPostProcessors (for example: not eligible for auto-proxying)
2021-01-12 09:59:47.899  INFO 6484 --- [           main] trationDelegate$BeanPostProcessorChecker : Bean 'relaxedDubboConfigBinder' of type [com.alibaba.boot.dubbo.autoconfigure.RelaxedDubboConfigBinder] is not eligible for getting processed by all BeanPostProcessors (for example: not eligible for auto-proxying)
2021-01-12 09:59:47.909  INFO 6484 --- [           main] .f.a.DubboConfigBindingBeanPostProcessor : The properties of bean [name : com.alibaba.dubbo.config.ApplicationConfig#0] have been binding by prefix of configuration properties : dubbo.application
2021-01-12 09:59:47.913  INFO 6484 --- [           main] .f.a.DubboConfigBindingBeanPostProcessor : The properties of bean [name : com.alibaba.dubbo.config.RegistryConfig#0] have been binding by prefix of configuration properties : dubbo.registry
2021-01-12 09:59:47.920  INFO 6484 --- [           main] .f.a.DubboConfigBindingBeanPostProcessor : The properties of bean [name : com.alibaba.dubbo.config.ProtocolConfig#0] have been binding by prefix of configuration properties : dubbo.protocol
2021-01-12 09:59:47.934  INFO 6484 --- [           main] org.mongodb.driver.cluster               : Cluster created with settings {hosts=[192.168.247.131:27017], mode=SINGLE, requiredClusterType=UNKNOWN, serverSelectionTimeout='30000 ms', maxWaitQueueSize=500}
2021-01-12 09:59:47.938  INFO 6484 --- [8.247.131:27017] org.mongodb.driver.connection            : Opened connection [connectionId{localValue:21, serverValue:55}] to 192.168.247.131:27017
2021-01-12 09:59:47.940  INFO 6484 --- [8.247.131:27017] org.mongodb.driver.cluster               : Monitor thread successfully connected to server with description ServerDescription{address=192.168.247.131:27017, type=STANDALONE, state=CONNECTED, ok=true, version=ServerVersion{versionList=[4, 0, 3]}, minWireVersion=0, maxWireVersion=7, maxDocumentSize=16777216, logicalSessionTimeoutMinutes=30, roundTripTimeNanos=844200}
2021-01-12 09:59:47.986  INFO 6484 --- [           main] org.mongodb.driver.connection            : Opened connection [connectionId{localValue:22, serverValue:56}] to 192.168.247.131:27017
2021-01-12 09:59:48.103  INFO 6484 --- [           main] ConditionEvaluationReportLoggingListener : 

Error starting ApplicationContext. To display the conditions report re-run your application with 'debug' enabled.
2021-01-12 09:59:48.104 ERROR 6484 --- [           main] o.s.boot.SpringApplication               : Application run failed

java.lang.IllegalStateException: Failed to register dubbo://169.254.69.120:20880/com.tanhua.dubbo.server.api.QuanZiApi?anyhost=true&application=dubbo-provider-tanhua&dubbo=2.0.2&generic=false&interface=com.tanhua.dubbo.server.api.QuanZiApi&methods=savePublish,saveLikeComment,saveLoveComment,saveComment,queryPublishById,queryCommentList,queryCommentCount,queryPublishList,removeComment&pid=6484&revision=1.0-SNAPSHOT&side=provider&timestamp=1610416788100&version=1.0.0 to registry 192.168.247.131:2181, cause: Failed to register dubbo://169.254.69.120:20880/com.tanhua.dubbo.server.api.QuanZiApi?anyhost=true&application=dubbo-provider-tanhua&dubbo=2.0.2&generic=false&interface=com.tanhua.dubbo.server.api.QuanZiApi&methods=savePublish,saveLikeComment,saveLoveComment,saveComment,queryPublishById,queryCommentList,queryCommentCount,queryPublishList,removeComment&pid=6484&revision=1.0-SNAPSHOT&side=provider&timestamp=1610416788100&version=1.0.0 to zookeeper zookeeper://192.168.247.131:2181/com.alibaba.dubbo.registry.RegistryService?application=dubbo-provider-tanhua&client=zkclient&dubbo=2.0.2&interface=com.alibaba.dubbo.registry.RegistryService&pid=6484&timestamp=1610416750866, cause: Zookeeper is not connected yet!
	at com.alibaba.dubbo.registry.support.FailbackRegistry.register(FailbackRegistry.java:150) ~[dubbo-2.6.4.jar:2.6.4]
	at com.alibaba.dubbo.registry.integration.RegistryProtocol.register(RegistryProtocol.java:126) ~[dubbo-2.6.4.jar:2.6.4]
	at com.alibaba.dubbo.registry.integration.RegistryProtocol.export(RegistryProtocol.java:146) ~[dubbo-2.6.4.jar:2.6.4]
	at com.alibaba.dubbo.rpc.protocol.ProtocolListenerWrapper.export(ProtocolListenerWrapper.java:55) ~[dubbo-2.6.4.jar:2.6.4]
	at com.alibaba.dubbo.rpc.protocol.ProtocolFilterWrapper.export(ProtocolFilterWrapper.java:98) ~[dubbo-2.6.4.jar:2.6.4]
	at com.alibaba.dubbo.qos.protocol.QosProtocolWrapper.export(QosProtocolWrapper.java:60) ~[dubbo-2.6.4.jar:2.6.4]
	at com.alibaba.dubbo.rpc.Protocol$Adaptive.export(Protocol$Adaptive.java) ~[dubbo-2.6.4.jar:2.6.4]
	at com.alibaba.dubbo.config.ServiceConfig.doExportUrlsFor1Protocol(ServiceConfig.java:513) ~[dubbo-2.6.4.jar:2.6.4]
	at com.alibaba.dubbo.config.ServiceConfig.doExportUrls(ServiceConfig.java:358) ~[dubbo-2.6.4.jar:2.6.4]
	at com.alibaba.dubbo.config.ServiceConfig.doExport(ServiceConfig.java:317) ~[dubbo-2.6.4.jar:2.6.4]
	at com.alibaba.dubbo.config.ServiceConfig.export(ServiceConfig.java:216) ~[dubbo-2.6.4.jar:2.6.4]
	at com.alibaba.dubbo.config.spring.ServiceBean.onApplicationEvent(ServiceBean.java:123) ~[dubbo-2.6.4.jar:2.6.4]
	at com.alibaba.dubbo.config.spring.ServiceBean.onApplicationEvent(ServiceBean.java:49) ~[dubbo-2.6.4.jar:2.6.4]
	at org.springframework.context.event.SimpleApplicationEventMulticaster.doInvokeListener(SimpleApplicationEventMulticaster.java:172) ~[spring-context-5.1.2.RELEASE.jar:5.1.2.RELEASE]
	at org.springframework.context.event.SimpleApplicationEventMulticaster.invokeListener(SimpleApplicationEventMulticaster.java:165) ~[spring-context-5.1.2.RELEASE.jar:5.1.2.RELEASE]
	at org.springframework.context.event.SimpleApplicationEventMulticaster.multicastEvent(SimpleApplicationEventMulticaster.java:139) ~[spring-context-5.1.2.RELEASE.jar:5.1.2.RELEASE]
	at org.springframework.context.support.AbstractApplicationContext.publishEvent(AbstractApplicationContext.java:398) ~[spring-context-5.1.2.RELEASE.jar:5.1.2.RELEASE]
	at org.springframework.context.support.AbstractApplicationContext.publishEvent(AbstractApplicationContext.java:355) ~[spring-context-5.1.2.RELEASE.jar:5.1.2.RELEASE]
	at org.springframework.context.support.AbstractApplicationContext.finishRefresh(AbstractApplicationContext.java:882) ~[spring-context-5.1.2.RELEASE.jar:5.1.2.RELEASE]
	at org.springframework.context.support.AbstractApplicationContext.refresh(AbstractApplicationContext.java:549) ~[spring-context-5.1.2.RELEASE.jar:5.1.2.RELEASE]
	at org.springframework.boot.SpringApplication.refresh(SpringApplication.java:775) ~[spring-boot-2.1.0.RELEASE.jar:2.1.0.RELEASE]
	at org.springframework.boot.SpringApplication.refreshContext(SpringApplication.java:397) ~[spring-boot-2.1.0.RELEASE.jar:2.1.0.RELEASE]
	at org.springframework.boot.SpringApplication.run(SpringApplication.java:316) ~[spring-boot-2.1.0.RELEASE.jar:2.1.0.RELEASE]
	at org.springframework.boot.test.context.SpringBootContextLoader.loadContext(SpringBootContextLoader.java:127) [spring-boot-test-2.1.0.RELEASE.jar:2.1.0.RELEASE]
	at org.springframework.test.context.cache.DefaultCacheAwareContextLoaderDelegate.loadContextInternal(DefaultCacheAwareContextLoaderDelegate.java:99) [spring-test-5.1.2.RELEASE.jar:5.1.2.RELEASE]
	at org.springframework.test.context.cache.DefaultCacheAwareContextLoaderDelegate.loadContext(DefaultCacheAwareContextLoaderDelegate.java:117) [spring-test-5.1.2.RELEASE.jar:5.1.2.RELEASE]
	at org.springframework.test.context.support.DefaultTestContext.getApplicationContext(DefaultTestContext.java:108) [spring-test-5.1.2.RELEASE.jar:5.1.2.RELEASE]
	at org.springframework.test.context.support.DependencyInjectionTestExecutionListener.injectDependencies(DependencyInjectionTestExecutionListener.java:118) [spring-test-5.1.2.RELEASE.jar:5.1.2.RELEASE]
	at org.springframework.test.context.support.DependencyInjectionTestExecutionListener.prepareTestInstance(DependencyInjectionTestExecutionListener.java:83) [spring-test-5.1.2.RELEASE.jar:5.1.2.RELEASE]
	at org.springframework.boot.test.autoconfigure.SpringBootDependencyInjectionTestExecutionListener.prepareTestInstance(SpringBootDependencyInjectionTestExecutionListener.java:44) [spring-boot-test-autoconfigure-2.1.0.RELEASE.jar:2.1.0.RELEASE]
	at org.springframework.test.context.TestContextManager.prepareTestInstance(TestContextManager.java:246) [spring-test-5.1.2.RELEASE.jar:5.1.2.RELEASE]
	at org.springframework.test.context.junit4.SpringJUnit4ClassRunner.createTest(SpringJUnit4ClassRunner.java:227) [spring-test-5.1.2.RELEASE.jar:5.1.2.RELEASE]
	at org.springframework.test.context.junit4.SpringJUnit4ClassRunner$1.runReflectiveCall(SpringJUnit4ClassRunner.java:289) [spring-test-5.1.2.RELEASE.jar:5.1.2.RELEASE]
	at org.junit.internal.runners.model.ReflectiveCallable.run(ReflectiveCallable.java:12) [junit-4.12.jar:4.12]
	at org.springframework.test.context.junit4.SpringJUnit4ClassRunner.methodBlock(SpringJUnit4ClassRunner.java:291) [spring-test-5.1.2.RELEASE.jar:5.1.2.RELEASE]
	at org.springframework.test.context.junit4.SpringJUnit4ClassRunner.runChild(SpringJUnit4ClassRunner.java:246) [spring-test-5.1.2.RELEASE.jar:5.1.2.RELEASE]
	at org.springframework.test.context.junit4.SpringJUnit4ClassRunner.runChild(SpringJUnit4ClassRunner.java:97) [spring-test-5.1.2.RELEASE.jar:5.1.2.RELEASE]
	at org.junit.runners.ParentRunner$3.run(ParentRunner.java:290) [junit-4.12.jar:4.12]
	at org.junit.runners.ParentRunner$1.schedule(ParentRunner.java:71) [junit-4.12.jar:4.12]
	at org.junit.runners.ParentRunner.runChildren(ParentRunner.java:288) [junit-4.12.jar:4.12]
	at org.junit.runners.ParentRunner.access$000(ParentRunner.java:58) [junit-4.12.jar:4.12]
	at org.junit.runners.ParentRunner$2.evaluate(ParentRunner.java:268) [junit-4.12.jar:4.12]
	at org.springframework.test.context.junit4.statements.RunBeforeTestClassCallbacks.evaluate(RunBeforeTestClassCallbacks.java:61) [spring-test-5.1.2.RELEASE.jar:5.1.2.RELEASE]
	at org.springframework.test.context.junit4.statements.RunAfterTestClassCallbacks.evaluate(RunAfterTestClassCallbacks.java:70) [spring-test-5.1.2.RELEASE.jar:5.1.2.RELEASE]
	at org.junit.runners.ParentRunner.run(ParentRunner.java:363) [junit-4.12.jar:4.12]
	at org.springframework.test.context.junit4.SpringJUnit4ClassRunner.run(SpringJUnit4ClassRunner.java:190) [spring-test-5.1.2.RELEASE.jar:5.1.2.RELEASE]
	at org.apache.maven.surefire.junit4.JUnit4Provider.execute(JUnit4Provider.java:365) [surefire-junit4-2.22.1.jar:2.22.1]
	at org.apache.maven.surefire.junit4.JUnit4Provider.executeWithRerun(JUnit4Provider.java:273) [surefire-junit4-2.22.1.jar:2.22.1]
	at org.apache.maven.surefire.junit4.JUnit4Provider.executeTestSet(JUnit4Provider.java:238) [surefire-junit4-2.22.1.jar:2.22.1]
	at org.apache.maven.surefire.junit4.JUnit4Provider.invoke(JUnit4Provider.java:159) [surefire-junit4-2.22.1.jar:2.22.1]
	at org.apache.maven.surefire.booter.ForkedBooter.invokeProviderInSameClassLoader(ForkedBooter.java:384) [surefire-booter-2.22.1.jar:2.22.1]
	at org.apache.maven.surefire.booter.ForkedBooter.runSuitesInProcess(ForkedBooter.java:345) [surefire-booter-2.22.1.jar:2.22.1]
	at org.apache.maven.surefire.booter.ForkedBooter.execute(ForkedBooter.java:126) [surefire-booter-2.22.1.jar:2.22.1]
	at org.apache.maven.surefire.booter.ForkedBooter.main(ForkedBooter.java:418) [surefire-booter-2.22.1.jar:2.22.1]
Caused by: com.alibaba.dubbo.rpc.RpcException: Failed to register dubbo://169.254.69.120:20880/com.tanhua.dubbo.server.api.QuanZiApi?anyhost=true&application=dubbo-provider-tanhua&dubbo=2.0.2&generic=false&interface=com.tanhua.dubbo.server.api.QuanZiApi&methods=savePublish,saveLikeComment,saveLoveComment,saveComment,queryPublishById,queryCommentList,queryCommentCount,queryPublishList,removeComment&pid=6484&revision=1.0-SNAPSHOT&side=provider&timestamp=1610416788100&version=1.0.0 to zookeeper zookeeper://192.168.247.131:2181/com.alibaba.dubbo.registry.RegistryService?application=dubbo-provider-tanhua&client=zkclient&dubbo=2.0.2&interface=com.alibaba.dubbo.registry.RegistryService&pid=6484&timestamp=1610416750866, cause: Zookeeper is not connected yet!
	at com.alibaba.dubbo.registry.zookeeper.ZookeeperRegistry.doRegister(ZookeeperRegistry.java:116) ~[dubbo-2.6.4.jar:2.6.4]
	at com.alibaba.dubbo.registry.support.FailbackRegistry.register(FailbackRegistry.java:137) ~[dubbo-2.6.4.jar:2.6.4]
	... 53 common frames omitted
Caused by: java.lang.IllegalStateException: Zookeeper is not connected yet!
	at com.alibaba.dubbo.remoting.zookeeper.zkclient.ZkClientWrapper.createPersistent(ZkClientWrapper.java:98) ~[dubbo-2.6.4.jar:2.6.4]
	at com.alibaba.dubbo.remoting.zookeeper.zkclient.ZkclientZookeeperClient.createPersistent(ZkclientZookeeperClient.java:64) ~[dubbo-2.6.4.jar:2.6.4]
	at com.alibaba.dubbo.remoting.zookeeper.support.AbstractZookeeperClient.create(AbstractZookeeperClient.java:67) ~[dubbo-2.6.4.jar:2.6.4]
	at com.alibaba.dubbo.remoting.zookeeper.support.AbstractZookeeperClient.create(AbstractZookeeperClient.java:62) ~[dubbo-2.6.4.jar:2.6.4]
	at com.alibaba.dubbo.remoting.zookeeper.support.AbstractZookeeperClient.create(AbstractZookeeperClient.java:62) ~[dubbo-2.6.4.jar:2.6.4]
	at com.alibaba.dubbo.remoting.zookeeper.support.AbstractZookeeperClient.create(AbstractZookeeperClient.java:62) ~[dubbo-2.6.4.jar:2.6.4]
	at com.alibaba.dubbo.registry.zookeeper.ZookeeperRegistry.doRegister(ZookeeperRegistry.java:114) ~[dubbo-2.6.4.jar:2.6.4]
	... 54 common frames omitted

2021-01-12 09:59:48.106  INFO 6484 --- [           main] org.mongodb.driver.connection            : Closed connection [connectionId{localValue:22, serverValue:56}] to 192.168.247.131:27017 because the pool has been closed.
2021-01-12 09:59:48.106  INFO 6484 --- [           main] f.a.ReferenceAnnotationBeanPostProcessor : class com.alibaba.dubbo.config.spring.beans.factory.annotation.ReferenceAnnotationBeanPostProcessor was destroying!
2021-01-12 09:59:48.125  INFO 6484 --- [           main] a.b.d.c.e.WelcomeLogoApplicationListener : 

 :: Dubbo Spring Boot (v0.2.0) : https://github.com/apache/incubator-dubbo-spring-boot-project
 :: Dubbo (v2.6.4) : https://github.com/apache/incubator-dubbo
 :: Google group : dev@dubbo.incubator.apache.org

2021-01-12 09:59:48.125  INFO 6484 --- [           main] e.OverrideDubboConfigApplicationListener : Dubbo Config was overridden by externalized configuration {dubbo.application.name=dubbo-provider-tanhua, dubbo.protocol.name=dubbo, dubbo.protocol.port=20880, dubbo.registry.address=zookeeper://192.168.247.131:2181, dubbo.registry.client=zkclient, dubbo.scan.basePackages=com.tanhua.dubbo.server}

  .   ____          _            __ _ _
 /\\ / ___'_ __ _ _(_)_ __  __ _ \ \ \ \
( ( )\___ | '_ | '_| | '_ \/ _` | \ \ \ \
 \\/  ___)| |_)| | | | | || (_| |  ) ) ) )
  '  |____| .__|_| |_|_| |_\__, | / / / /
 =========|_|==============|___/=/_/_/_/
 :: Spring Boot ::        (v2.1.0.RELEASE)

2021-01-12 09:59:48.131  INFO 6484 --- [           main] c.t.d.server.api.TestRecommendUserApi    : Starting TestRecommendUserApi on DESKTOP-A7UV77A with PID 6484 (started by Lenovo in E:\APP\my-tanhua\my-tanhua\my-tanhua-dubbo\my-tanhua-dubbo-service)
2021-01-12 09:59:48.131  INFO 6484 --- [           main] c.t.d.server.api.TestRecommendUserApi    : No active profile set, falling back to default profiles: default
2021-01-12 09:59:48.215  INFO 6484 --- [           main] .a.d.c.s.c.a.DubboConfigBindingRegistrar : The dubbo config bean definition [name : com.alibaba.dubbo.config.ApplicationConfig#0, class : com.alibaba.dubbo.config.ApplicationConfig] has been registered.
2021-01-12 09:59:48.215  INFO 6484 --- [           main] .a.d.c.s.c.a.DubboConfigBindingRegistrar : The BeanPostProcessor bean definition [com.alibaba.dubbo.config.spring.beans.factory.annotation.DubboConfigBindingBeanPostProcessor] for dubbo config bean [name : com.alibaba.dubbo.config.ApplicationConfig#0] has been registered.
2021-01-12 09:59:48.215  INFO 6484 --- [           main] .a.d.c.s.c.a.DubboConfigBindingRegistrar : The dubbo config bean definition [name : com.alibaba.dubbo.config.RegistryConfig#0, class : com.alibaba.dubbo.config.RegistryConfig] has been registered.
2021-01-12 09:59:48.215  INFO 6484 --- [           main] .a.d.c.s.c.a.DubboConfigBindingRegistrar : The BeanPostProcessor bean definition [com.alibaba.dubbo.config.spring.beans.factory.annotation.DubboConfigBindingBeanPostProcessor] for dubbo config bean [name : com.alibaba.dubbo.config.RegistryConfig#0] has been registered.
2021-01-12 09:59:48.215  INFO 6484 --- [           main] .a.d.c.s.c.a.DubboConfigBindingRegistrar : The dubbo config bean definition [name : com.alibaba.dubbo.config.ProtocolConfig#0, class : com.alibaba.dubbo.config.ProtocolConfig] has been registered.
2021-01-12 09:59:48.216  INFO 6484 --- [           main] .a.d.c.s.c.a.DubboConfigBindingRegistrar : The BeanPostProcessor bean definition [com.alibaba.dubbo.config.spring.beans.factory.annotation.DubboConfigBindingBeanPostProcessor] for dubbo config bean [name : com.alibaba.dubbo.config.ProtocolConfig#0] has been registered.
2021-01-12 09:59:48.223  INFO 6484 --- [           main] .s.d.r.c.RepositoryConfigurationDelegate : Bootstrapping Spring Data repositories in DEFAULT mode.
2021-01-12 09:59:48.228  INFO 6484 --- [           main] .s.d.r.c.RepositoryConfigurationDelegate : Finished Spring Data repository scanning in 5ms. Found 0 repository interfaces.
2021-01-12 09:59:48.241  INFO 6484 --- [           main] o.s.c.a.ConfigurationClassPostProcessor  : Cannot enhance @Configuration bean definition 'com.alibaba.boot.dubbo.autoconfigure.DubboAutoConfiguration' since its singleton instance has been created too early. The typical cause is a non-static @Bean method with a BeanDefinitionRegistryPostProcessor return type: Consider declaring such methods as 'static'.
2021-01-12 09:59:48.270  INFO 6484 --- [           main] trationDelegate$BeanPostProcessorChecker : Bean 'relaxedDubboConfigBinder' of type [com.alibaba.boot.dubbo.autoconfigure.RelaxedDubboConfigBinder] is not eligible for getting processed by all BeanPostProcessors (for example: not eligible for auto-proxying)
2021-01-12 09:59:48.271  INFO 6484 --- [           main] trationDelegate$BeanPostProcessorChecker : Bean 'relaxedDubboConfigBinder' of type [com.alibaba.boot.dubbo.autoconfigure.RelaxedDubboConfigBinder] is not eligible for getting processed by all BeanPostProcessors (for example: not eligible for auto-proxying)
2021-01-12 09:59:48.272  INFO 6484 --- [           main] trationDelegate$BeanPostProcessorChecker : Bean 'relaxedDubboConfigBinder' of type [com.alibaba.boot.dubbo.autoconfigure.RelaxedDubboConfigBinder] is not eligible for getting processed by all BeanPostProcessors (for example: not eligible for auto-proxying)
2021-01-12 09:59:48.281  INFO 6484 --- [           main] .f.a.DubboConfigBindingBeanPostProcessor : The properties of bean [name : com.alibaba.dubbo.config.ApplicationConfig#0] have been binding by prefix of configuration properties : dubbo.application
[...]
	at org.springframework.context.event.SimpleApplicationEventMulticaster.doInvokeListener(SimpleApplicationEventMulticaster.java:172) ~[spring-context-5.1.2.RELEASE.jar:5.1.2.RELEASE]
	at org.springframework.context.event.SimpleApplicationEventMulticaster.invokeListener(SimpleApplicationEventMulticaster.java:165) ~[spring-context-5.1.2.RELEASE.jar:5.1.2.RELEASE]
	at org.springframework.context.event.SimpleApplicationEventMulticaster.multicastEvent(SimpleApplicationEventMulticaster.java:139) ~[spring-context-5.1.2.RELEASE.jar:5.1.2.RELEASE]
	at org.springframework.context.support.AbstractApplicationContext.publishEvent(AbstractApplicationContext.java:398) ~[spring-context-5.1.2.RELEASE.jar:5.1.2.RELEASE]
	at org.springframework.context.support.AbstractApplicationContext.publishEvent(AbstractApplicationContext.java:355) ~[spring-context-5.1.2.RELEASE.jar:5.1.2.RELEASE]
	at org.springframework.context.support.AbstractApplicationContext.finishRefresh(AbstractApplicationContext.java:882) ~[spring-context-5.1.2.RELEASE.jar:5.1.2.RELEASE]
	at org.springframework.context.support.AbstractApplicationContext.refresh(AbstractApplicationContext.java:549) ~[spring-context-5.1.2.RELEASE.jar:5.1.2.RELEASE]
	at org.springframework.boot.SpringApplication.refresh(SpringApplication.java:775) ~[spring-boot-2.1.0.RELEASE.jar:2.1.0.RELEASE]
	at org.springframework.boot.SpringApplication.refreshContext(SpringApplication.java:397) ~[spring-boot-2.1.0.RELEASE.jar:2.1.0.RELEASE]
	at org.springframework.boot.SpringApplication.run(SpringApplication.java:316) ~[spring-boot-2.1.0.RELEASE.jar:2.1.0.RELEASE]
	at org.springframework.boot.test.context.SpringBootContextLoader.loadContext(SpringBootContextLoader.java:127) [spring-boot-test-2.1.0.RELEASE.jar:2.1.0.RELEASE]
	at org.springframework.test.context.cache.DefaultCacheAwareContextLoaderDelegate.loadContextInternal(DefaultCacheAwareContextLoaderDelegate.java:99) [spring-test-5.1.2.RELEASE.jar:5.1.2.RELEASE]
	at org.springframework.test.context.cache.DefaultCacheAwareContextLoaderDelegate.loadContext(DefaultCacheAwareContextLoaderDelegate.java:117) [spring-test-5.1.2.RELEASE.jar:5.1.2.RELEASE]
	at org.springframework.test.context.support.DefaultTestContext.getApplicationContext(DefaultTestContext.java:108) [spring-test-5.1.2.RELEASE.jar:5.1.2.RELEASE]
	at org.springframework.boot.test.autoconfigure.SpringBootDependencyInjectionTestExecutionListener.outputConditionEvaluationReport(SpringBootDependencyInjectionTestExecutionListener.java:54) [spring-boot-test-autoconfigure-2.1.0.RELEASE.jar:2.1.0.RELEASE]
	at org.springframework.boot.test.autoconfigure.SpringBootDependencyInjectionTestExecutionListener.prepareTestInstance(SpringBootDependencyInjectionTestExecutionListener.java:47) [spring-boot-test-autoconfigure-2.1.0.RELEASE.jar:2.1.0.RELEASE]
	at org.springframework.test.context.TestContextManager.prepareTestInstance(TestContextManager.java:246) [spring-test-5.1.2.RELEASE.jar:5.1.2.RELEASE]
	at org.springframework.test.context.junit4.SpringJUnit4ClassRunner.createTest(SpringJUnit4ClassRunner.java:227) [spring-test-5.1.2.RELEASE.jar:5.1.2.RELEASE]
	at org.springframework.test.context.junit4.SpringJUnit4ClassRunner$1.runReflectiveCall(SpringJUnit4ClassRunner.java:289) [spring-test-5.1.2.RELEASE.jar:5.1.2.RELEASE]
	at org.junit.internal.runners.model.ReflectiveCallable.run(ReflectiveCallable.java:12) [junit-4.12.jar:4.12]
	at org.springframework.test.context.junit4.SpringJUnit4ClassRunner.methodBlock(SpringJUnit4ClassRunner.java:291) [spring-test-5.1.2.RELEASE.jar:5.1.2.RELEASE]
	at org.springframework.test.context.junit4.SpringJUnit4ClassRunner.runChild(SpringJUnit4ClassRunner.java:246) [spring-test-5.1.2.RELEASE.jar:5.1.2.RELEASE]
	at org.springframework.test.context.junit4.SpringJUnit4ClassRunner.runChild(SpringJUnit4ClassRunner.java:97) [spring-test-5.1.2.RELEASE.jar:5.1.2.RELEASE]
	at org.junit.runners.ParentRunner$3.run(ParentRunner.java:290) [junit-4.12.jar:4.12]
	at org.junit.runners.ParentRunner$1.schedule(ParentRunner.java:71) [junit-4.12.jar:4.12]
	at org.junit.runners.ParentRunner.runChildren(ParentRunner.java:288) [junit-4.12.jar:4.12]
	at org.junit.runners.ParentRunner.access$000(ParentRunner.java:58) [junit-4.12.jar:4.12]
	at org.junit.runners.ParentRunner$2.evaluate(ParentRunner.java:268) [junit-4.12.jar:4.12]
	at org.springframework.test.context.junit4.statements.RunBeforeTestClassCallbacks.evaluate(RunBeforeTestClassCallbacks.java:61) [spring-test-5.1.2.RELEASE.jar:5.1.2.RELEASE]
	at org.springframework.test.context.junit4.statements.RunAfterTestClassCallbacks.evaluate(RunAfterTestClassCallbacks.java:70) [spring-test-5.1.2.RELEASE.jar:5.1.2.RELEASE]
	at org.junit.runners.ParentRunner.run(ParentRunner.java:363) [junit-4.12.jar:4.12]
	at org.springframework.test.context.junit4.SpringJUnit4ClassRunner.run(SpringJUnit4ClassRunner.java:190) [spring-test-5.1.2.RELEASE.jar:5.1.2.RELEASE]
	at org.apache.maven.surefire.junit4.JUnit4Provider.execute(JUnit4Provider.java:365) [surefire-junit4-2.22.1.jar:2.22.1]
	at org.apache.maven.surefire.junit4.JUnit4Provider.executeWithRerun(JUnit4Provider.java:273) [surefire-junit4-2.22.1.jar:2.22.1]
	at org.apache.maven.surefire.junit4.JUnit4Provider.executeTestSet(JUnit4Provider.java:238) [surefire-junit4-2.22.1.jar:2.22.1]
	at org.apache.maven.surefire.junit4.JUnit4Provider.invoke(JUnit4Provider.java:159) [surefire-junit4-2.22.1.jar:2.22.1]
	at org.apache.maven.surefire.booter.ForkedBooter.invokeProviderInSameClassLoader(ForkedBooter.java:384) [surefire-booter-2.22.1.jar:2.22.1]
	at org.apache.maven.surefire.booter.ForkedBooter.runSuitesInProcess(ForkedBooter.java:345) [surefire-booter-2.22.1.jar:2.22.1]
	at org.apache.maven.surefire.booter.ForkedBooter.execute(ForkedBooter.java:126) [surefire-booter-2.22.1.jar:2.22.1]
	at org.apache.maven.surefire.booter.ForkedBooter.main(ForkedBooter.java:418) [surefire-booter-2.22.1.jar:2.22.1]
Caused by: com.alibaba.dubbo.rpc.RpcException: Failed to register dubbo://169.254.69.120:20880/com.tanhua.dubbo.server.api.QuanZiApi?anyhost=true&application=dubbo-provider-tanhua&dubbo=2.0.2&generic=false&interface=com.tanhua.dubbo.server.api.QuanZiApi&methods=savePublish,saveLikeComment,saveLoveComment,saveComment,queryPublishById,queryCommentList,queryCommentCount,queryPublishList,removeComment&pid=6484&revision=1.0-SNAPSHOT&side=provider&timestamp=1610416788413&version=1.0.0 to zookeeper zookeeper://192.168.247.131:2181/com.alibaba.dubbo.registry.RegistryService?application=dubbo-provider-tanhua&client=zkclient&dubbo=2.0.2&interface=com.alibaba.dubbo.registry.RegistryService&pid=6484&timestamp=1610416750866, cause: Zookeeper is not connected yet!
	at com.alibaba.dubbo.registry.zookeeper.ZookeeperRegistry.doRegister(ZookeeperRegistry.java:116) ~[dubbo-2.6.4.jar:2.6.4]
	at com.alibaba.dubbo.registry.support.FailbackRegistry.register(FailbackRegistry.java:137) ~[dubbo-2.6.4.jar:2.6.4]
	... 52 common frames omitted
Caused by: java.lang.IllegalStateException: Zookeeper is not connected yet!
	at com.alibaba.dubbo.remoting.zookeeper.zkclient.ZkClientWrapper.createPersistent(ZkClientWrapper.java:98) ~[dubbo-2.6.4.jar:2.6.4]
	at com.alibaba.dubbo.remoting.zookeeper.zkclient.ZkclientZookeeperClient.createPersistent(ZkclientZookeeperClient.java:64) ~[dubbo-2.6.4.jar:2.6.4]
	at com.alibaba.dubbo.remoting.zookeeper.support.AbstractZookeeperClient.create(AbstractZookeeperClient.java:67) ~[dubbo-2.6.4.jar:2.6.4]
	at com.alibaba.dubbo.remoting.zookeeper.support.AbstractZookeeperClient.create(AbstractZookeeperClient.java:62) ~[dubbo-2.6.4.jar:2.6.4]
	at com.alibaba.dubbo.remoting.zookeeper.support.AbstractZookeeperClient.create(AbstractZookeeperClient.java:62) ~[dubbo-2.6.4.jar:2.6.4]
	at com.alibaba.dubbo.remoting.zookeeper.support.AbstractZookeeperClient.create(AbstractZookeeperClient.java:62) ~[dubbo-2.6.4.jar:2.6.4]
	at com.alibaba.dubbo.registry.zookeeper.ZookeeperRegistry.doRegister(ZookeeperRegistry.java:114) ~[dubbo-2.6.4.jar:2.6.4]
	... 53 common frames omitted

2021-01-12 09:59:48.419  INFO 6484 --- [           main] org.mongodb.driver.connection            : Closed connection [connectionId{localValue:24, serverValue:58}] to 192.168.247.131:27017 because the pool has been closed.
2021-01-12 09:59:48.420  INFO 6484 --- [           main] f.a.ReferenceAnnotationBeanPostProcessor : class com.alibaba.dubbo.config.spring.beans.factory.annotation.ReferenceAnnotationBeanPostProcessor was destroying!
2021-01-12 09:59:48.421 ERROR 6484 --- [           main] o.s.test.context.TestContextManager      : Caught exception while allowing TestExecutionListener [org.springframework.boot.test.autoconfigure.SpringBootDependencyInjectionTestExecutionListener@5f366587] to prepare test instance [com.tanhua.dubbo.server.api.TestRecommendUserApi@a0c5be]

java.lang.IllegalStateException: Failed to load ApplicationContext
	at org.springframework.test.context.cache.DefaultCacheAwareContextLoaderDelegate.loadContext(DefaultCacheAwareContextLoaderDelegate.java:125) ~[spring-test-5.1.2.RELEASE.jar:5.1.2.RELEASE]
	at org.springframework.test.context.support.DefaultTestContext.getApplicationContext(DefaultTestContext.java:108) ~[spring-test-5.1.2.RELEASE.jar:5.1.2.RELEASE]
	at org.springframework.test.context.support.DependencyInjectionTestExecutionListener.injectDependencies(DependencyInjectionTestExecutionListener.java:118) ~[spring-test-5.1.2.RELEASE.jar:5.1.2.RELEASE]
	at org.springframework.test.context.support.DependencyInjectionTestExecutionListener.prepareTestInstance(DependencyInjectionTestExecutionListener.java:83) ~[spring-test-5.1.2.RELEASE.jar:5.1.2.RELEASE]
	at org.springframework.boot.test.autoconfigure.SpringBootDependencyInjectionTestExecutionListener.prepareTestInstance(SpringBootDependencyInjectionTestExecutionListener.java:44) ~[spring-boot-test-autoconfigure-2.1.0.RELEASE.jar:2.1.0.RELEASE]
	at org.springframework.test.context.TestContextManager.prepareTestInstance(TestContextManager.java:246) ~[spring-test-5.1.2.RELEASE.jar:5.1.2.RELEASE]
	at org.springframework.test.context.junit4.SpringJUnit4ClassRunner.createTest(SpringJUnit4ClassRunner.java:227) [spring-test-5.1.2.RELEASE.jar:5.1.2.RELEASE]
	at org.springframework.test.context.junit4.SpringJUnit4ClassRunner$1.runReflectiveCall(SpringJUnit4ClassRunner.java:289) [spring-test-5.1.2.RELEASE.jar:5.1.2.RELEASE]
	at org.junit.internal.runners.model.ReflectiveCallable.run(ReflectiveCallable.java:12) [junit-4.12.jar:4.12]
	at org.springframework.test.context.junit4.SpringJUnit4ClassRunner.methodBlock(SpringJUnit4ClassRunner.java:291) [spring-test-5.1.2.RELEASE.jar:5.1.2.RELEASE]
	at org.springframework.test.context.junit4.SpringJUnit4ClassRunner.runChild(SpringJUnit4ClassRunner.java:246) [spring-test-5.1.2.RELEASE.jar:5.1.2.RELEASE]
	at org.springframework.test.context.junit4.SpringJUnit4ClassRunner.runChild(SpringJUnit4ClassRunner.java:97) [spring-test-5.1.2.RELEASE.jar:5.1.2.RELEASE]
	at org.junit.runners.ParentRunner$3.run(ParentRunner.java:290) [junit-4.12.jar:4.12]
	at org.junit.runners.ParentRunner$1.schedule(ParentRunner.java:71) [junit-4.12.jar:4.12]
	at org.junit.runners.ParentRunner.runChildren(ParentRunner.java:288) [junit-4.12.jar:4.12]
	at org.junit.runners.ParentRunner.access$000(ParentRunner.java:58) [junit-4.12.jar:4.12]
	at org.junit.runners.ParentRunner$2.evaluate(ParentRunner.java:268) [junit-4.12.jar:4.12]
	at org.springframework.test.context.junit4.statements.RunBeforeTestClassCallbacks.evaluate(RunBeforeTestClassCallbacks.java:61) [spring-test-5.1.2.RELEASE.jar:5.1.2.RELEASE]
	at org.springframework.test.context.junit4.statements.RunAfterTestClassCallbacks.evaluate(RunAfterTestClassCallbacks.java:70) [spring-test-5.1.2.RELEASE.jar:5.1.2.RELEASE]
	at org.junit.runners.ParentRunner.run(ParentRunner.java:363) [junit-4.12.jar:4.12]
	at org.springframework.test.context.junit4.SpringJUnit4ClassRunner.run(SpringJUnit4ClassRunner.java:190) [spring-test-5.1.2.RELEASE.jar:5.1.2.RELEASE]
	at org.apache.maven.surefire.junit4.JUnit4Provider.execute(JUnit4Provider.java:365) [surefire-junit4-2.22.1.jar:2.22.1]
	at org.apache.maven.surefire.junit4.JUnit4Provider.executeWithRerun(JUnit4Provider.java:273) [surefire-junit4-2.22.1.jar:2.22.1]
	at org.apache.maven.surefire.junit4.JUnit4Provider.executeTestSet(JUnit4Provider.java:238) [surefire-junit4-2.22.1.jar:2.22.1]
	at org.apache.maven.surefire.junit4.JUnit4Provider.invoke(JUnit4Provider.java:159) [surefire-junit4-2.22.1.jar:2.22.1]
	at org.apache.maven.surefire.booter.ForkedBooter.invokeProviderInSameClassLoader(ForkedBooter.java:384) [surefire-booter-2.22.1.jar:2.22.1]
	at org.apache.maven.surefire.booter.ForkedBooter.runSuitesInProcess(ForkedBooter.java:345) [surefire-booter-2.22.1.jar:2.22.1]
	at org.apache.maven.surefire.booter.ForkedBooter.execute(ForkedBooter.java:126) [surefire-booter-2.22.1.jar:2.22.1]
	at org.apache.maven.surefire.booter.ForkedBooter.main(ForkedBooter.java:418) [surefire-booter-2.22.1.jar:2.22.1]
Caused by: java.lang.IllegalStateException: Failed to register dubbo://169.254.69.120:20880/com.tanhua.dubbo.server.api.QuanZiApi?anyhost=true&application=dubbo-provider-tanhua&dubbo=2.0.2&generic=false&interface=com.tanhua.dubbo.server.api.QuanZiApi&methods=savePublish,saveLikeComment,saveLoveComment,saveComment,queryPublishById,queryCommentList,queryCommentCount,queryPublishList,removeComment&pid=6484&revision=1.0-SNAPSHOT&side=provider&timestamp=1610416788100&version=1.0.0 to registry 192.168.247.131:2181, cause: Failed to register dubbo://169.254.69.120:20880/com.tanhua.dubbo.server.api.QuanZiApi?anyhost=true&application=dubbo-provider-tanhua&dubbo=2.0.2&generic=false&interface=com.tanhua.dubbo.server.api.QuanZiApi&methods=savePublish,saveLikeComment,saveLoveComment,saveComment,queryPublishById,queryCommentList,queryCommentCount,queryPublishList,removeComment&pid=6484&revision=1.0-SNAPSHOT&side=provider&timestamp=1610416788100&version=1.0.0 to zookeeper zookeeper://192.168.247.131:2181/com.alibaba.dubbo.registry.RegistryService?application=dubbo-provider-tanhua&client=zkclient&dubbo=2.0.2&interface=com.alibaba.dubbo.registry.RegistryService&pid=6484&timestamp=1610416750866, cause: Zookeeper is not connected yet!
	at com.alibaba.dubbo.registry.support.FailbackRegistry.register(FailbackRegistry.java:150) ~[dubbo-2.6.4.jar:2.6.4]
	at com.alibaba.dubbo.registry.integration.RegistryProtocol.register(RegistryProtocol.java:126) ~[dubbo-2.6.4.jar:2.6.4]
	at com.alibaba.dubbo.registry.integration.RegistryProtocol.export(RegistryProtocol.java:146) ~[dubbo-2.6.4.jar:2.6.4]
	at com.alibaba.dubbo.rpc.protocol.ProtocolListenerWrapper.export(ProtocolListenerWrapper.java:55) ~[dubbo-2.6.4.jar:2.6.4]
	at com.alibaba.dubbo.rpc.protocol.ProtocolFilterWrapper.export(ProtocolFilterWrapper.java:98) ~[dubbo-2.6.4.jar:2.6.4]
	at com.alibaba.dubbo.qos.protocol.QosProtocolWrapper.export(QosProtocolWrapper.java:60) ~[dubbo-2.6.4.jar:2.6.4]
	at com.alibaba.dubbo.rpc.Protocol$Adaptive.export(Protocol$Adaptive.java) ~[dubbo-2.6.4.jar:2.6.4]
	at com.alibaba.dubbo.config.ServiceConfig.doExportUrlsFor1Protocol(ServiceConfig.java:513) ~[dubbo-2.6.4.jar:2.6.4]
	at com.alibaba.dubbo.config.ServiceConfig.doExportUrls(ServiceConfig.java:358) ~[dubbo-2.6.4.jar:2.6.4]
	at com.alibaba.dubbo.config.ServiceConfig.doExport(ServiceConfig.java:317) ~[dubbo-2.6.4.jar:2.6.4]
	at com.alibaba.dubbo.config.ServiceConfig.export(ServiceConfig.java:216) ~[dubbo-2.6.4.jar:2.6.4]
	at com.alibaba.dubbo.config.spring.ServiceBean.onApplicationEvent(ServiceBean.java:123) ~[dubbo-2.6.4.jar:2.6.4]
	at com.alibaba.dubbo.config.spring.ServiceBean.onApplicationEvent(ServiceBean.java:49) ~[dubbo-2.6.4.jar:2.6.4]
	at org.springframework.context.event.SimpleApplicationEventMulticaster.doInvokeListener(SimpleApplicationEventMulticaster.java:172) ~[spring-context-5.1.2.RELEASE.jar:5.1.2.RELEASE]
	at org.springframework.context.event.SimpleApplicationEventMulticaster.invokeListener(SimpleApplicationEventMulticaster.java:165) ~[spring-context-5.1.2.RELEASE.jar:5.1.2.RELEASE]
	at org.springframework.context.event.SimpleApplicationEventMulticaster.multicastEvent(SimpleApplicationEventMulticaster.java:139) ~[spring-context-5.1.2.RELEASE.jar:5.1.2.RELEASE]
	at org.springframework.context.support.AbstractApplicationContext.publishEvent(AbstractApplicationContext.java:398) ~[spring-context-5.1.2.RELEASE.jar:5.1.2.RELEASE]
	at org.springframework.context.support.AbstractApplicationContext.publishEvent(AbstractApplicationContext.java:355) ~[spring-context-5.1.2.RELEASE.jar:5.1.2.RELEASE]
	at org.springframework.context.support.AbstractApplicationContext.finishRefresh(AbstractApplicationContext.java:882) ~[spring-context-5.1.2.RELEASE.jar:5.1.2.RELEASE]
	at org.springframework.context.support.AbstractApplicationContext.refresh(AbstractApplicationContext.java:549) ~[spring-context-5.1.2.RELEASE.jar:5.1.2.RELEASE]
	at org.springframework.boot.SpringApplication.refresh(SpringApplication.java:775) ~[spring-boot-2.1.0.RELEASE.jar:2.1.0.RELEASE]
	at org.springframework.boot.SpringApplication.refreshContext(SpringApplication.java:397) ~[spring-boot-2.1.0.RELEASE.jar:2.1.0.RELEASE]
	at org.springframework.boot.SpringApplication.run(SpringApplication.java:316) ~[spring-boot-2.1.0.RELEASE.jar:2.1.0.RELEASE]
	at org.springframework.boot.test.context.SpringBootContextLoader.loadContext(SpringBootContextLoader.java:127) ~[spring-boot-test-2.1.0.RELEASE.jar:2.1.0.RELEASE]
	at org.springframework.test.context.cache.DefaultCacheAwareContextLoaderDelegate.loadContextInternal(DefaultCacheAwareContextLoaderDelegate.java:99) ~[spring-test-5.1.2.RELEASE.jar:5.1.2.RELEASE]
	at org.springframework.test.context.cache.DefaultCacheAwareContextLoaderDelegate.loadContext(DefaultCacheAwareContextLoaderDelegate.java:117) ~[spring-test-5.1.2.RELEASE.jar:5.1.2.RELEASE]
	... 28 common frames omitted
Caused by: com.alibaba.dubbo.rpc.RpcException: Failed to register dubbo://169.254.69.120:20880/com.tanhua.dubbo.server.api.QuanZiApi?anyhost=true&application=dubbo-provider-tanhua&dubbo=2.0.2&generic=false&interface=com.tanhua.dubbo.server.api.QuanZiApi&methods=savePublish,saveLikeComment,saveLoveComment,saveComment,queryPublishById,queryCommentList,queryCommentCount,queryPublishList,removeComment&pid=6484&revision=1.0-SNAPSHOT&side=provider&timestamp=1610416788100&version=1.0.0 to zookeeper zookeeper://192.168.247.131:2181/com.alibaba.dubbo.registry.RegistryService?application=dubbo-provider-tanhua&client=zkclient&dubbo=2.0.2&interface=com.alibaba.dubbo.registry.RegistryService&pid=6484&timestamp=1610416750866, cause: Zookeeper is not connected yet!
	at com.alibaba.dubbo.registry.zookeeper.ZookeeperRegistry.doRegister(ZookeeperRegistry.java:116) ~[dubbo-2.6.4.jar:2.6.4]
	at com.alibaba.dubbo.registry.support.FailbackRegistry.register(FailbackRegistry.java:137) ~[dubbo-2.6.4.jar:2.6.4]
	... 53 common frames omitted
Caused by: java.lang.IllegalStateException: Zookeeper is not connected yet!
	at com.alibaba.dubbo.remoting.zookeeper.zkclient.ZkClientWrapper.createPersistent(ZkClientWrapper.java:98) ~[dubbo-2.6.4.jar:2.6.4]
	at com.alibaba.dubbo.remoting.zookeeper.zkclient.ZkclientZookeeperClient.createPersistent(ZkclientZookeeperClient.java:64) ~[dubbo-2.6.4.jar:2.6.4]
	at com.alibaba.dubbo.remoting.zookeeper.support.AbstractZookeeperClient.create(AbstractZookeeperClient.java:67) ~[dubbo-2.6.4.jar:2.6.4]
	at com.alibaba.dubbo.remoting.zookeeper.support.AbstractZookeeperClient.create(AbstractZookeeperClient.java:62) ~[dubbo-2.6.4.jar:2.6.4]
	at com.alibaba.dubbo.remoting.zookeeper.support.AbstractZookeeperClient.create(AbstractZookeeperClient.java:62) ~[dubbo-2.6.4.jar:2.6.4]
	at com.alibaba.dubbo.remoting.zookeeper.support.AbstractZookeeperClient.create(AbstractZookeeperClient.java:62) ~[dubbo-2.6.4.jar:2.6.4]
	at com.alibaba.dubbo.registry.zookeeper.ZookeeperRegistry.doRegister(ZookeeperRegistry.java:114) ~[dubbo-2.6.4.jar:2.6.4]
	... 54 common frames omitted

]]></system-out>
  </testcase>
</testsuite>