<?xml version="1.0" encoding="UTF-8"?>
<testsuite xmlns:xsi="http://www.w3.org/2001/XMLSchema-instance" xsi:noNamespaceSchemaLocation="https://maven.apache.org/surefire/maven-surefire-plugin/xsd/surefire-test-report.xsd" name="com.tanhua.dubbo.server.api.TestUsers" time="1.224" tests="2" errors="2" skipped="0" failures="0">
  <properties>
[...]
</properties>
  <testcase name="testQueryList" classname="com.tanhua.dubbo.server.api.TestUsers" time="0">
    <error message="Failed to load ApplicationContext" type="java.lang.IllegalStateException"><![CDATA[java.lang.IllegalStateException: Failed to load ApplicationContext
Caused by: java.lang.IllegalStateException: Failed to register dubbo://169.254.69.120:20880/com.tanhua.dubbo.server.api.QuanZiApi?anyhost=true&application=dubbo-provider-tanhua&dubbo=2.0.2&generic=false&interface=com.tanhua.dubbo.server.api.QuanZiApi&methods=savePublish,saveLikeComment,saveLoveComment,saveComment,queryPublishById,queryCommentList,queryCommentCount,queryPublishList,removeComment&pid=6484&revision=1.0-SNAPSHOT&side=provider&timestamp=1610416788693&version=1.0.0 to registry 192.168.247.131:2181, cause: Failed to register dubbo://169.254.69.120:20880/com.tanhua.dubbo.server.api.QuanZiApi?anyhost=true&application=dubbo-provider-tanhua&dubbo=2.0.2&generic=false&interface=com.tanhua.dubbo.server.api.QuanZiApi&methods=savePublish,saveLikeComment,saveLoveComment,saveComment,queryPublishById,queryCommentList,queryCommentCount,queryPublishList,removeComment&pid=6484&revision=1.0-SNAPSHOT&side=provider&timestamp=1610416788693&version=1.0.0 to zookeeper zookeeper://192.168.247.131:2181/com.alibaba.dubbo.registry.RegistryService?application=dubbo-provider-tanhua&client=zkclient&dubbo=2.0.2&interface=com.alibaba.dubbo.registry.RegistryService&pid=6484&timestamp=1610416750866, cause: Zookeeper is not connected yet!
Caused by: com.alibaba.dubbo.rpc.RpcException: Failed to register dubbo://169.254.69.120:20880/com.tanhua.dubbo.server.api.QuanZiApi?anyhost=true&application=dubbo-provider-tanhua&dubbo=2.0.2&generic=false&interface=com.tanhua.dubbo.server.api.QuanZiApi&methods=savePublish,saveLikeComment,saveLoveComment,saveComment,queryPublishById,queryCommentList,queryCommentCount,queryPublishList,removeComment&pid=6484&revision=1.0-SNAPSHOT&side=provider&timestamp=1610416788693&version=1.0.0 to zookeeper zookeeper://192.168.247.131:2181/com.alibaba.dubbo.registry.RegistryService?application=dubbo-provider-tanhua&client=zkclient&dubbo=2.0.2&interface=com.alibaba.dubbo.registry.RegistryService&pid=6484&timestamp=1610416750866, cause: Zookeeper is not connected yet!
Caused by: java.lang.IllegalStateException: Zookeeper is not connected yet!
]]></error>
    <system-out><![CDATA[2021-01-12 09:59:48.424  INFO 6484 --- [           main] .b.t.c.SpringBootTestContextBootstrapper : Neither @ContextConfiguration nor @ContextHierarchy found for test class [com.tanhua.dubbo.server.api.TestUsers], using SpringBootContextLoader
2021-01-12 09:59:48.424  INFO 6484 --- [           main] o.s.t.c.support.AbstractContextLoader    : Could not detect default resource locations for test class [com.tanhua.dubbo.server.api.TestUsers]: no resource found for suffixes {-context.xml, Context.groovy}.
2021-01-12 09:59:48.424  INFO 6484 --- [           main] t.c.s.AnnotationConfigContextLoaderUtils : Could not detect default configuration classes for test class [com.tanhua.dubbo.server.api.TestUsers]: TestUsers does not declare any static, non-private, non-final, nested classes annotated with @Configuration.
2021-01-12 09:59:48.426  INFO 6484 --- [           main] .b.t.c.SpringBootTestContextBootstrapper : Found @SpringBootConfiguration com.tanhua.dubbo.server.DubboApplication for test class com.tanhua.dubbo.server.api.TestUsers
2021-01-12 09:59:48.427  INFO 6484 --- [           main] .b.t.c.SpringBootTestContextBootstrapper : Loaded default TestExecutionListener class names from location [META-INF/spring.factories]: [org.springframework.boot.test.mock.mockito.MockitoTestExecutionListener, org.springframework.boot.test.mock.mockito.ResetMocksTestExecutionListener, org.springframework.boot.test.autoconfigure.restdocs.RestDocsTestExecutionListener, org.springframework.boot.test.autoconfigure.web.client.MockRestServiceServerResetTestExecutionListener, org.springframework.boot.test.autoconfigure.web.servlet.MockMvcPrintOnlyOnFailureTestExecutionListener, org.springframework.boot.test.autoconfigure.web.servlet.WebDriverTestExecutionListener, org.springframework.test.context.web.ServletTestExecutionListener, org.springframework.test.context.support.DirtiesContextBeforeModesTestExecutionListener, org.springframework.test.context.support.DependencyInjectionTestExecutionListener, org.springframework.test.context.support.DirtiesContextTestExecutionListener, org.springframework.test.context.transaction.TransactionalTestExecutionListener, org.springframework.test.context.jdbc.SqlScriptsTestExecutionListener]
2021-01-12 09:59:48.427  INFO 6484 --- [           main] .b.t.c.SpringBootTestContextBootstrapper : Using TestExecutionListeners: [org.springframework.test.context.support.DirtiesContextBeforeModesTestExecutionListener@14efa279, org.springframework.boot.test.mock.mockito.MockitoTestExecutionListener@8e99809, org.springframework.boot.test.autoconfigure.SpringBootDependencyInjectionTestExecutionListener@e62319f, org.springframework.test.context.support.DirtiesContextTestExecutionListener@4d354a3e, org.springframework.test.context.transaction.TransactionalTestExecutionListener@24a0c58b, org.springframework.test.context.jdbc.SqlScriptsTestExecutionListener@604d28c6, org.springframework.boot.test.mock.mockito.ResetMocksTestExecutionListener@7f3c0399, org.springframework.boot.test.autoconfigure.restdocs.RestDocsTestExecutionListener@183fc2fa, org.springframework.boot.test.autoconfigure.web.client.MockRestServiceServerResetTestExecutionListener@3a11c0eb, org.springframework.boot.test.autoconfigure.web.servlet.MockMvcPrintOnlyOnFailureTestExecutionListener@3313d477, org.springframework.boot.test.autoconfigure.web.servlet.WebDriverTestExecutionListener@2c2c3947]
2021-01-12 09:59:48.445  INFO 6484 --- [           main] a.b.d.c.e.WelcomeLogoApplicationListener : 

 :: Dubbo Spring Boot (v0.2.0) : https://github.com/apache/incubator-dubbo-spring-boot-project
 :: Dubbo (v2.6.4) : https://github.com/apache/incubator-dubbo
 :: Google group : dev@dubbo.incubator.apache.org

2021-01-12 09:59:48.446  INFO 6484 --- [           main] e.OverrideDubboConfigApplicationListener : Dubbo Config was overridden by externalized configuration {dubbo.application.name=dubbo-provider-tanhua, dubbo.protocol.name=dubbo, dubbo.protocol.port=20880, dubbo.registry.address=zookeeper://192.168.247.131:2181, dubbo.registry.client=zkclient, dubbo.scan.basePackages=com.tanhua.dubbo.server}

  .   ____          _            __ _ _
 /\\ / ___'_ __ _ _(_)_ __  __ _ \ \ \ \
( ( )\___ | '_ | '_| | '_ \/ _` | \ \ \ \
 \\/  ___)| |_)| | | | | || (_| |  ) ) ) )
  '  |____| .__|_| |_|_| |_\__, | / / / /
 =========|_|==============|___/=/_/_/_/
 :: Spring Boot ::        (v2.1.0.RELEASE)

2021-01-12 09:59:48.451  INFO 6484 --- [           main] com.tanhua.dubbo.server.api.TestUsers    : Starting TestUsers on DESKTOP-A7UV77A with PID 6484 (started by Lenovo in E:\APP\my-tanhua\my-tanhua\my-tanhua-dubbo\my-tanhua-dubbo-service)
2021-01-12 09:59:48.451  INFO 6484 --- [           main] com.tanhua.dubbo.server.api.TestUsers    : No active profile set, falling back to default profiles: default
2021-01-12 09:59:48.501  INFO 6484 --- [           main] .a.d.c.s.c.a.DubboConfigBindingRegistrar : The dubbo config bean definition [name : com.alibaba.dubbo.config.ApplicationConfig#0, class : com.alibaba.dubbo.config.ApplicationConfig] has been registered.
2021-01-12 09:59:48.501  INFO 6484 --- [           main] .a.d.c.s.c.a.DubboConfigBindingRegistrar : The BeanPostProcessor bean definition [com.alibaba.dubbo.config.spring.beans.factory.annotation.DubboConfigBindingBeanPostProcessor] for dubbo config bean [name : com.alibaba.dubbo.config.ApplicationConfig#0] has been registered.
2021-01-12 09:59:48.501  INFO 6484 --- [           main] .a.d.c.s.c.a.DubboConfigBindingRegistrar : The dubbo config bean definition [name : com.alibaba.dubbo.config.RegistryConfig#0, class : com.alibaba.dubbo.config.RegistryConfig] has been registered.
2021-01-12 09:59:48.501  INFO 6484 --- [           main] .a.d.c.s.c.a.DubboConfigBindingRegistrar : The BeanPostProcessor bean definition [com.alibaba.dubbo.config.spring.beans.factory.annotation.DubboConfigBindingBeanPostProcessor] for dubbo config bean [name : com.alibaba.dubbo.config.RegistryConfig#0] has been registered.
2021-01-12 09:59:48.501  INFO 6484 --- [           main] .a.d.c.s.c.a.DubboConfigBindingRegistrar : The dubbo config bean definition [name : com.alibaba.dubbo.config.ProtocolConfig#0, class : com.alibaba.dubbo.config.ProtocolConfig] has been registered.
2021-01-12 09:59:48.501  INFO 6484 --- [           main] .a.d.c.s.c.a.DubboConfigBindingRegistrar : The BeanPostProcessor bean definition [com.alibaba.dubbo.config.spring.beans.factory.annotation.DubboConfigBindingBeanPostProcessor] for dubbo config bean [name : com.alibaba.dubbo.config.ProtocolConfig#0] has been registered.
2021-01-12 09:59:48.507  INFO 6484 --- [           main] .s.d.r.c.RepositoryConfigurationDelegate : Bootstrapping Spring Data repositories in DEFAULT mode.
2021-01-12 09:59:48.512  INFO 6484 --- [           main] .s.d.r.c.RepositoryConfigurationDelegate : Finished Spring Data repository scanning in 4ms. Found 0 repository interfaces.
2021-01-12 09:59:48.524  INFO 6484 --- [           main] o.s.c.a.ConfigurationClassPostProcessor  : Cannot enhance @Configuration bean definition 'com.alibaba.boot.dubbo.autoconfigure.DubboAutoConfiguration' since its singleton instance has been created too early. The typical cause is a non-static @Bean method with a BeanDefinitionRegistryPostProcessor return type: Consider declaring such methods as 'static'.
2021-01-12 09:59:48.539  INFO 6484 --- [           main] trationDelegate$BeanPostProcessorChecker : Bean 'relaxedDubboConfigBinder' of type [com.alibaba.boot.dubbo.autoconfigure.RelaxedDubboConfigBinder] is not eligible for getting processed by all BeanPostProcessors (for example: not eligible for auto-proxying)
2021-01-12 09:59:48.540  INFO 6484 --- [           main] trationDelegate$BeanPostProcessorChecker : Bean 'relaxedDubboConfigBinder' of type [com.alibaba.boot.dubbo.autoconfigure.RelaxedDubboConfigBinder] is not eligible for getting processed by all BeanPostProcessors (for example: not eligible for auto-proxying)
2021-01-12 09:59:48.540  INFO 6484 --- [           main] trationDelegate$BeanPostProcessorChecker : Bean 'relaxedDubboConfigBinder' of type [com.alibaba.boot.dubbo.autoconfigure.RelaxedDubboConfigBinder] is not eligible for getting processed by all BeanPostProcessors (for example: not eligible for auto-proxying)
2021-01-12 09:59:48.550  INFO 6484 --- [           main] .f.a.DubboConfigBindingBeanPostProcessor : The properties of bean [name : com.alibaba.dubbo.config.ApplicationConfig#0] have been binding by prefix of configuration properties : dubbo.application
2021-01-12 09:59:48.553  INFO 6484 --- [           main] .f.a.DubboConfigBindingBeanPostProcessor : The properties of bean [name : com.alibaba.dubbo.config.RegistryConfig#0] have been binding by prefix of configuration properties : dubbo.registry
2021-01-12 09:59:48.557  INFO 6484 --- [           main] .f.a.DubboConfigBindingBeanPostProcessor : The properties of bean [name : com.alibaba.dubbo.config.ProtocolConfig#0] have been binding by prefix of configuration properties : dubbo.protocol
2021-01-12 09:59:48.573  INFO 6484 --- [           main] org.mongodb.driver.cluster               : Cluster created with settings {hosts=[192.168.247.131:27017], mode=SINGLE, requiredClusterType=UNKNOWN, serverSelectionTimeout='30000 ms', maxWaitQueueSize=500}
2021-01-12 09:59:48.579  INFO 6484 --- [8.247.131:27017] org.mongodb.driver.connection            : Opened connection [connectionId{localValue:25, serverValue:59}] to 192.168.247.131:27017
2021-01-12 09:59:48.581  INFO 6484 --- [8.247.131:27017] org.mongodb.driver.cluster               : Monitor thread successfully connected to server with description ServerDescription{address=192.168.247.131:27017, type=STANDALONE, state=CONNECTED, ok=true, version=ServerVersion{versionList=[4, 0, 3]}, minWireVersion=0, maxWireVersion=7, maxDocumentSize=16777216, logicalSessionTimeoutMinutes=30, roundTripTimeNanos=915400}
2021-01-12 09:59:48.627  INFO 6484 --- [           main] org.mongodb.driver.connection            : Opened connection [connectionId{localValue:26, serverValue:60}] to 192.168.247.131:27017
2021-01-12 09:59:48.698  INFO 6484 --- [           main] ConditionEvaluationReportLoggingListener : 

Error starting ApplicationContext. To display the conditions report re-run your application with 'debug' enabled.
2021-01-12 09:59:48.699 ERROR 6484 --- [           main] o.s.boot.SpringApplication               : Application run failed

java.lang.IllegalStateException: Failed to register dubbo://169.254.69.120:20880/com.tanhua.dubbo.server.api.QuanZiApi?anyhost=true&application=dubbo-provider-tanhua&dubbo=2.0.2&generic=false&interface=com.tanhua.dubbo.server.api.QuanZiApi&methods=savePublish,saveLikeComment,saveLoveComment,saveComment,queryPublishById,queryCommentList,queryCommentCount,queryPublishList,removeComment&pid=6484&revision=1.0-SNAPSHOT&side=provider&timestamp=1610416788693&version=1.0.0 to registry 192.168.247.131:2181, cause: Failed to register dubbo://169.254.69.120:20880/com.tanhua.dubbo.server.api.QuanZiApi?anyhost=true&application=dubbo-provider-tanhua&dubbo=2.0.2&generic=false&interface=com.tanhua.dubbo.server.api.QuanZiApi&methods=savePublish,saveLikeComment,saveLoveComment,saveComment,queryPublishById,queryCommentList,queryCommentCount,queryPublishList,removeComment&pid=6484&revision=1.0-SNAPSHOT&side=provider&timestamp=1610416788693&version=1.0.0 to zookeeper zookeeper://192.168.247.131:2181/com.alibaba.dubbo.registry.RegistryService?application=dubbo-provider-tanhua&client=zkclient&dubbo=2.0.2&interface=com.alibaba.dubbo.registry.RegistryService&pid=6484&timestamp=1610416750866, cause: Zookeeper is not connected yet!
	at com.alibaba.dubbo.registry.support.FailbackRegistry.register(FailbackRegistry.java:150) ~[dubbo-2.6.4.jar:2.6.4]
	at com.alibaba.dubbo.registry.integration.RegistryProtocol.register(RegistryProtocol.java:126) ~[dubbo-2.6.4.jar:2.6.4]
	at com.alibaba.dubbo.registry.integration.RegistryProtocol.export(RegistryProtocol.java:146) ~[dubbo-2.6.4.jar:2.6.4]
	at com.alibaba.dubbo.rpc.protocol.ProtocolListenerWrapper.export(ProtocolListenerWrapper.java:55) ~[dubbo-2.6.4.jar:2.6.4]
	at com.alibaba.dubbo.rpc.protocol.ProtocolFilterWrapper.export(ProtocolFilterWrapper.java:98) ~[dubbo-2.6.4.jar:2.6.4]
	at com.alibaba.dubbo.qos.protocol.QosProtocolWrapper.export(QosProtocolWrapper.java:60) ~[dubbo-2.6.4.jar:2.6.4]
	at com.alibaba.dubbo.rpc.Protocol$Adaptive.export(Protocol$Adaptive.java) ~[dubbo-2.6.4.jar:2.6.4]
	at com.alibaba.dubbo.config.ServiceConfig.doExportUrlsFor1Protocol(ServiceConfig.java:513) ~[dubbo-2.6.4.jar:2.6.4]
	at com.alibaba.dubbo.config.ServiceConfig.doExportUrls(ServiceConfig.java:358) ~[dubbo-2.6.4.jar:2.6.4]
	at com.alibaba.dubbo.config.ServiceConfig.doExport(ServiceConfig.java:317) ~[dubbo-2.6.4.jar:2.6.4]
	at com.alibaba.dubbo.config.ServiceConfig.export(ServiceConfig.java:216) ~[dubbo-2.6.4.jar:2.6.4]
	at com.alibaba.dubbo.config.spring.ServiceBean.onApplicationEvent(ServiceBean.java:123) ~[dubbo-2.6.4.jar:2.6.4]
	at com.alibaba.dubbo.config.spring.ServiceBean.onApplicationEvent(ServiceBean.java:49) ~[dubbo-2.6.4.jar:2.6.4]
	at org.springframework.context.event.SimpleApplicationEventMulticaster.doInvokeListener(SimpleApplicationEventMulticaster.java:172) ~[spring-context-5.1.2.RELEASE.jar:5.1.2.RELEASE]
	at org.springframework.context.event.SimpleApplicationEventMulticaster.invokeListener(SimpleApplicationEventMulticaster.java:165) ~[spring-context-5.1.2.RELEASE.jar:5.1.2.RELEASE]
	at org.springframework.context.event.SimpleApplicationEventMulticaster.multicastEvent(SimpleApplicationEventMulticaster.java:139) ~[spring-context-5.1.2.RELEASE.jar:5.1.2.RELEASE]
	at org.springframework.context.support.AbstractApplicationContext.publishEvent(AbstractApplicationContext.java:398) ~[spring-context-5.1.2.RELEASE.jar:5.1.2.RELEASE]
	at org.springframework.context.support.AbstractApplicationContext.publishEvent(AbstractApplicationContext.java:355) ~[spring-context-5.1.2.RELEASE.jar:5.1.2.RELEASE]
	at org.springframework.context.support.AbstractApplicationContext.finishRefresh(AbstractApplicationContext.java:882) ~[spring-context-5.1.2.RELEASE.jar:5.1.2.RELEASE]
	at org.springframework.context.support.AbstractApplicationContext.refresh(AbstractApplicationContext.java:549) ~[spring-context-5.1.2.RELEASE.jar:5.1.2.RELEASE]
	at org.springframework.boot.SpringApplication.refresh(SpringApplication.java:775) ~[spring-boot-2.1.0.RELEASE.jar:2.1.0.RELEASE]
	at org.springframework.boot.SpringApplication.refreshContext(SpringApplication.java:397) ~[spring-boot-2.1.0.RELEASE.jar:2.1.0.RELEASE]
	at org.springframework.boot.SpringApplication.run(SpringApplication.java:316) ~[spring-boot-2.1.0.RELEASE.jar:2.1.0.RELEASE]
	at org.springframework.boot.test.context.SpringBootContextLoader.loadContext(SpringBootContextLoader.java:127) [spring-boot-test-2.1.0.RELEASE.jar:2.1.0.RELEASE]
	at org.springframework.test.context.cache.DefaultCacheAwareContextLoaderDelegate.loadContextInternal(DefaultCacheAwareContextLoaderDelegate.java:99) [spring-test-5.1.2.RELEASE.jar:5.1.2.RELEASE]
	at org.springframework.test.context.cache.DefaultCacheAwareContextLoaderDelegate.loadContext(DefaultCacheAwareContextLoaderDelegate.java:117) [spring-test-5.1.2.RELEASE.jar:5.1.2.RELEASE]
	at org.springframework.test.context.support.DefaultTestContext.getApplicationContext(DefaultTestContext.java:108) [spring-test-5.1.2.RELEASE.jar:5.1.2.RELEASE]
	at org.springframework.test.context.support.DependencyInjectionTestExecutionListener.injectDependencies(DependencyInjectionTestExecutionListener.java:118) [spring-test-5.1.2.RELEASE.jar:5.1.2.RELEASE]
	at org.springframework.test.context.support.DependencyInjectionTestExecutionListener.prepareTestInstance(DependencyInjectionTestExecutionListener.java:83) [spring-test-5.1.2.RELEASE.jar:5.1.2.RELEASE]
	at org.springframework.boot.test.autoconfigure.SpringBootDependencyInjectionTestExecutionListener.prepareTestInstance(SpringBootDependencyInjectionTestExecutionListener.java:44) [spring-boot-test-autoconfigure-2.1.0.RELEASE.jar:2.1.0.RELEASE]
	at org.springframework.test.context.TestContextManager.prepareTestInstance(TestContextManager.java:246) [spring-test-5.1.2.RELEASE.jar:5.1.2.RELEASE]
	at org.springframework.test.context.junit4.SpringJUnit4ClassRunner.createTest(SpringJUnit4ClassRunner.java:227) [spring-test-5.1.2.RELEASE.jar:5.1.2.RELEASE]
	at org.springframework.test.context.junit4.SpringJUnit4ClassRunner$1.runReflectiveCall(SpringJUnit4ClassRunner.java:289) [spring-test-5.1.2.RELEASE.jar:5.1.2.RELEASE]
	at org.junit.internal.runners.model.ReflectiveCallable.run(ReflectiveCallable.java:12) [junit-4.12.jar:4.12]
	at org.springframework.test.context.junit4.SpringJUnit4ClassRunner.methodBlock(SpringJUnit4ClassRunner.java:291) [spring-test-5.1.2.RELEASE.jar:5.1.2.RELEASE]
	at org.springframework.test.context.junit4.SpringJUnit4ClassRunner.runChild(SpringJUnit4ClassRunner.java:246) [spring-test-5.1.2.RELEASE.jar:5.1.2.RELEASE]
	at org.springframework.test.context.junit4.SpringJUnit4ClassRunner.runChild(SpringJUnit4ClassRunner.java:97) [spring-test-5.1.2.RELEASE.jar:5.1.2.RELEASE]
	at org.junit.runners.ParentRunner$3.run(ParentRunner.java:290) [junit-4.12.jar:4.12]
	at org.junit.runners.ParentRunner$1.schedule(ParentRunner.java:71) [junit-4.12.jar:4.12]
	at org.junit.runners.ParentRunner.runChildren(ParentRunner.java:288) [junit-4.12.jar:4.12]
	at org.junit.runners.ParentRunner.access$000(ParentRunner.java:58) [junit-4.12.jar:4.12]
	at org.junit.runners.ParentRunner$2.evaluate(ParentRunner.java:268) [junit-4.12.jar:4.12]
	at org.springframework.test.context.junit4.statements.RunBeforeTestClassCallbacks.evaluate(RunBeforeTestClassCallbacks.java:61) [spring-test-5.1.2.RELEASE.jar:5.1.2.RELEASE]
	at org.springframework.test.context.junit4.statements.RunAfterTestClassCallbacks.evaluate(RunAfterTestClassCallbacks.java:70) [spring-test-5.1.2.RELEASE.jar:5.1.2.RELEASE]
	at org.junit.runners.ParentRunner.run(ParentRunner.java:363) [junit-4.12.jar:4.12]
	at org.springframework.test.context.junit4.SpringJUnit4ClassRunner.run(SpringJUnit4ClassRunner.java:190) [spring-test-5.1.2.RELEASE.jar:5.1.2.RELEASE]
	at org.apache.maven.surefire.junit4.JUnit4Provider.execute(JUnit4Provider.java:365) [surefire-junit4-2.22.1.jar:2.22.1]
	at org.apache.maven.surefire.junit4.JUnit4Provider.executeWithRerun(JUnit4Provider.java:273) [surefire-junit4-2.22.1.jar:2.22.1]
	at org.apache.maven.surefire.junit4.JUnit4Provider.executeTestSet(JUnit4Provider.java:238) [surefire-junit4-2.22.1.jar:2.22.1]
	at org.apache.maven.surefire.junit4.JUnit4Provider.invoke(JUnit4Provider.java:159) [surefire-junit4-2.22.1.jar:2.22.1]
	at org.apache.maven.surefire.booter.ForkedBooter.invokeProviderInSameClassLoader(ForkedBooter.java:384) [surefire-booter-2.22.1.jar:2.22.1]
	at org.apache.maven.surefire.booter.ForkedBooter.runSuitesInProcess(ForkedBooter.java:345) [surefire-booter-2.22.1.jar:2.22.1]
	at org.apache.maven.surefire.booter.ForkedBooter.execute(ForkedBooter.java:126) [surefire-booter-2.22.1.jar:2.22.1]
	at org.apache.maven.surefire.booter.ForkedBooter.main(ForkedBooter.java:418) [surefire-booter-2.22.1.jar:2.22.1]
Caused by: com.alibaba.dubbo.rpc.RpcException: Failed to register dubbo://169.254.69.120:20880/com.tanhua.dubbo.server.api.QuanZiApi?anyhost=true&application=dubbo-provider-tanhua&dubbo=2.0.2&generic=false&interface=com.tanhua.dubbo.server.api.QuanZiApi&methods=savePublish,saveLikeComment,saveLoveComment,saveComment,queryPublishById,queryCommentList,queryCommentCount,queryPublishList,removeComment&pid=6484&revision=1.0-SNAPSHOT&side=provider&timestamp=1610416788693&version=1.0.0 to zookeeper zookeeper://192.168.247.131:2181/com.alibaba.dubbo.registry.RegistryService?application=dubbo-provider-tanhua&client=zkclient&dubbo=2.0.2&interface=com.alibaba.dubbo.registry.RegistryService&pid=6484&timestamp=1610416750866, cause: Zookeeper is not connected yet!
	at com.alibaba.dubbo.registry.zookeeper.ZookeeperRegistry.doRegister(ZookeeperRegistry.java:116) ~[dubbo-2.6.4.jar:2.6.4]
	at com.alibaba.dubbo.registry.support.FailbackRegistry.register(FailbackRegistry.java:137) ~[dubbo-2.6.4.jar:2.6.4]
	... 53 common frames omitted
Caused by: java.lang.IllegalStateException: Zookeeper is not connected yet!
	at com.alibaba.dubbo.remoting.zookeeper.zkclient.ZkClientWrapper.createPersistent(ZkClientWrapper.java:98) ~[dubbo-2.6.4.jar:2.6.4]
	at com.alibaba.dubbo.remoting.zookeeper.zkclient.ZkclientZookeeperClient.createPersistent(ZkclientZookeeperClient.java:64) ~[dubbo-2.6.4.jar:2.6.4]
	at com.alibaba.dubbo.remoting.zookeeper.support.AbstractZookeeperClient.create(AbstractZookeeperClient.java:67) ~[dubbo-2.6.4.jar:2.6.4]
	at com.alibaba.dubbo.remoting.zookeeper.support.AbstractZookeeperClient.create(AbstractZookeeperClient.java:62) ~[dubbo-2.6.4.jar:2.6.4]
	at com.alibaba.dubbo.remoting.zookeeper.support.AbstractZookeeperClient.create(AbstractZookeeperClient.java:62) ~[dubbo-2.6.4.jar:2.6.4]
	at com.alibaba.dubbo.remoting.zookeeper.support.AbstractZookeeperClient.create(AbstractZookeeperClient.java:62) ~[dubbo-2.6.4.jar:2.6.4]
	at com.alibaba.dubbo.registry.zookeeper.ZookeeperRegistry.doRegister(ZookeeperRegistry.java:114) ~[dubbo-2.6.4.jar:2.6.4]
	... 54 common frames omitted

2021-01-12 09:59:48.701  INFO 6484 --- [           main] org.mongodb.driver.connection            : Closed connection [connectionId{localValue:26, serverValue:60}] to 192.168.247.131:27017 because the pool has been closed.
2021-01-12 09:59:48.702  INFO 6484 --- [           main] f.a.ReferenceAnnotationBeanPostProcessor : class com.alibaba.dubbo.config.spring.beans.factory.annotation.ReferenceAnnotationBeanPostProcessor was destroying!
2021-01-12 09:59:48.716  INFO 6484 --- [           main] a.b.d.c.e.WelcomeLogoApplicationListener : 

 :: Dubbo Spring Boot (v0.2.0) : https://github.com/apache/incubator-dubbo-spring-boot-project
 :: Dubbo (v2.6.4) : https://github.com/apache/incubator-dubbo
 :: Google group : dev@dubbo.incubator.apache.org

2021-01-12 09:59:48.717  INFO 6484 --- [           main] e.OverrideDubboConfigApplicationListener : Dubbo Config was overridden by externalized configuration {dubbo.application.name=dubbo-provider-tanhua, dubbo.protocol.name=dubbo, dubbo.protocol.port=20880, dubbo.registry.address=zookeeper://192.168.247.131:2181, dubbo.registry.client=zkclient, dubbo.scan.basePackages=com.tanhua.dubbo.server}

  .   ____          _            __ _ _
 /\\ / ___'_ __ _ _(_)_ __  __ _ \ \ \ \
( ( )\___ | '_ | '_| | '_ \/ _` | \ \ \ \
 \\/  ___)| |_)| | | | | || (_| |  ) ) ) )
  '  |____| .__|_| |_|_| |_\__, | / / / /
 =========|_|==============|___/=/_/_/_/
 :: Spring Boot ::        (v2.1.0.RELEASE)

2021-01-12 09:59:48.723  INFO 6484 --- [           main] com.tanhua.dubbo.server.api.TestUsers    : Starting TestUsers on DESKTOP-A7UV77A with PID 6484 (started by Lenovo in E:\APP\my-tanhua\my-tanhua\my-tanhua-dubbo\my-tanhua-dubbo-service)
2021-01-12 09:59:48.723  INFO 6484 --- [           main] com.tanhua.dubbo.server.api.TestUsers    : No active profile set, falling back to default profiles: default
2021-01-12 09:59:48.779  INFO 6484 --- [           main] .a.d.c.s.c.a.DubboConfigBindingRegistrar : The dubbo config bean definition [name : com.alibaba.dubbo.config.ApplicationConfig#0, class : com.alibaba.dubbo.config.ApplicationConfig] has been registered.
2021-01-12 09:59:48.779  INFO 6484 --- [           main] .a.d.c.s.c.a.DubboConfigBindingRegistrar : The BeanPostProcessor bean definition [com.alibaba.dubbo.config.spring.beans.factory.annotation.DubboConfigBindingBeanPostProcessor] for dubbo config bean [name : com.alibaba.dubbo.config.ApplicationConfig#0] has been registered.
2021-01-12 09:59:48.779  INFO 6484 --- [           main] .a.d.c.s.c.a.DubboConfigBindingRegistrar : The dubbo config bean definition [name : com.alibaba.dubbo.config.RegistryConfig#0, class : com.alibaba.dubbo.config.RegistryConfig] has been registered.
2021-01-12 09:59:48.779  INFO 6484 --- [           main] .a.d.c.s.c.a.DubboConfigBindingRegistrar : The BeanPostProcessor bean definition [com.alibaba.dubbo.config.spring.beans.factory.annotation.DubboConfigBindingBeanPostProcessor] for dubbo config bean [name : com.alibaba.dubbo.config.RegistryConfig#0] has been registered.
2021-01-12 09:59:48.779  INFO 6484 --- [           main] .a.d.c.s.c.a.DubboConfigBindingRegistrar : The dubbo config bean definition [name : com.alibaba.dubbo.config.ProtocolConfig#0, class : com.alibaba.dubbo.config.ProtocolConfig] has been registered.
2021-01-12 09:59:48.779  INFO 6484 --- [           main] .a.d.c.s.c.a.DubboConfigBindingRegistrar : The BeanPostProcessor bean definition [com.alibaba.dubbo.config.spring.beans.factory.annotation.DubboConfigBindingBeanPostProcessor] for dubbo config bean [name : com.alibaba.dubbo.config.ProtocolConfig#0] has been registered.
2021-01-12 09:59:48.783  INFO 6484 --- [           main] .s.d.r.c.RepositoryConfigurationDelegate : Bootstrapping Spring Data repositories in DEFAULT mode.
2021-01-12 09:59:48.786  INFO 6484 --- [           main] .s.d.r.c.RepositoryConfigurationDelegate : Finished Spring Data repository scanning in 3ms. Found 0 repository interfaces.
2021-01-12 09:59:48.795  INFO 6484 --- [           main] o.s.c.a.ConfigurationClassPostProcessor  : Cannot enhance @Configuration bean definition 'com.alibaba.boot.dubbo.autoconfigure.DubboAutoConfiguration' since its singleton instance has been created too early. The typical cause is a non-static @Bean method with a BeanDefinitionRegistryPostProcessor return type: Consider declaring such methods as 'static'.
2021-01-12 09:59:48.808  INFO 6484 --- [           main] trationDelegate$BeanPostProcessorChecker : Bean 'relaxedDubboConfigBinder' of type [com.alibaba.boot.dubbo.autoconfigure.RelaxedDubboConfigBinder] is not eligible for getting processed by all BeanPostProcessors (for example: not eligible for auto-proxying)
2021-01-12 09:59:48.809  INFO 6484 --- [           main] trationDelegate$BeanPostProcessorChecker : Bean 'relaxedDubboConfigBinder' of type [com.alibaba.boot.dubbo.autoconfigure.RelaxedDubboConfigBinder] is not eligible for getting processed by all BeanPostProcessors (for example: not eligible for auto-proxying)
2021-01-12 09:59:48.810  INFO 6484 --- [           main] trationDelegate$BeanPostProcessorChecker : Bean 'relaxedDubboConfigBinder' of type [com.alibaba.boot.dubbo.autoconfigure.RelaxedDubboConfigBinder] is not eligible for getting processed by all BeanPostProcessors (for example: not eligible for auto-proxying)
2021-01-12 09:59:48.816  INFO 6484 --- [           main] .f.a.DubboConfigBindingBeanPostProcessor : The properties of bean [name : com.alibaba.dubbo.config.ApplicationConfig#0] have been binding by prefix of configuration properties : dubbo.application
2021-01-12 09:59:48.819  INFO 6484 --- [           main] .f.a.DubboConfigBindingBeanPostProcessor : The properties of bean [name : com.alibaba.dubbo.config.RegistryConfig#0] have been binding by prefix of configuration properties : dubbo.registry
2021-01-12 09:59:48.822  INFO 6484 --- [           main] .f.a.DubboConfigBindingBeanPostProcessor : The properties of bean [name : com.alibaba.dubbo.config.ProtocolConfig#0] have been binding by prefix of configuration properties : dubbo.protocol
2021-01-12 09:59:48.834  INFO 6484 --- [           main] org.mongodb.driver.cluster               : Cluster created with settings {hosts=[192.168.247.131:27017], mode=SINGLE, requiredClusterType=UNKNOWN, serverSelectionTimeout='30000 ms', maxWaitQueueSize=500}
2021-01-12 09:59:48.837  INFO 6484 --- [8.247.131:27017] org.mongodb.driver.connection            : Opened connection [connectionId{localValue:27, serverValue:61}] to 192.168.247.131:27017
2021-01-12 09:59:48.844  INFO 6484 --- [8.247.131:27017] org.mongodb.driver.cluster               : Monitor thread successfully connected to server with description ServerDescription{address=192.168.247.131:27017, type=STANDALONE, state=CONNECTED, ok=true, version=ServerVersion{versionList=[4, 0, 3]}, minWireVersion=0, maxWireVersion=7, maxDocumentSize=16777216, logicalSessionTimeoutMinutes=30, roundTripTimeNanos=6022500}
2021-01-12 09:59:48.911  INFO 6484 --- [           main] org.mongodb.driver.connection            : Opened connection [connectionId{localValue:28, serverValue:62}] to 192.168.247.131:27017
2021-01-12 09:59:48.990  INFO 6484 --- [           main] ConditionEvaluationReportLoggingListener : 

Error starting ApplicationContext. To display the conditions report re-run your application with 'debug' enabled.
2021-01-12 09:59:48.992 ERROR 6484 --- [           main] o.s.boot.SpringApplication               : Application run failed

java.lang.IllegalStateException: Failed to register dubbo://169.254.69.120:20880/com.tanhua.dubbo.server.api.QuanZiApi?anyhost=true&application=dubbo-provider-tanhua&dubbo=2.0.2&generic=false&interface=com.tanhua.dubbo.server.api.QuanZiApi&methods=savePublish,saveLikeComment,saveLoveComment,saveComment,queryPublishById,queryCommentList,queryCommentCount,queryPublishList,removeComment&pid=6484&revision=1.0-SNAPSHOT&side=provider&timestamp=1610416788987&version=1.0.0 to registry 192.168.247.131:2181, cause: Failed to register dubbo://169.254.69.120:20880/com.tanhua.dubbo.server.api.QuanZiApi?anyhost=true&application=dubbo-provider-tanhua&dubbo=2.0.2&generic=false&interface=com.tanhua.dubbo.server.api.QuanZiApi&methods=savePublish,saveLikeComment,saveLoveComment,saveComment,queryPublishById,queryCommentList,queryCommentCount,queryPublishList,removeComment&pid=6484&revision=1.0-SNAPSHOT&side=provider&timestamp=1610416788987&version=1.0.0 to zookeeper zookeeper://192.168.247.131:2181/com.alibaba.dubbo.registry.RegistryService?application=dubbo-provider-tanhua&client=zkclient&dubbo=2.0.2&interface=com.alibaba.dubbo.registry.RegistryService&pid=6484&timestamp=1610416750866, cause: Zookeeper is not connected yet!
	at com.alibaba.dubbo.registry.support.FailbackRegistry.register(FailbackRegistry.java:150) ~[dubbo-2.6.4.jar:2.6.4]
	at com.alibaba.dubbo.registry.integration.RegistryProtocol.register(RegistryProtocol.java:126) ~[dubbo-2.6.4.jar:2.6.4]
	at com.alibaba.dubbo.registry.integration.RegistryProtocol.export(RegistryProtocol.java:146) ~[dubbo-2.6.4.jar:2.6.4]
	at com.alibaba.dubbo.rpc.protocol.ProtocolListenerWrapper.export(ProtocolListenerWrapper.java:55) ~[dubbo-2.6.4.jar:2.6.4]
	at com.alibaba.dubbo.rpc.protocol.ProtocolFilterWrapper.export(ProtocolFilterWrapper.java:98) ~[dubbo-2.6.4.jar:2.6.4]
	at com.alibaba.dubbo.qos.protocol.QosProtocolWrapper.export(QosProtocolWrapper.java:60) ~[dubbo-2.6.4.jar:2.6.4]
	at com.alibaba.dubbo.rpc.Protocol$Adaptive.export(Protocol$Adaptive.java) ~[dubbo-2.6.4.jar:2.6.4]
	at com.alibaba.dubbo.config.ServiceConfig.doExportUrlsFor1Protocol(ServiceConfig.java:513) ~[dubbo-2.6.4.jar:2.6.4]
	at com.alibaba.dubbo.config.ServiceConfig.doExportUrls(ServiceConfig.java:358) ~[dubbo-2.6.4.jar:2.6.4]
	at com.alibaba.dubbo.config.ServiceConfig.doExport(ServiceConfig.java:317) ~[dubbo-2.6.4.jar:2.6.4]
	at com.alibaba.dubbo.config.ServiceConfig.export(ServiceConfig.java:216) ~[dubbo-2.6.4.jar:2.6.4]
	at com.alibaba.dubbo.config.spring.ServiceBean.onApplicationEvent(ServiceBean.java:123) ~[dubbo-2.6.4.jar:2.6.4]
	at com.alibaba.dubbo.config.spring.ServiceBean.onApplicationEvent(ServiceBean.java:49) ~[dubbo-2.6.4.jar:2.6.4]
	at org.springframework.context.event.SimpleApplicationEventMulticaster.doInvokeListener(SimpleApplicationEventMulticaster.java:172) ~[spring-context-5.1.2.RELEASE.jar:5.1.2.RELEASE]
	at org.springframework.context.event.SimpleApplicationEventMulticaster.invokeListener(SimpleApplicationEventMulticaster.java:165) ~[spring-context-5.1.2.RELEASE.jar:5.1.2.RELEASE]
	at org.springframework.context.event.SimpleApplicationEventMulticaster.multicastEvent(SimpleApplicationEventMulticaster.java:139) ~[spring-context-5.1.2.RELEASE.jar:5.1.2.RELEASE]
	at org.springframework.context.support.AbstractApplicationContext.publishEvent(AbstractApplicationContext.java:398) ~[spring-context-5.1.2.RELEASE.jar:5.1.2.RELEASE]
	at org.springframework.context.support.AbstractApplicationContext.publishEvent(AbstractApplicationContext.java:355) ~[spring-context-5.1.2.RELEASE.jar:5.1.2.RELEASE]
	at org.springframework.context.support.AbstractApplicationContext.finishRefresh(AbstractApplicationContext.java:882) ~[spring-context-5.1.2.RELEASE.jar:5.1.2.RELEASE]
	at org.springframework.context.support.AbstractApplicationContext.refresh(AbstractApplicationContext.java:549) ~[spring-context-5.1.2.RELEASE.jar:5.1.2.RELEASE]
	at org.springframework.boot.SpringApplication.refresh(SpringApplication.java:775) ~[spring-boot-2.1.0.RELEASE.jar:2.1.0.RELEASE]
	at org.springframework.boot.SpringApplication.refreshContext(SpringApplication.java:397) ~[spring-boot-2.1.0.RELEASE.jar:2.1.0.RELEASE]
	at org.springframework.boot.SpringApplication.run(SpringApplication.java:316) ~[spring-boot-2.1.0.RELEASE.jar:2.1.0.RELEASE]
	at org.springframework.boot.test.context.SpringBootContextLoader.loadContext(SpringBootContextLoader.java:127) [spring-boot-test-2.1.0.RELEASE.jar:2.1.0.RELEASE]
	at org.springframework.test.context.cache.DefaultCacheAwareContextLoaderDelegate.loadContextInternal(DefaultCacheAwareContextLoaderDelegate.java:99) [spring-test-5.1.2.RELEASE.jar:5.1.2.RELEASE]
	at org.springframework.test.context.cache.DefaultCacheAwareContextLoaderDelegate.loadContext(DefaultCacheAwareContextLoaderDelegate.java:117) [spring-test-5.1.2.RELEASE.jar:5.1.2.RELEASE]
	at org.springframework.test.context.support.DefaultTestContext.getApplicationContext(DefaultTestContext.java:108) [spring-test-5.1.2.RELEASE.jar:5.1.2.RELEASE]
	at org.springframework.boot.test.autoconfigure.SpringBootDependencyInjectionTestExecutionListener.outputConditionEvaluationReport(SpringBootDependencyInjectionTestExecutionListener.java:54) [spring-boot-test-autoconfigure-2.1.0.RELEASE.jar:2.1.0.RELEASE]
	at org.springframework.boot.test.autoconfigure.SpringBootDependencyInjectionTestExecutionListener.prepareTestInstance(SpringBootDependencyInjectionTestExecutionListener.java:47) [spring-boot-test-autoconfigure-2.1.0.RELEASE.jar:2.1.0.RELEASE]
	at org.springframework.test.context.TestContextManager.prepareTestInstance(TestContextManager.java:246) [spring-test-5.1.2.RELEASE.jar:5.1.2.RELEASE]
	at org.springframework.test.context.junit4.SpringJUnit4ClassRunner.createTest(SpringJUnit4ClassRunner.java:227) [spring-test-5.1.2.RELEASE.jar:5.1.2.RELEASE]
	at org.springframework.test.context.junit4.SpringJUnit4ClassRunner$1.runReflectiveCall(SpringJUnit4ClassRunner.java:289) [spring-test-5.1.2.RELEASE.jar:5.1.2.RELEASE]
	at org.junit.internal.runners.model.ReflectiveCallable.run(ReflectiveCallable.java:12) [junit-4.12.jar:4.12]
	at org.springframework.test.context.junit4.SpringJUnit4ClassRunner.methodBlock(SpringJUnit4ClassRunner.java:291) [spring-test-5.1.2.RELEASE.jar:5.1.2.RELEASE]
	at org.springframework.test.context.junit4.SpringJUnit4ClassRunner.runChild(SpringJUnit4ClassRunner.java:246) [spring-test-5.1.2.RELEASE.jar:5.1.2.RELEASE]
	at org.springframework.test.context.junit4.SpringJUnit4ClassRunner.runChild(SpringJUnit4ClassRunner.java:97) [spring-test-5.1.2.RELEASE.jar:5.1.2.RELEASE]
	at org.junit.runners.ParentRunner$3.run(ParentRunner.java:290) [junit-4.12.jar:4.12]
	at org.junit.runners.ParentRunner$1.schedule(ParentRunner.java:71) [junit-4.12.jar:4.12]
	at org.junit.runners.ParentRunner.runChildren(ParentRunner.java:288) [junit-4.12.jar:4.12]
	at org.junit.runners.ParentRunner.access$000(ParentRunner.java:58) [junit-4.12.jar:4.12]
	at org.junit.runners.ParentRunner$2.evaluate(ParentRunner.java:268) [junit-4.12.jar:4.12]
	at org.springframework.test.context.junit4.statements.RunBeforeTestClassCallbacks.evaluate(RunBeforeTestClassCallbacks.java:61) [spring-test-5.1.2.RELEASE.jar:5.1.2.RELEASE]
	at org.springframework.test.context.junit4.statements.RunAfterTestClassCallbacks.evaluate(RunAfterTestClassCallbacks.java:70) [spring-test-5.1.2.RELEASE.jar:5.1.2.RELEASE]
	at org.junit.runners.ParentRunner.run(ParentRunner.java:363) [junit-4.12.jar:4.12]
	at org.springframework.test.context.junit4.SpringJUnit4ClassRunner.run(SpringJUnit4ClassRunner.java:190) [spring-test-5.1.2.RELEASE.jar:5.1.2.RELEASE]
	at org.apache.maven.surefire.junit4.JUnit4Provider.execute(JUnit4Provider.java:365) [surefire-junit4-2.22.1.jar:2.22.1]
	at org.apache.maven.surefire.junit4.JUnit4Provider.executeWithRerun(JUnit4Provider.java:273) [surefire-junit4-2.22.1.jar:2.22.1]
	at org.apache.maven.surefire.junit4.JUnit4Provider.executeTestSet(JUnit4Provider.java:238) [surefire-junit4-2.22.1.jar:2.22.1]
	at org.apache.maven.surefire.junit4.JUnit4Provider.invoke(JUnit4Provider.java:159) [surefire-junit4-2.22.1.jar:2.22.1]
	at org.apache.maven.surefire.booter.ForkedBooter.invokeProviderInSameClassLoader(ForkedBooter.java:384) [surefire-booter-2.22.1.jar:2.22.1]
	at org.apache.maven.surefire.booter.ForkedBooter.runSuitesInProcess(ForkedBooter.java:345) [surefire-booter-2.22.1.jar:2.22.1]
	at org.apache.maven.surefire.booter.ForkedBooter.execute(ForkedBooter.java:126) [surefire-booter-2.22.1.jar:2.22.1]
	at org.apache.maven.surefire.booter.ForkedBooter.main(ForkedBooter.java:418) [surefire-booter-2.22.1.jar:2.22.1]
Caused by: com.alibaba.dubbo.rpc.RpcException: Failed to register dubbo://169.254.69.120:20880/com.tanhua.dubbo.server.api.QuanZiApi?anyhost=true&application=dubbo-provider-tanhua&dubbo=2.0.2&generic=false&interface=com.tanhua.dubbo.server.api.QuanZiApi&methods=savePublish,saveLikeComment,saveLoveComment,saveComment,queryPublishById,queryCommentList,queryCommentCount,queryPublishList,removeComment&pid=6484&revision=1.0-SNAPSHOT&side=provider&timestamp=1610416788987&version=1.0.0 to zookeeper zookeeper://192.168.247.131:2181/com.alibaba.dubbo.registry.RegistryService?application=dubbo-provider-tanhua&client=zkclient&dubbo=2.0.2&interface=com.alibaba.dubbo.registry.RegistryService&pid=6484&timestamp=1610416750866, cause: Zookeeper is not connected yet!
	at com.alibaba.dubbo.registry.zookeeper.ZookeeperRegistry.doRegister(ZookeeperRegistry.java:116) ~[dubbo-2.6.4.jar:2.6.4]
	at com.alibaba.dubbo.registry.support.FailbackRegistry.register(FailbackRegistry.java:137) ~[dubbo-2.6.4.jar:2.6.4]
	... 52 common frames omitted
Caused by: java.lang.IllegalStateException: Zookeeper is not connected yet!
	at com.alibaba.dubbo.remoting.zookeeper.zkclient.ZkClientWrapper.createPersistent(ZkClientWrapper.java:98) ~[dubbo-2.6.4.jar:2.6.4]
	at com.alibaba.dubbo.remoting.zookeeper.zkclient.ZkclientZookeeperClient.createPersistent(ZkclientZookeeperClient.java:64) ~[dubbo-2.6.4.jar:2.6.4]
	at com.alibaba.dubbo.remoting.zookeeper.support.AbstractZookeeperClient.create(AbstractZookeeperClient.java:67) ~[dubbo-2.6.4.jar:2.6.4]
	at com.alibaba.dubbo.remoting.zookeeper.support.AbstractZookeeperClient.create(AbstractZookeeperClient.java:62) ~[dubbo-2.6.4.jar:2.6.4]
	at com.alibaba.dubbo.remoting.zookeeper.support.AbstractZookeeperClient.create(AbstractZookeeperClient.java:62) ~[dubbo-2.6.4.jar:2.6.4]
	at com.alibaba.dubbo.remoting.zookeeper.support.AbstractZookeeperClient.create(AbstractZookeeperClient.java:62) ~[dubbo-2.6.4.jar:2.6.4]
	at com.alibaba.dubbo.registry.zookeeper.ZookeeperRegistry.doRegister(ZookeeperRegistry.java:114) ~[dubbo-2.6.4.jar:2.6.4]
	... 53 common frames omitted

2021-01-12 09:59:48.993  INFO 6484 --- [           main] org.mongodb.driver.connection            : Closed connection [connectionId{localValue:28, serverValue:62}] to 192.168.247.131:27017 because the pool has been closed.
2021-01-12 09:59:48.993  INFO 6484 --- [           main] f.a.ReferenceAnnotationBeanPostProcessor : class com.alibaba.dubbo.config.spring.beans.factory.annotation.ReferenceAnnotationBeanPostProcessor was destroying!
2021-01-12 09:59:48.994 ERROR 6484 --- [           main] o.s.test.context.TestContextManager      : Caught exception while allowing TestExecutionListener [org.springframework.boot.test.autoconfigure.SpringBootDependencyInjectionTestExecutionListener@e62319f] to prepare test instance [com.tanhua.dubbo.server.api.TestUsers@1be52861]

java.lang.IllegalStateException: Failed to load ApplicationContext
	at org.springframework.test.context.cache.DefaultCacheAwareContextLoaderDelegate.loadContext(DefaultCacheAwareContextLoaderDelegate.java:125) ~[spring-test-5.1.2.RELEASE.jar:5.1.2.RELEASE]
	at org.springframework.test.context.support.DefaultTestContext.getApplicationContext(DefaultTestContext.java:108) ~[spring-test-5.1.2.RELEASE.jar:5.1.2.RELEASE]
	at org.springframework.test.context.support.DependencyInjectionTestExecutionListener.injectDependencies(DependencyInjectionTestExecutionListener.java:118) ~[spring-test-5.1.2.RELEASE.jar:5.1.2.RELEASE]
	at org.springframework.test.context.support.DependencyInjectionTestExecutionListener.prepareTestInstance(DependencyInjectionTestExecutionListener.java:83) ~[spring-test-5.1.2.RELEASE.jar:5.1.2.RELEASE]
	at org.springframework.boot.test.autoconfigure.SpringBootDependencyInjectionTestExecutionListener.prepareTestInstance(SpringBootDependencyInjectionTestExecutionListener.java:44) ~[spring-boot-test-autoconfigure-2.1.0.RELEASE.jar:2.1.0.RELEASE]
	at org.springframework.test.context.TestContextManager.prepareTestInstance(TestContextManager.java:246) ~[spring-test-5.1.2.RELEASE.jar:5.1.2.RELEASE]
	at org.springframework.test.context.junit4.SpringJUnit4ClassRunner.createTest(SpringJUnit4ClassRunner.java:227) [spring-test-5.1.2.RELEASE.jar:5.1.2.RELEASE]
	at org.springframework.test.context.junit4.SpringJUnit4ClassRunner$1.runReflectiveCall(SpringJUnit4ClassRunner.java:289) [spring-test-5.1.2.RELEASE.jar:5.1.2.RELEASE]
	at org.junit.internal.runners.model.ReflectiveCallable.run(ReflectiveCallable.java:12) [junit-4.12.jar:4.12]
	at org.springframework.test.context.junit4.SpringJUnit4ClassRunner.methodBlock(SpringJUnit4ClassRunner.java:291) [spring-test-5.1.2.RELEASE.jar:5.1.2.RELEASE]
	at org.springframework.test.context.junit4.SpringJUnit4ClassRunner.runChild(SpringJUnit4ClassRunner.java:246) [spring-test-5.1.2.RELEASE.jar:5.1.2.RELEASE]
	at org.springframework.test.context.junit4.SpringJUnit4ClassRunner.runChild(SpringJUnit4ClassRunner.java:97) [spring-test-5.1.2.RELEASE.jar:5.1.2.RELEASE]
	at org.junit.runners.ParentRunner$3.run(ParentRunner.java:290) [junit-4.12.jar:4.12]
	at org.junit.runners.ParentRunner$1.schedule(ParentRunner.java:71) [junit-4.12.jar:4.12]
	at org.junit.runners.ParentRunner.runChildren(ParentRunner.java:288) [junit-4.12.jar:4.12]
	at org.junit.runners.ParentRunner.access$000(ParentRunner.java:58) [junit-4.12.jar:4.12]
	at org.junit.runners.ParentRunner$2.evaluate(ParentRunner.java:268) [junit-4.12.jar:4.12]
	at org.springframework.test.context.junit4.statements.RunBeforeTestClassCallbacks.evaluate(RunBeforeTestClassCallbacks.java:61) [spring-test-5.1.2.RELEASE.jar:5.1.2.RELEASE]
	at org.springframework.test.context.junit4.statements.RunAfterTestClassCallbacks.evaluate(RunAfterTestClassCallbacks.java:70) [spring-test-5.1.2.RELEASE.jar:5.1.2.RELEASE]
	at org.junit.runners.ParentRunner.run(ParentRunner.java:363) [junit-4.12.jar:4.12]
	at org.springframework.test.context.junit4.SpringJUnit4ClassRunner.run(SpringJUnit4ClassRunner.java:190) [spring-test-5.1.2.RELEASE.jar:5.1.2.RELEASE]
	at org.apache.maven.surefire.junit4.JUnit4Provider.execute(JUnit4Provider.java:365) [surefire-junit4-2.22.1.jar:2.22.1]
	at org.apache.maven.surefire.junit4.JUnit4Provider.executeWithRerun(JUnit4Provider.java:273) [surefire-junit4-2.22.1.jar:2.22.1]
	at org.apache.maven.surefire.junit4.JUnit4Provider.executeTestSet(JUnit4Provider.java:238) [surefire-junit4-2.22.1.jar:2.22.1]
	at org.apache.maven.surefire.junit4.JUnit4Provider.invoke(JUnit4Provider.java:159) [surefire-junit4-2.22.1.jar:2.22.1]
	at org.apache.maven.surefire.booter.ForkedBooter.invokeProviderInSameClassLoader(ForkedBooter.java:384) [surefire-booter-2.22.1.jar:2.22.1]
	at org.apache.maven.surefire.booter.ForkedBooter.runSuitesInProcess(ForkedBooter.java:345) [surefire-booter-2.22.1.jar:2.22.1]
	at org.apache.maven.surefire.booter.ForkedBooter.execute(ForkedBooter.java:126) [surefire-booter-2.22.1.jar:2.22.1]
	at org.apache.maven.surefire.booter.ForkedBooter.main(ForkedBooter.java:418) [surefire-booter-2.22.1.jar:2.22.1]
Caused by: java.lang.IllegalStateException: Failed to register dubbo://169.254.69.120:20880/com.tanhua.dubbo.server.api.QuanZiApi?anyhost=true&application=dubbo-provider-tanhua&dubbo=2.0.2&generic=false&interface=com.tanhua.dubbo.server.api.QuanZiApi&methods=savePublish,saveLikeComment,saveLoveComment,saveComment,queryPublishById,queryCommentList,queryCommentCount,queryPublishList,removeComment&pid=6484&revision=1.0-SNAPSHOT&side=provider&timestamp=1610416788693&version=1.0.0 to registry 192.168.247.131:2181, cause: Failed to register dubbo://169.254.69.120:20880/com.tanhua.dubbo.server.api.QuanZiApi?anyhost=true&application=dubbo-provider-tanhua&dubbo=2.0.2&generic=false&interface=com.tanhua.dubbo.server.api.QuanZiApi&methods=savePublish,saveLikeComment,saveLoveComment,saveComment,queryPublishById,queryCommentList,queryCommentCount,queryPublishList,removeComment&pid=6484&revision=1.0-SNAPSHOT&side=provider&timestamp=1610416788693&version=1.0.0 to zookeeper zookeeper://192.168.247.131:2181/com.alibaba.dubbo.registry.RegistryService?application=dubbo-provider-tanhua&client=zkclient&dubbo=2.0.2&interface=com.alibaba.dubbo.registry.RegistryService&pid=6484&timestamp=1610416750866, cause: Zookeeper is not connected yet!
	at com.alibaba.dubbo.registry.support.FailbackRegistry.register(FailbackRegistry.java:150) ~[dubbo-2.6.4.jar:2.6.4]
	at com.alibaba.dubbo.registry.integration.RegistryProtocol.register(RegistryProtocol.java:126) ~[dubbo-2.6.4.jar:2.6.4]
	at com.alibaba.dubbo.registry.integration.RegistryProtocol.export(RegistryProtocol.java:146) ~[dubbo-2.6.4.jar:2.6.4]
	at com.alibaba.dubbo.rpc.protocol.ProtocolListenerWrapper.export(ProtocolListenerWrapper.java:55) ~[dubbo-2.6.4.jar:2.6.4]
	at com.alibaba.dubbo.rpc.protocol.ProtocolFilterWrapper.export(ProtocolFilterWrapper.java:98) ~[dubbo-2.6.4.jar:2.6.4]
	at com.alibaba.dubbo.qos.protocol.QosProtocolWrapper.export(QosProtocolWrapper.java:60) ~[dubbo-2.6.4.jar:2.6.4]
	at com.alibaba.dubbo.rpc.Protocol$Adaptive.export(Protocol$Adaptive.java) ~[dubbo-2.6.4.jar:2.6.4]
	at com.alibaba.dubbo.config.ServiceConfig.doExportUrlsFor1Protocol(ServiceConfig.java:513) ~[dubbo-2.6.4.jar:2.6.4]
	at com.alibaba.dubbo.config.ServiceConfig.doExportUrls(ServiceConfig.java:358) ~[dubbo-2.6.4.jar:2.6.4]
	at com.alibaba.dubbo.config.ServiceConfig.doExport(ServiceConfig.java:317) ~[dubbo-2.6.4.jar:2.6.4]
	at com.alibaba.dubbo.config.ServiceConfig.export(ServiceConfig.java:216) ~[dubbo-2.6.4.jar:2.6.4]
	at com.alibaba.dubbo.config.spring.ServiceBean.onApplicationEvent(ServiceBean.java:123) ~[dubbo-2.6.4.jar:2.6.4]
	at com.alibaba.dubbo.config.spring.ServiceBean.onApplicationEvent(ServiceBean.java:49) ~[dubbo-2.6.4.jar:2.6.4]
	at org.springframework.context.event.SimpleApplicationEventMulticaster.doInvokeListener(SimpleApplicationEventMulticaster.java:172) ~[spring-context-5.1.2.RELEASE.jar:5.1.2.RELEASE]
	at org.springframework.context.event.SimpleApplicationEventMulticaster.invokeListener(SimpleApplicationEventMulticaster.java:165) ~[spring-context-5.1.2.RELEASE.jar:5.1.2.RELEASE]
	at org.springframework.context.event.SimpleApplicationEventMulticaster.multicastEvent(SimpleApplicationEventMulticaster.java:139) ~[spring-context-5.1.2.RELEASE.jar:5.1.2.RELEASE]
	at org.springframework.context.support.AbstractApplicationContext.publishEvent(AbstractApplicationContext.java:398) ~[spring-context-5.1.2.RELEASE.jar:5.1.2.RELEASE]
	at org.springframework.context.support.AbstractApplicationContext.publishEvent(AbstractApplicationContext.java:355) ~[spring-context-5.1.2.RELEASE.jar:5.1.2.RELEASE]
	at org.springframework.context.support.AbstractApplicationContext.finishRefresh(AbstractApplicationContext.java:882) ~[spring-context-5.1.2.RELEASE.jar:5.1.2.RELEASE]
	at org.springframework.context.support.AbstractApplicationContext.refresh(AbstractApplicationContext.java:549) ~[spring-context-5.1.2.RELEASE.jar:5.1.2.RELEASE]
	at org.springframework.boot.SpringApplication.refresh(SpringApplication.java:775) ~[spring-boot-2.1.0.RELEASE.jar:2.1.0.RELEASE]
	at org.springframework.boot.SpringApplication.refreshContext(SpringApplication.java:397) ~[spring-boot-2.1.0.RELEASE.jar:2.1.0.RELEASE]
	at org.springframework.boot.SpringApplication.run(SpringApplication.java:316) ~[spring-boot-2.1.0.RELEASE.jar:2.1.0.RELEASE]
	at org.springframework.boot.test.context.SpringBootContextLoader.loadContext(SpringBootContextLoader.java:127) ~[spring-boot-test-2.1.0.RELEASE.jar:2.1.0.RELEASE]
	at org.springframework.test.context.cache.DefaultCacheAwareContextLoaderDelegate.loadContextInternal(DefaultCacheAwareContextLoaderDelegate.java:99) ~[spring-test-5.1.2.RELEASE.jar:5.1.2.RELEASE]
	at org.springframework.test.context.cache.DefaultCacheAwareContextLoaderDelegate.loadContext(DefaultCacheAwareContextLoaderDelegate.java:117) ~[spring-test-5.1.2.RELEASE.jar:5.1.2.RELEASE]
	... 28 common frames omitted
Caused by: com.alibaba.dubbo.rpc.RpcException: Failed to register dubbo://169.254.69.120:20880/com.tanhua.dubbo.server.api.QuanZiApi?anyhost=true&application=dubbo-provider-tanhua&dubbo=2.0.2&generic=false&interface=com.tanhua.dubbo.server.api.QuanZiApi&methods=savePublish,saveLikeComment,saveLoveComment,saveComment,queryPublishById,queryCommentList,queryCommentCount,queryPublishList,removeComment&pid=6484&revision=1.0-SNAPSHOT&side=provider&timestamp=1610416788693&version=1.0.0 to zookeeper zookeeper://192.168.247.131:2181/com.alibaba.dubbo.registry.RegistryService?application=dubbo-provider-tanhua&client=zkclient&dubbo=2.0.2&interface=com.alibaba.dubbo.registry.RegistryService&pid=6484&timestamp=1610416750866, cause: Zookeeper is not connected yet!
	at com.alibaba.dubbo.registry.zookeeper.ZookeeperRegistry.doRegister(ZookeeperRegistry.java:116) ~[dubbo-2.6.4.jar:2.6.4]
	at com.alibaba.dubbo.registry.support.FailbackRegistry.register(FailbackRegistry.java:137) ~[dubbo-2.6.4.jar:2.6.4]
	... 53 common frames omitted
Caused by: java.lang.IllegalStateException: Zookeeper is not connected yet!
	at com.alibaba.dubbo.remoting.zookeeper.zkclient.ZkClientWrapper.createPersistent(ZkClientWrapper.java:98) ~[dubbo-2.6.4.jar:2.6.4]
	at com.alibaba.dubbo.remoting.zookeeper.zkclient.ZkclientZookeeperClient.createPersistent(ZkclientZookeeperClient.java:64) ~[dubbo-2.6.4.jar:2.6.4]
	at com.alibaba.dubbo.remoting.zookeeper.support.AbstractZookeeperClient.create(AbstractZookeeperClient.java:67) ~[dubbo-2.6.4.jar:2.6.4]
	at com.alibaba.dubbo.remoting.zookeeper.support.AbstractZookeeperClient.create(AbstractZookeeperClient.java:62) ~[dubbo-2.6.4.jar:2.6.4]
	at com.alibaba.dubbo.remoting.zookeeper.support.AbstractZookeeperClient.create(AbstractZookeeperClient.java:62) ~[dubbo-2.6.4.jar:2.6.4]
	at com.alibaba.dubbo.remoting.zookeeper.support.AbstractZookeeperClient.create(AbstractZookeeperClient.java:62) ~[dubbo-2.6.4.jar:2.6.4]
	at com.alibaba.dubbo.registry.zookeeper.ZookeeperRegistry.doRegister(ZookeeperRegistry.java:114) ~[dubbo-2.6.4.jar:2.6.4]
	... 54 common frames omitted

]]></system-out>
  </testcase>
  <testcase name="saveUsers" classname="com.tanhua.dubbo.server.api.TestUsers" time="0">
    <error message="Failed to load ApplicationContext" type="java.lang.IllegalStateException"><![CDATA[java.lang.IllegalStateException: Failed to load ApplicationContext
Caused by: java.lang.IllegalStateException: Failed to register dubbo://169.254.69.120:20880/com.tanhua.dubbo.server.api.QuanZiApi?anyhost=true&application=dubbo-provider-tanhua&dubbo=2.0.2&generic=false&interface=com.tanhua.dubbo.server.api.QuanZiApi&methods=savePublish,saveLikeComment,saveLoveComment,saveComment,queryPublishById,queryCommentList,queryCommentCount,queryPublishList,removeComment&pid=6484&revision=1.0-SNAPSHOT&side=provider&timestamp=1610416789278&version=1.0.0 to registry 192.168.247.131:2181, cause: Failed to register dubbo://169.254.69.120:20880/com.tanhua.dubbo.server.api.QuanZiApi?anyhost=true&application=dubbo-provider-tanhua&dubbo=2.0.2&generic=false&interface=com.tanhua.dubbo.server.api.QuanZiApi&methods=savePublish,saveLikeComment,saveLoveComment,saveComment,queryPublishById,queryCommentList,queryCommentCount,queryPublishList,removeComment&pid=6484&revision=1.0-SNAPSHOT&side=provider&timestamp=1610416789278&version=1.0.0 to zookeeper zookeeper://192.168.247.131:2181/com.alibaba.dubbo.registry.RegistryService?application=dubbo-provider-tanhua&client=zkclient&dubbo=2.0.2&interface=com.alibaba.dubbo.registry.RegistryService&pid=6484&timestamp=1610416750866, cause: Zookeeper is not connected yet!
Caused by: com.alibaba.dubbo.rpc.RpcException: Failed to register dubbo://169.254.69.120:20880/com.tanhua.dubbo.server.api.QuanZiApi?anyhost=true&application=dubbo-provider-tanhua&dubbo=2.0.2&generic=false&interface=com.tanhua.dubbo.server.api.QuanZiApi&methods=savePublish,saveLikeComment,saveLoveComment,saveComment,queryPublishById,queryCommentList,queryCommentCount,queryPublishList,removeComment&pid=6484&revision=1.0-SNAPSHOT&side=provider&timestamp=1610416789278&version=1.0.0 to zookeeper zookeeper://192.168.247.131:2181/com.alibaba.dubbo.registry.RegistryService?application=dubbo-provider-tanhua&client=zkclient&dubbo=2.0.2&interface=com.alibaba.dubbo.registry.RegistryService&pid=6484&timestamp=1610416750866, cause: Zookeeper is not connected yet!
Caused by: java.lang.IllegalStateException: Zookeeper is not connected yet!
]]></error>
    <system-out><![CDATA[2021-01-12 09:59:49.011  INFO 6484 --- [           main] a.b.d.c.e.WelcomeLogoApplicationListener : 

 :: Dubbo Spring Boot (v0.2.0) : https://github.com/apache/incubator-dubbo-spring-boot-project
 :: Dubbo (v2.6.4) : https://github.com/apache/incubator-dubbo
 :: Google group : dev@dubbo.incubator.apache.org

2021-01-12 09:59:49.011  INFO 6484 --- [           main] e.OverrideDubboConfigApplicationListener : Dubbo Config was overridden by externalized configuration {dubbo.application.name=dubbo-provider-tanhua, dubbo.protocol.name=dubbo, dubbo.protocol.port=20880, dubbo.registry.address=zookeeper://192.168.247.131:2181, dubbo.registry.client=zkclient, dubbo.scan.basePackages=com.tanhua.dubbo.server}

  .   ____          _            __ _ _
 /\\ / ___'_ __ _ _(_)_ __  __ _ \ \ \ \
( ( )\___ | '_ | '_| | '_ \/ _` | \ \ \ \
 \\/  ___)| |_)| | | | | || (_| |  ) ) ) )
  '  |____| .__|_| |_|_| |_\__, | / / / /
 =========|_|==============|___/=/_/_/_/
 :: Spring Boot ::        (v2.1.0.RELEASE)

2021-01-12 09:59:49.016  INFO 6484 --- [           main] com.tanhua.dubbo.server.api.TestUsers    : Starting TestUsers on DESKTOP-A7UV77A with PID 6484 (started by Lenovo in E:\APP\my-tanhua\my-tanhua\my-tanhua-dubbo\my-tanhua-dubbo-service)
2021-01-12 09:59:49.016  INFO 6484 --- [           main] com.tanhua.dubbo.server.api.TestUsers    : No active profile set, falling back to default profiles: default
2021-01-12 09:59:49.084  INFO 6484 --- [           main] .a.d.c.s.c.a.DubboConfigBindingRegistrar : The dubbo config bean definition [name : com.alibaba.dubbo.config.ApplicationConfig#0, class : com.alibaba.dubbo.config.ApplicationConfig] has been registered.
2021-01-12 09:59:49.084  INFO 6484 --- [           main] .a.d.c.s.c.a.DubboConfigBindingRegistrar : The BeanPostProcessor bean definition [com.alibaba.dubbo.config.spring.beans.factory.annotation.DubboConfigBindingBeanPostProcessor] for dubbo config bean [name : com.alibaba.dubbo.config.ApplicationConfig#0] has been registered.
2021-01-12 09:59:49.084  INFO 6484 --- [           main] .a.d.c.s.c.a.DubboConfigBindingRegistrar : The dubbo config bean definition [name : com.alibaba.dubbo.config.RegistryConfig#0, class : com.alibaba.dubbo.config.RegistryConfig] has been registered.
2021-01-12 09:59:49.084  INFO 6484 --- [           main] .a.d.c.s.c.a.DubboConfigBindingRegistrar : The BeanPostProcessor bean definition [com.alibaba.dubbo.config.spring.beans.factory.annotation.DubboConfigBindingBeanPostProcessor] for dubbo config bean [name : com.alibaba.dubbo.config.RegistryConfig#0] has been registered.
2021-01-12 09:59:49.084  INFO 6484 --- [           main] .a.d.c.s.c.a.DubboConfigBindingRegistrar : The dubbo config bean definition [name : com.alibaba.dubbo.config.ProtocolConfig#0, class : com.alibaba.dubbo.config.ProtocolConfig] has been registered.
2021-01-12 09:59:49.085  INFO 6484 --- [           main] .a.d.c.s.c.a.DubboConfigBindingRegistrar : The BeanPostProcessor bean definition [com.alibaba.dubbo.config.spring.beans.factory.annotation.DubboConfigBindingBeanPostProcessor] for dubbo config bean [name : com.alibaba.dubbo.config.ProtocolConfig#0] has been registered.
2021-01-12 09:59:49.092  INFO 6484 --- [           main] .s.d.r.c.RepositoryConfigurationDelegate : Bootstrapping Spring Data repositories in DEFAULT mode.
2021-01-12 09:59:49.099  INFO 6484 --- [           main] .s.d.r.c.RepositoryConfigurationDelegate : Finished Spring Data repository scanning in 7ms. Found 0 repository interfaces.
2021-01-12 09:59:49.113  INFO 6484 --- [           main] o.s.c.a.ConfigurationClassPostProcessor  : Cannot enhance @Configuration bean definition 'com.alibaba.boot.dubbo.autoconfigure.DubboAutoConfiguration' since its singleton instance has been created too early. The typical cause is a non-static @Bean method with a BeanDefinitionRegistryPostProcessor return type: Consider declaring such methods as 'static'.
2021-01-12 09:59:49.130  INFO 6484 --- [           main] trationDelegate$BeanPostProcessorChecker : Bean 'relaxedDubboConfigBinder' of type [com.alibaba.boot.dubbo.autoconfigure.RelaxedDubboConfigBinder] is not eligible for getting processed by all BeanPostProcessors (for example: not eligible for auto-proxying)
2021-01-12 09:59:49.131  INFO 6484 --- [           main] trationDelegate$BeanPostProcessorChecker : Bean 'relaxedDubboConfigBinder' of type [com.alibaba.boot.dubbo.autoconfigure.RelaxedDubboConfigBinder] is not eligible for getting processed by all BeanPostProcessors (for example: not eligible for auto-proxying)
2021-01-12 09:59:49.131  INFO 6484 --- [           main] trationDelegate$BeanPostProcessorChecker : Bean 'relaxedDubboConfigBinder' of type [com.alibaba.boot.dubbo.autoconfigure.RelaxedDubboConfigBinder] is not eligible for getting processed by all BeanPostProcessors (for example: not eligible for auto-proxying)
2021-01-12 09:59:49.140  INFO 6484 --- [           main] .f.a.DubboConfigBindingBeanPostProcessor : The properties of bean [name : com.alibaba.dubbo.config.ApplicationConfig#0] have been binding by prefix of configuration properties : dubbo.application
2021-01-12 09:59:49.145  INFO 6484 --- [           main] .f.a.DubboConfigBindingBeanPostProcessor : The properties of bean [name : com.alibaba.dubbo.config.RegistryConfig#0] have been binding by prefix of configuration properties : dubbo.registry
2021-01-12 09:59:49.149  INFO 6484 --- [           main] .f.a.DubboConfigBindingBeanPostProcessor : The properties of bean [name : com.alibaba.dubbo.config.ProtocolConfig#0] have been binding by prefix of configuration properties : dubbo.protocol
2021-01-12 09:59:49.164  INFO 6484 --- [           main] org.mongodb.driver.cluster               : Cluster created with settings {hosts=[192.168.247.131:27017], mode=SINGLE, requiredClusterType=UNKNOWN, serverSelectionTimeout='30000 ms', maxWaitQueueSize=500}
2021-01-12 09:59:49.169  INFO 6484 --- [8.247.131:27017] org.mongodb.driver.connection            : Opened connection [connectionId{localValue:29, serverValue:63}] to 192.168.247.131:27017
2021-01-12 09:59:49.170  INFO 6484 --- [8.247.131:27017] org.mongodb.driver.cluster               : Monitor thread successfully connected to server with description ServerDescription{address=192.168.247.131:27017, type=STANDALONE, state=CONNECTED, ok=true, version=ServerVersion{versionList=[4, 0, 3]}, minWireVersion=0, maxWireVersion=7, maxDocumentSize=16777216, logicalSessionTimeoutMinutes=30, roundTripTimeNanos=1013400}
2021-01-12 09:59:49.214  INFO 6484 --- [           main] org.mongodb.driver.connection            : Opened connection [connectionId{localValue:30, serverValue:64}] to 192.168.247.131:27017
2021-01-12 09:59:49.281  INFO 6484 --- [           main] ConditionEvaluationReportLoggingListener : 

Error starting ApplicationContext. To display the conditions report re-run your application with 'debug' enabled.
2021-01-12 09:59:49.282 ERROR 6484 --- [           main] o.s.boot.SpringApplication               : Application run failed

java.lang.IllegalStateException: Failed to register dubbo://169.254.69.120:20880/com.tanhua.dubbo.server.api.QuanZiApi?anyhost=true&application=dubbo-provider-tanhua&dubbo=2.0.2&generic=false&interface=com.tanhua.dubbo.server.api.QuanZiApi&methods=savePublish,saveLikeComment,saveLoveComment,saveComment,queryPublishById,queryCommentList,queryCommentCount,queryPublishList,removeComment&pid=6484&revision=1.0-SNAPSHOT&side=provider&timestamp=1610416789278&version=1.0.0 to registry 192.168.247.131:2181, cause: Failed to register dubbo://169.254.69.120:20880/com.tanhua.dubbo.server.api.QuanZiApi?anyhost=true&application=dubbo-provider-tanhua&dubbo=2.0.2&generic=false&interface=com.tanhua.dubbo.server.api.QuanZiApi&methods=savePublish,saveLikeComment,saveLoveComment,saveComment,queryPublishById,queryCommentList,queryCommentCount,queryPublishList,removeComment&pid=6484&revision=1.0-SNAPSHOT&side=provider&timestamp=1610416789278&version=1.0.0 to zookeeper zookeeper://192.168.247.131:2181/com.alibaba.dubbo.registry.RegistryService?application=dubbo-provider-tanhua&client=zkclient&dubbo=2.0.2&interface=com.alibaba.dubbo.registry.RegistryService&pid=6484&timestamp=1610416750866, cause: Zookeeper is not connected yet!
	at com.alibaba.dubbo.registry.support.FailbackRegistry.register(FailbackRegistry.java:150) ~[dubbo-2.6.4.jar:2.6.4]
	at com.alibaba.dubbo.registry.integration.RegistryProtocol.register(RegistryProtocol.java:126) ~[dubbo-2.6.4.jar:2.6.4]
	at com.alibaba.dubbo.registry.integration.RegistryProtocol.export(RegistryProtocol.java:146) ~[dubbo-2.6.4.jar:2.6.4]
	at com.alibaba.dubbo.rpc.protocol.ProtocolListenerWrapper.export(ProtocolListenerWrapper.java:55) ~[dubbo-2.6.4.jar:2.6.4]
	at com.alibaba.dubbo.rpc.protocol.ProtocolFilterWrapper.export(ProtocolFilterWrapper.java:98) ~[dubbo-2.6.4.jar:2.6.4]
	at com.alibaba.dubbo.qos.protocol.QosProtocolWrapper.export(QosProtocolWrapper.java:60) ~[dubbo-2.6.4.jar:2.6.4]
	at com.alibaba.dubbo.rpc.Protocol$Adaptive.export(Protocol$Adaptive.java) ~[dubbo-2.6.4.jar:2.6.4]
	at com.alibaba.dubbo.config.ServiceConfig.doExportUrlsFor1Protocol(ServiceConfig.java:513) ~[dubbo-2.6.4.jar:2.6.4]
	at com.alibaba.dubbo.config.ServiceConfig.doExportUrls(ServiceConfig.java:358) ~[dubbo-2.6.4.jar:2.6.4]
	at com.alibaba.dubbo.config.ServiceConfig.doExport(ServiceConfig.java:317) ~[dubbo-2.6.4.jar:2.6.4]
	at com.alibaba.dubbo.config.ServiceConfig.export(ServiceConfig.java:216) ~[dubbo-2.6.4.jar:2.6.4]
	at com.alibaba.dubbo.config.spring.ServiceBean.onApplicationEvent(ServiceBean.java:123) ~[dubbo-2.6.4.jar:2.6.4]
	at com.alibaba.dubbo.config.spring.ServiceBean.onApplicationEvent(ServiceBean.java:49) ~[dubbo-2.6.4.jar:2.6.4]
	at org.springframework.context.event.SimpleApplicationEventMulticaster.doInvokeListener(SimpleApplicationEventMulticaster.java:172) ~[spring-context-5.1.2.RELEASE.jar:5.1.2.RELEASE]
	at org.springframework.context.event.SimpleApplicationEventMulticaster.invokeListener(SimpleApplicationEventMulticaster.java:165) ~[spring-context-5.1.2.RELEASE.jar:5.1.2.RELEASE]
	at org.springframework.context.event.SimpleApplicationEventMulticaster.multicastEvent(SimpleApplicationEventMulticaster.java:139) ~[spring-context-5.1.2.RELEASE.jar:5.1.2.RELEASE]
	at org.springframework.context.support.AbstractApplicationContext.publishEvent(AbstractApplicationContext.java:398) ~[spring-context-5.1.2.RELEASE.jar:5.1.2.RELEASE]
	at org.springframework.context.support.AbstractApplicationContext.publishEvent(AbstractApplicationContext.java:355) ~[spring-context-5.1.2.RELEASE.jar:5.1.2.RELEASE]
	at org.springframework.context.support.AbstractApplicationContext.finishRefresh(AbstractApplicationContext.java:882) ~[spring-context-5.1.2.RELEASE.jar:5.1.2.RELEASE]
	at org.springframework.context.support.AbstractApplicationContext.refresh(AbstractApplicationContext.java:549) ~[spring-context-5.1.2.RELEASE.jar:5.1.2.RELEASE]
	at org.springframework.boot.SpringApplication.refresh(SpringApplication.java:775) ~[spring-boot-2.1.0.RELEASE.jar:2.1.0.RELEASE]
	at org.springframework.boot.SpringApplication.refreshContext(SpringApplication.java:397) ~[spring-boot-2.1.0.RELEASE.jar:2.1.0.RELEASE]
	at org.springframework.boot.SpringApplication.run(SpringApplication.java:316) ~[spring-boot-2.1.0.RELEASE.jar:2.1.0.RELEASE]
	at org.springframework.boot.test.context.SpringBootContextLoader.loadContext(SpringBootContextLoader.java:127) [spring-boot-test-2.1.0.RELEASE.jar:2.1.0.RELEASE]
	at org.springframework.test.context.cache.DefaultCacheAwareContextLoaderDelegate.loadContextInternal(DefaultCacheAwareContextLoaderDelegate.java:99) [spring-test-5.1.2.RELEASE.jar:5.1.2.RELEASE]
	at org.springframework.test.context.cache.DefaultCacheAwareContextLoaderDelegate.loadContext(DefaultCacheAwareContextLoaderDelegate.java:117) [spring-test-5.1.2.RELEASE.jar:5.1.2.RELEASE]
	at org.springframework.test.context.support.DefaultTestContext.getApplicationContext(DefaultTestContext.java:108) [spring-test-5.1.2.RELEASE.jar:5.1.2.RELEASE]
	at org.springframework.test.context.support.DependencyInjectionTestExecutionListener.injectDependencies(DependencyInjectionTestExecutionListener.java:118) [spring-test-5.1.2.RELEASE.jar:5.1.2.RELEASE]
	at org.springframework.test.context.support.DependencyInjectionTestExecutionListener.prepareTestInstance(DependencyInjectionTestExecutionListener.java:83) [spring-test-5.1.2.RELEASE.jar:5.1.2.RELEASE]
	at org.springframework.boot.test.autoconfigure.SpringBootDependencyInjectionTestExecutionListener.prepareTestInstance(SpringBootDependencyInjectionTestExecutionListener.java:44) [spring-boot-test-autoconfigure-2.1.0.RELEASE.jar:2.1.0.RELEASE]
	at org.springframework.test.context.TestContextManager.prepareTestInstance(TestContextManager.java:246) [spring-test-5.1.2.RELEASE.jar:5.1.2.RELEASE]
	at org.springframework.test.context.junit4.SpringJUnit4ClassRunner.createTest(SpringJUnit4ClassRunner.java:227) [spring-test-5.1.2.RELEASE.jar:5.1.2.RELEASE]
	at org.springframework.test.context.junit4.SpringJUnit4ClassRunner$1.runReflectiveCall(SpringJUnit4ClassRunner.java:289) [spring-test-5.1.2.RELEASE.jar:5.1.2.RELEASE]
	at org.junit.internal.runners.model.ReflectiveCallable.run(ReflectiveCallable.java:12) [junit-4.12.jar:4.12]
	at org.springframework.test.context.junit4.SpringJUnit4ClassRunner.methodBlock(SpringJUnit4ClassRunner.java:291) [spring-test-5.1.2.RELEASE.jar:5.1.2.RELEASE]
	at org.springframework.test.context.junit4.SpringJUnit4ClassRunner.runChild(SpringJUnit4ClassRunner.java:246) [spring-test-5.1.2.RELEASE.jar:5.1.2.RELEASE]
	at org.springframework.test.context.junit4.SpringJUnit4ClassRunner.runChild(SpringJUnit4ClassRunner.java:97) [spring-test-5.1.2.RELEASE.jar:5.1.2.RELEASE]
	at org.junit.runners.ParentRunner$3.run(ParentRunner.java:290) [junit-4.12.jar:4.12]
	at org.junit.runners.ParentRunner$1.schedule(ParentRunner.java:71) [junit-4.12.jar:4.12]
	at org.junit.runners.ParentRunner.runChildren(ParentRunner.java:288) [junit-4.12.jar:4.12]
	at org.junit.runners.ParentRunner.access$000(ParentRunner.java:58) [junit-4.12.jar:4.12]
	at org.junit.runners.ParentRunner$2.evaluate(ParentRunner.java:268) [junit-4.12.jar:4.12]
	at org.springframework.test.context.junit4.statements.RunBeforeTestClassCallbacks.evaluate(RunBeforeTestClassCallbacks.java:61) [spring-test-5.1.2.RELEASE.jar:5.1.2.RELEASE]
	at org.springframework.test.context.junit4.statements.RunAfterTestClassCallbacks.evaluate(RunAfterTestClassCallbacks.java:70) [spring-test-5.1.2.RELEASE.jar:5.1.2.RELEASE]
	at org.junit.runners.ParentRunner.run(ParentRunner.java:363) [junit-4.12.jar:4.12]
	at org.springframework.test.context.junit4.SpringJUnit4ClassRunner.run(SpringJUnit4ClassRunner.java:190) [spring-test-5.1.2.RELEASE.jar:5.1.2.RELEASE]
	at org.apache.maven.surefire.junit4.JUnit4Provider.execute(JUnit4Provider.java:365) [surefire-junit4-2.22.1.jar:2.22.1]
	at org.apache.maven.surefire.junit4.JUnit4Provider.executeWithRerun(JUnit4Provider.java:273) [surefire-junit4-2.22.1.jar:2.22.1]
	at org.apache.maven.surefire.junit4.JUnit4Provider.executeTestSet(JUnit4Provider.java:238) [surefire-junit4-2.22.1.jar:2.22.1]
	at org.apache.maven.surefire.junit4.JUnit4Provider.invoke(JUnit4Provider.java:159) [surefire-junit4-2.22.1.jar:2.22.1]
	at org.apache.maven.surefire.booter.ForkedBooter.invokeProviderInSameClassLoader(ForkedBooter.java:384) [surefire-booter-2.22.1.jar:2.22.1]
	at org.apache.maven.surefire.booter.ForkedBooter.runSuitesInProcess(ForkedBooter.java:345) [surefire-booter-2.22.1.jar:2.22.1]
	at org.apache.maven.surefire.booter.ForkedBooter.execute(ForkedBooter.java:126) [surefire-booter-2.22.1.jar:2.22.1]
	at org.apache.maven.surefire.booter.ForkedBooter.main(ForkedBooter.java:418) [surefire-booter-2.22.1.jar:2.22.1]
Caused by: com.alibaba.dubbo.rpc.RpcException: Failed to register dubbo://169.254.69.120:20880/com.tanhua.dubbo.server.api.QuanZiApi?anyhost=true&application=dubbo-provider-tanhua&dubbo=2.0.2&generic=false&interface=com.tanhua.dubbo.server.api.QuanZiApi&methods=savePublish,saveLikeComment,saveLoveComment,saveComment,queryPublishById,queryCommentList,queryCommentCount,queryPublishList,removeComment&pid=6484&revision=1.0-SNAPSHOT&side=provider&timestamp=1610416789278&version=1.0.0 to zookeeper zookeeper://192.168.247.131:2181/com.alibaba.dubbo.registry.RegistryService?application=dubbo-provider-tanhua&client=zkclient&dubbo=2.0.2&interface=com.alibaba.dubbo.registry.RegistryService&pid=6484&timestamp=1610416750866, cause: Zookeeper is not connected yet!
	at com.alibaba.dubbo.registry.zookeeper.ZookeeperRegistry.doRegister(ZookeeperRegistry.java:116) ~[dubbo-2.6.4.jar:2.6.4]
	at com.alibaba.dubbo.registry.support.FailbackRegistry.register(FailbackRegistry.java:137) ~[dubbo-2.6.4.jar:2.6.4]
	... 53 common frames omitted
Caused by: java.lang.IllegalStateException: Zookeeper is not connected yet!
	at com.alibaba.dubbo.remoting.zookeeper.zkclient.ZkClientWrapper.createPersistent(ZkClientWrapper.java:98) ~[dubbo-2.6.4.jar:2.6.4]
	at com.alibaba.dubbo.remoting.zookeeper.zkclient.ZkclientZookeeperClient.createPersistent(ZkclientZookeeperClient.java:64) ~[dubbo-2.6.4.jar:2.6.4]
	at com.alibaba.dubbo.remoting.zookeeper.support.AbstractZookeeperClient.create(AbstractZookeeperClient.java:67) ~[dubbo-2.6.4.jar:2.6.4]
	at com.alibaba.dubbo.remoting.zookeeper.support.AbstractZookeeperClient.create(AbstractZookeeperClient.java:62) ~[dubbo-2.6.4.jar:2.6.4]
	at com.alibaba.dubbo.remoting.zookeeper.support.AbstractZookeeperClient.create(AbstractZookeeperClient.java:62) ~[dubbo-2.6.4.jar:2.6.4]
	at com.alibaba.dubbo.remoting.zookeeper.support.AbstractZookeeperClient.create(AbstractZookeeperClient.java:62) ~[dubbo-2.6.4.jar:2.6.4]
	at com.alibaba.dubbo.registry.zookeeper.ZookeeperRegistry.doRegister(ZookeeperRegistry.java:114) ~[dubbo-2.6.4.jar:2.6.4]
	... 54 common frames omitted

2021-01-12 09:59:49.283  INFO 6484 --- [           main] org.mongodb.driver.connection            : Closed connection [connectionId{localValue:30, serverValue:64}] to 192.168.247.131:27017 because the pool has been closed.
2021-01-12 09:59:49.284  INFO 6484 --- [           main] f.a.ReferenceAnnotationBeanPostProcessor : class com.alibaba.dubbo.config.spring.beans.factory.annotation.ReferenceAnnotationBeanPostProcessor was destroying!
2021-01-12 09:59:49.313  INFO 6484 --- [           main] a.b.d.c.e.WelcomeLogoApplicationListener : 

 :: Dubbo Spring Boot (v0.2.0) : https://github.com/apache/incubator-dubbo-spring-boot-project
 :: Dubbo (v2.6.4) : https://github.com/apache/incubator-dubbo
 :: Google group : dev@dubbo.incubator.apache.org

2021-01-12 09:59:49.313  INFO 6484 --- [           main] e.OverrideDubboConfigApplicationListener : Dubbo Config was overridden by externalized configuration {dubbo.application.name=dubbo-provider-tanhua, dubbo.protocol.name=dubbo, dubbo.protocol.port=20880, dubbo.registry.address=zookeeper://192.168.247.131:2181, dubbo.registry.client=zkclient, dubbo.scan.basePackages=com.tanhua.dubbo.server}

  .   ____          _            __ _ _
 /\\ / ___'_ __ _ _(_)_ __  __ _ \ \ \ \
( ( )\___ | '_ | '_| | '_ \/ _` | \ \ \ \
 \\/  ___)| |_)| | | | | || (_| |  ) ) ) )
  '  |____| .__|_| |_|_| |_\__, | / / / /
 =========|_|==============|___/=/_/_/_/
 :: Spring Boot ::        (v2.1.0.RELEASE)

2021-01-12 09:59:49.326  INFO 6484 --- [           main] com.tanhua.dubbo.server.api.TestUsers    : Starting TestUsers on DESKTOP-A7UV77A with PID 6484 (started by Lenovo in E:\APP\my-tanhua\my-tanhua\my-tanhua-dubbo\my-tanhua-dubbo-service)
2021-01-12 09:59:49.326  INFO 6484 --- [           main] com.tanhua.dubbo.server.api.TestUsers    : No active profile set, falling back to default profiles: default
2021-01-12 09:59:49.413  INFO 6484 --- [           main] .a.d.c.s.c.a.DubboConfigBindingRegistrar : The dubbo config bean definition [name : com.alibaba.dubbo.config.ApplicationConfig#0, class : com.alibaba.dubbo.config.ApplicationConfig] has been registered.
2021-01-12 09:59:49.413  INFO 6484 --- [           main] .a.d.c.s.c.a.DubboConfigBindingRegistrar : The BeanPostProcessor bean definition [com.alibaba.dubbo.config.spring.beans.factory.annotation.DubboConfigBindingBeanPostProcessor] for dubbo config bean [name : com.alibaba.dubbo.config.ApplicationConfig#0] has been registered.
2021-01-12 09:59:49.414  INFO 6484 --- [           main] .a.d.c.s.c.a.DubboConfigBindingRegistrar : The dubbo config bean definition [name : com.alibaba.dubbo.config.RegistryConfig#0, class : com.alibaba.dubbo.config.RegistryConfig] has been registered.
2021-01-12 09:59:49.414  INFO 6484 --- [           main] .a.d.c.s.c.a.DubboConfigBindingRegistrar : The BeanPostProcessor bean definition [com.alibaba.dubbo.config.spring.beans.factory.annotation.DubboConfigBindingBeanPostProcessor] for dubbo config bean [name : com.alibaba.dubbo.config.RegistryConfig#0] has been registered.
2021-01-12 09:59:49.414  INFO 6484 --- [           main] .a.d.c.s.c.a.DubboConfigBindingRegistrar : The dubbo config bean definition [name : com.alibaba.dubbo.config.ProtocolConfig#0, class : com.alibaba.dubbo.config.ProtocolConfig] has been registered.
2021-01-12 09:59:49.414  INFO 6484 --- [           main] .a.d.c.s.c.a.DubboConfigBindingRegistrar : The BeanPostProcessor bean definition [com.alibaba.dubbo.config.spring.beans.factory.annotation.DubboConfigBindingBeanPostProcessor] for dubbo config bean [name : com.alibaba.dubbo.config.ProtocolConfig#0] has been registered.
2021-01-12 09:59:49.422  INFO 6484 --- [           main] .s.d.r.c.RepositoryConfigurationDelegate : Bootstrapping Spring Data repositories in DEFAULT mode.
2021-01-12 09:59:49.426  INFO 6484 --- [           main] .s.d.r.c.RepositoryConfigurationDelegate : Finished Spring Data repository scanning in 4ms. Found 0 repository interfaces.
2021-01-12 09:59:49.452  INFO 6484 --- [           main] o.s.c.a.ConfigurationClassPostProcessor  : Cannot enhance @Configuration bean definition 'com.alibaba.boot.dubbo.autoconfigure.DubboAutoConfiguration' since its singleton instance has been created too early. The typical cause is a non-static @Bean method with a BeanDefinitionRegistryPostProcessor return type: Consider declaring such methods as 'static'.
2021-01-12 09:59:49.473  INFO 6484 --- [           main] trationDelegate$BeanPostProcessorChecker : Bean 'relaxedDubboConfigBinder' of type [com.alibaba.boot.dubbo.autoconfigure.RelaxedDubboConfigBinder] is not eligible for getting processed by all BeanPostProcessors (for example: not eligible for auto-proxying)
2021-01-12 09:59:49.473  INFO 6484 --- [           main] trationDelegate$BeanPostProcessorChecker : Bean 'relaxedDubboConfigBinder' of type [com.alibaba.boot.dubbo.autoconfigure.RelaxedDubboConfigBinder] is not eligible for getting processed by all BeanPostProcessors (for example: not eligible for auto-proxying)
2021-01-12 09:59:49.474  INFO 6484 --- [           main] trationDelegate$BeanPostProcessorChecker : Bean 'relaxedDubboConfigBinder' of type [com.alibaba.boot.dubbo.autoconfigure.RelaxedDubboConfigBinder] is not eligible for getting processed by all BeanPostProcessors (for example: not eligible for auto-proxying)
2021-01-12 09:59:49.485  INFO 6484 --- [           main] .f.a.DubboConfigBindingBeanPostProcessor : The properties of bean [name : com.alibaba.dubbo.config.ApplicationConfig#0] have been binding by prefix of configuration properties : dubbo.application
[...]
	at org.springframework.context.event.SimpleApplicationEventMulticaster.doInvokeListener(SimpleApplicationEventMulticaster.java:172) ~[spring-context-5.1.2.RELEASE.jar:5.1.2.RELEASE]
	at org.springframework.context.event.SimpleApplicationEventMulticaster.invokeListener(SimpleApplicationEventMulticaster.java:165) ~[spring-context-5.1.2.RELEASE.jar:5.1.2.RELEASE]
	at org.springframework.context.event.SimpleApplicationEventMulticaster.multicastEvent(SimpleApplicationEventMulticaster.java:139) ~[spring-context-5.1.2.RELEASE.jar:5.1.2.RELEASE]
	at org.springframework.context.support.AbstractApplicationContext.publishEvent(AbstractApplicationContext.java:398) ~[spring-context-5.1.2.RELEASE.jar:5.1.2.RELEASE]
	at org.springframework.context.support.AbstractApplicationContext.publishEvent(AbstractApplicationContext.java:355) ~[spring-context-5.1.2.RELEASE.jar:5.1.2.RELEASE]
	at org.springframework.context.support.AbstractApplicationContext.finishRefresh(AbstractApplicationContext.java:882) ~[spring-context-5.1.2.RELEASE.jar:5.1.2.RELEASE]
	at org.springframework.context.support.AbstractApplicationContext.refresh(AbstractApplicationContext.java:549) ~[spring-context-5.1.2.RELEASE.jar:5.1.2.RELEASE]
	at org.springframework.boot.SpringApplication.refresh(SpringApplication.java:775) ~[spring-boot-2.1.0.RELEASE.jar:2.1.0.RELEASE]
	at org.springframework.boot.SpringApplication.refreshContext(SpringApplication.java:397) ~[spring-boot-2.1.0.RELEASE.jar:2.1.0.RELEASE]
	at org.springframework.boot.SpringApplication.run(SpringApplication.java:316) ~[spring-boot-2.1.0.RELEASE.jar:2.1.0.RELEASE]
	at org.springframework.boot.test.context.SpringBootContextLoader.loadContext(SpringBootContextLoader.java:127) [spring-boot-test-2.1.0.RELEASE.jar:2.1.0.RELEASE]
	at org.springframework.test.context.cache.DefaultCacheAwareContextLoaderDelegate.loadContextInternal(DefaultCacheAwareContextLoaderDelegate.java:99) [spring-test-5.1.2.RELEASE.jar:5.1.2.RELEASE]
	at org.springframework.test.context.cache.DefaultCacheAwareContextLoaderDelegate.loadContext(DefaultCacheAwareContextLoaderDelegate.java:117) [spring-test-5.1.2.RELEASE.jar:5.1.2.RELEASE]
	at org.springframework.test.context.support.DefaultTestContext.getApplicationContext(DefaultTestContext.java:108) [spring-test-5.1.2.RELEASE.jar:5.1.2.RELEASE]
	at org.springframework.boot.test.autoconfigure.SpringBootDependencyInjectionTestExecutionListener.outputConditionEvaluationReport(SpringBootDependencyInjectionTestExecutionListener.java:54) [spring-boot-test-autoconfigure-2.1.0.RELEASE.jar:2.1.0.RELEASE]
	at org.springframework.boot.test.autoconfigure.SpringBootDependencyInjectionTestExecutionListener.prepareTestInstance(SpringBootDependencyInjectionTestExecutionListener.java:47) [spring-boot-test-autoconfigure-2.1.0.RELEASE.jar:2.1.0.RELEASE]
	at org.springframework.test.context.TestContextManager.prepareTestInstance(TestContextManager.java:246) [spring-test-5.1.2.RELEASE.jar:5.1.2.RELEASE]
	at org.springframework.test.context.junit4.SpringJUnit4ClassRunner.createTest(SpringJUnit4ClassRunner.java:227) [spring-test-5.1.2.RELEASE.jar:5.1.2.RELEASE]
	at org.springframework.test.context.junit4.SpringJUnit4ClassRunner$1.runReflectiveCall(SpringJUnit4ClassRunner.java:289) [spring-test-5.1.2.RELEASE.jar:5.1.2.RELEASE]
	at org.junit.internal.runners.model.ReflectiveCallable.run(ReflectiveCallable.java:12) [junit-4.12.jar:4.12]
	at org.springframework.test.context.junit4.SpringJUnit4ClassRunner.methodBlock(SpringJUnit4ClassRunner.java:291) [spring-test-5.1.2.RELEASE.jar:5.1.2.RELEASE]
	at org.springframework.test.context.junit4.SpringJUnit4ClassRunner.runChild(SpringJUnit4ClassRunner.java:246) [spring-test-5.1.2.RELEASE.jar:5.1.2.RELEASE]
	at org.springframework.test.context.junit4.SpringJUnit4ClassRunner.runChild(SpringJUnit4ClassRunner.java:97) [spring-test-5.1.2.RELEASE.jar:5.1.2.RELEASE]
	at org.junit.runners.ParentRunner$3.run(ParentRunner.java:290) [junit-4.12.jar:4.12]
	at org.junit.runners.ParentRunner$1.schedule(ParentRunner.java:71) [junit-4.12.jar:4.12]
	at org.junit.runners.ParentRunner.runChildren(ParentRunner.java:288) [junit-4.12.jar:4.12]
	at org.junit.runners.ParentRunner.access$000(ParentRunner.java:58) [junit-4.12.jar:4.12]
	at org.junit.runners.ParentRunner$2.evaluate(ParentRunner.java:268) [junit-4.12.jar:4.12]
	at org.springframework.test.context.junit4.statements.RunBeforeTestClassCallbacks.evaluate(RunBeforeTestClassCallbacks.java:61) [spring-test-5.1.2.RELEASE.jar:5.1.2.RELEASE]
	at org.springframework.test.context.junit4.statements.RunAfterTestClassCallbacks.evaluate(RunAfterTestClassCallbacks.java:70) [spring-test-5.1.2.RELEASE.jar:5.1.2.RELEASE]
	at org.junit.runners.ParentRunner.run(ParentRunner.java:363) [junit-4.12.jar:4.12]
	at org.springframework.test.context.junit4.SpringJUnit4ClassRunner.run(SpringJUnit4ClassRunner.java:190) [spring-test-5.1.2.RELEASE.jar:5.1.2.RELEASE]
	at org.apache.maven.surefire.junit4.JUnit4Provider.execute(JUnit4Provider.java:365) [surefire-junit4-2.22.1.jar:2.22.1]
	at org.apache.maven.surefire.junit4.JUnit4Provider.executeWithRerun(JUnit4Provider.java:273) [surefire-junit4-2.22.1.jar:2.22.1]
	at org.apache.maven.surefire.junit4.JUnit4Provider.executeTestSet(JUnit4Provider.java:238) [surefire-junit4-2.22.1.jar:2.22.1]
	at org.apache.maven.surefire.junit4.JUnit4Provider.invoke(JUnit4Provider.java:159) [surefire-junit4-2.22.1.jar:2.22.1]
	at org.apache.maven.surefire.booter.ForkedBooter.invokeProviderInSameClassLoader(ForkedBooter.java:384) [surefire-booter-2.22.1.jar:2.22.1]
	at org.apache.maven.surefire.booter.ForkedBooter.runSuitesInProcess(ForkedBooter.java:345) [surefire-booter-2.22.1.jar:2.22.1]
	at org.apache.maven.surefire.booter.ForkedBooter.execute(ForkedBooter.java:126) [surefire-booter-2.22.1.jar:2.22.1]
	at org.apache.maven.surefire.booter.ForkedBooter.main(ForkedBooter.java:418) [surefire-booter-2.22.1.jar:2.22.1]
Caused by: com.alibaba.dubbo.rpc.RpcException: Failed to register dubbo://169.254.69.120:20880/com.tanhua.dubbo.server.api.QuanZiApi?anyhost=true&application=dubbo-provider-tanhua&dubbo=2.0.2&generic=false&interface=com.tanhua.dubbo.server.api.QuanZiApi&methods=savePublish,saveLikeComment,saveLoveComment,saveComment,queryPublishById,queryCommentList,queryCommentCount,queryPublishList,removeComment&pid=6484&revision=1.0-SNAPSHOT&side=provider&timestamp=1610416789658&version=1.0.0 to zookeeper zookeeper://192.168.247.131:2181/com.alibaba.dubbo.registry.RegistryService?application=dubbo-provider-tanhua&client=zkclient&dubbo=2.0.2&interface=com.alibaba.dubbo.registry.RegistryService&pid=6484&timestamp=1610416750866, cause: Zookeeper is not connected yet!
	at com.alibaba.dubbo.registry.zookeeper.ZookeeperRegistry.doRegister(ZookeeperRegistry.java:116) ~[dubbo-2.6.4.jar:2.6.4]
	at com.alibaba.dubbo.registry.support.FailbackRegistry.register(FailbackRegistry.java:137) ~[dubbo-2.6.4.jar:2.6.4]
	... 52 common frames omitted
Caused by: java.lang.IllegalStateException: Zookeeper is not connected yet!
	at com.alibaba.dubbo.remoting.zookeeper.zkclient.ZkClientWrapper.createPersistent(ZkClientWrapper.java:98) ~[dubbo-2.6.4.jar:2.6.4]
	at com.alibaba.dubbo.remoting.zookeeper.zkclient.ZkclientZookeeperClient.createPersistent(ZkclientZookeeperClient.java:64) ~[dubbo-2.6.4.jar:2.6.4]
	at com.alibaba.dubbo.remoting.zookeeper.support.AbstractZookeeperClient.create(AbstractZookeeperClient.java:67) ~[dubbo-2.6.4.jar:2.6.4]
	at com.alibaba.dubbo.remoting.zookeeper.support.AbstractZookeeperClient.create(AbstractZookeeperClient.java:62) ~[dubbo-2.6.4.jar:2.6.4]
	at com.alibaba.dubbo.remoting.zookeeper.support.AbstractZookeeperClient.create(AbstractZookeeperClient.java:62) ~[dubbo-2.6.4.jar:2.6.4]
	at com.alibaba.dubbo.remoting.zookeeper.support.AbstractZookeeperClient.create(AbstractZookeeperClient.java:62) ~[dubbo-2.6.4.jar:2.6.4]
	at com.alibaba.dubbo.registry.zookeeper.ZookeeperRegistry.doRegister(ZookeeperRegistry.java:114) ~[dubbo-2.6.4.jar:2.6.4]
	... 53 common frames omitted

2021-01-12 09:59:49.664  INFO 6484 --- [           main] org.mongodb.driver.connection            : Closed connection [connectionId{localValue:32, serverValue:66}] to 192.168.247.131:27017 because the pool has been closed.
2021-01-12 09:59:49.665  INFO 6484 --- [           main] f.a.ReferenceAnnotationBeanPostProcessor : class com.alibaba.dubbo.config.spring.beans.factory.annotation.ReferenceAnnotationBeanPostProcessor was destroying!
2021-01-12 09:59:49.666 ERROR 6484 --- [           main] o.s.test.context.TestContextManager      : Caught exception while allowing TestExecutionListener [org.springframework.boot.test.autoconfigure.SpringBootDependencyInjectionTestExecutionListener@e62319f] to prepare test instance [com.tanhua.dubbo.server.api.TestUsers@439d545c]

java.lang.IllegalStateException: Failed to load ApplicationContext
	at org.springframework.test.context.cache.DefaultCacheAwareContextLoaderDelegate.loadContext(DefaultCacheAwareContextLoaderDelegate.java:125) ~[spring-test-5.1.2.RELEASE.jar:5.1.2.RELEASE]
	at org.springframework.test.context.support.DefaultTestContext.getApplicationContext(DefaultTestContext.java:108) ~[spring-test-5.1.2.RELEASE.jar:5.1.2.RELEASE]
	at org.springframework.test.context.support.DependencyInjectionTestExecutionListener.injectDependencies(DependencyInjectionTestExecutionListener.java:118) ~[spring-test-5.1.2.RELEASE.jar:5.1.2.RELEASE]
	at org.springframework.test.context.support.DependencyInjectionTestExecutionListener.prepareTestInstance(DependencyInjectionTestExecutionListener.java:83) ~[spring-test-5.1.2.RELEASE.jar:5.1.2.RELEASE]
	at org.springframework.boot.test.autoconfigure.SpringBootDependencyInjectionTestExecutionListener.prepareTestInstance(SpringBootDependencyInjectionTestExecutionListener.java:44) ~[spring-boot-test-autoconfigure-2.1.0.RELEASE.jar:2.1.0.RELEASE]
	at org.springframework.test.context.TestContextManager.prepareTestInstance(TestContextManager.java:246) ~[spring-test-5.1.2.RELEASE.jar:5.1.2.RELEASE]
	at org.springframework.test.context.junit4.SpringJUnit4ClassRunner.createTest(SpringJUnit4ClassRunner.java:227) [spring-test-5.1.2.RELEASE.jar:5.1.2.RELEASE]
	at org.springframework.test.context.junit4.SpringJUnit4ClassRunner$1.runReflectiveCall(SpringJUnit4ClassRunner.java:289) [spring-test-5.1.2.RELEASE.jar:5.1.2.RELEASE]
	at org.junit.internal.runners.model.ReflectiveCallable.run(ReflectiveCallable.java:12) [junit-4.12.jar:4.12]
	at org.springframework.test.context.junit4.SpringJUnit4ClassRunner.methodBlock(SpringJUnit4ClassRunner.java:291) [spring-test-5.1.2.RELEASE.jar:5.1.2.RELEASE]
	at org.springframework.test.context.junit4.SpringJUnit4ClassRunner.runChild(SpringJUnit4ClassRunner.java:246) [spring-test-5.1.2.RELEASE.jar:5.1.2.RELEASE]
	at org.springframework.test.context.junit4.SpringJUnit4ClassRunner.runChild(SpringJUnit4ClassRunner.java:97) [spring-test-5.1.2.RELEASE.jar:5.1.2.RELEASE]
	at org.junit.runners.ParentRunner$3.run(ParentRunner.java:290) [junit-4.12.jar:4.12]
	at org.junit.runners.ParentRunner$1.schedule(ParentRunner.java:71) [junit-4.12.jar:4.12]
	at org.junit.runners.ParentRunner.runChildren(ParentRunner.java:288) [junit-4.12.jar:4.12]
	at org.junit.runners.ParentRunner.access$000(ParentRunner.java:58) [junit-4.12.jar:4.12]
	at org.junit.runners.ParentRunner$2.evaluate(ParentRunner.java:268) [junit-4.12.jar:4.12]
	at org.springframework.test.context.junit4.statements.RunBeforeTestClassCallbacks.evaluate(RunBeforeTestClassCallbacks.java:61) [spring-test-5.1.2.RELEASE.jar:5.1.2.RELEASE]
	at org.springframework.test.context.junit4.statements.RunAfterTestClassCallbacks.evaluate(RunAfterTestClassCallbacks.java:70) [spring-test-5.1.2.RELEASE.jar:5.1.2.RELEASE]
	at org.junit.runners.ParentRunner.run(ParentRunner.java:363) [junit-4.12.jar:4.12]
	at org.springframework.test.context.junit4.SpringJUnit4ClassRunner.run(SpringJUnit4ClassRunner.java:190) [spring-test-5.1.2.RELEASE.jar:5.1.2.RELEASE]
	at org.apache.maven.surefire.junit4.JUnit4Provider.execute(JUnit4Provider.java:365) [surefire-junit4-2.22.1.jar:2.22.1]
	at org.apache.maven.surefire.junit4.JUnit4Provider.executeWithRerun(JUnit4Provider.java:273) [surefire-junit4-2.22.1.jar:2.22.1]
	at org.apache.maven.surefire.junit4.JUnit4Provider.executeTestSet(JUnit4Provider.java:238) [surefire-junit4-2.22.1.jar:2.22.1]
	at org.apache.maven.surefire.junit4.JUnit4Provider.invoke(JUnit4Provider.java:159) [surefire-junit4-2.22.1.jar:2.22.1]
	at org.apache.maven.surefire.booter.ForkedBooter.invokeProviderInSameClassLoader(ForkedBooter.java:384) [surefire-booter-2.22.1.jar:2.22.1]
	at org.apache.maven.surefire.booter.ForkedBooter.runSuitesInProcess(ForkedBooter.java:345) [surefire-booter-2.22.1.jar:2.22.1]
	at org.apache.maven.surefire.booter.ForkedBooter.execute(ForkedBooter.java:126) [surefire-booter-2.22.1.jar:2.22.1]
	at org.apache.maven.surefire.booter.ForkedBooter.main(ForkedBooter.java:418) [surefire-booter-2.22.1.jar:2.22.1]
Caused by: java.lang.IllegalStateException: Failed to register dubbo://169.254.69.120:20880/com.tanhua.dubbo.server.api.QuanZiApi?anyhost=true&application=dubbo-provider-tanhua&dubbo=2.0.2&generic=false&interface=com.tanhua.dubbo.server.api.QuanZiApi&methods=savePublish,saveLikeComment,saveLoveComment,saveComment,queryPublishById,queryCommentList,queryCommentCount,queryPublishList,removeComment&pid=6484&revision=1.0-SNAPSHOT&side=provider&timestamp=1610416789278&version=1.0.0 to registry 192.168.247.131:2181, cause: Failed to register dubbo://169.254.69.120:20880/com.tanhua.dubbo.server.api.QuanZiApi?anyhost=true&application=dubbo-provider-tanhua&dubbo=2.0.2&generic=false&interface=com.tanhua.dubbo.server.api.QuanZiApi&methods=savePublish,saveLikeComment,saveLoveComment,saveComment,queryPublishById,queryCommentList,queryCommentCount,queryPublishList,removeComment&pid=6484&revision=1.0-SNAPSHOT&side=provider&timestamp=1610416789278&version=1.0.0 to zookeeper zookeeper://192.168.247.131:2181/com.alibaba.dubbo.registry.RegistryService?application=dubbo-provider-tanhua&client=zkclient&dubbo=2.0.2&interface=com.alibaba.dubbo.registry.RegistryService&pid=6484&timestamp=1610416750866, cause: Zookeeper is not connected yet!
	at com.alibaba.dubbo.registry.support.FailbackRegistry.register(FailbackRegistry.java:150) ~[dubbo-2.6.4.jar:2.6.4]
	at com.alibaba.dubbo.registry.integration.RegistryProtocol.register(RegistryProtocol.java:126) ~[dubbo-2.6.4.jar:2.6.4]
	at com.alibaba.dubbo.registry.integration.RegistryProtocol.export(RegistryProtocol.java:146) ~[dubbo-2.6.4.jar:2.6.4]
	at com.alibaba.dubbo.rpc.protocol.ProtocolListenerWrapper.export(ProtocolListenerWrapper.java:55) ~[dubbo-2.6.4.jar:2.6.4]
	at com.alibaba.dubbo.rpc.protocol.ProtocolFilterWrapper.export(ProtocolFilterWrapper.java:98) ~[dubbo-2.6.4.jar:2.6.4]
	at com.alibaba.dubbo.qos.protocol.QosProtocolWrapper.export(QosProtocolWrapper.java:60) ~[dubbo-2.6.4.jar:2.6.4]
	at com.alibaba.dubbo.rpc.Protocol$Adaptive.export(Protocol$Adaptive.java) ~[dubbo-2.6.4.jar:2.6.4]
	at com.alibaba.dubbo.config.ServiceConfig.doExportUrlsFor1Protocol(ServiceConfig.java:513) ~[dubbo-2.6.4.jar:2.6.4]
	at com.alibaba.dubbo.config.ServiceConfig.doExportUrls(ServiceConfig.java:358) ~[dubbo-2.6.4.jar:2.6.4]
	at com.alibaba.dubbo.config.ServiceConfig.doExport(ServiceConfig.java:317) ~[dubbo-2.6.4.jar:2.6.4]
	at com.alibaba.dubbo.config.ServiceConfig.export(ServiceConfig.java:216) ~[dubbo-2.6.4.jar:2.6.4]
	at com.alibaba.dubbo.config.spring.ServiceBean.onApplicationEvent(ServiceBean.java:123) ~[dubbo-2.6.4.jar:2.6.4]
	at com.alibaba.dubbo.config.spring.ServiceBean.onApplicationEvent(ServiceBean.java:49) ~[dubbo-2.6.4.jar:2.6.4]
	at org.springframework.context.event.SimpleApplicationEventMulticaster.doInvokeListener(SimpleApplicationEventMulticaster.java:172) ~[spring-context-5.1.2.RELEASE.jar:5.1.2.RELEASE]
	at org.springframework.context.event.SimpleApplicationEventMulticaster.invokeListener(SimpleApplicationEventMulticaster.java:165) ~[spring-context-5.1.2.RELEASE.jar:5.1.2.RELEASE]
	at org.springframework.context.event.SimpleApplicationEventMulticaster.multicastEvent(SimpleApplicationEventMulticaster.java:139) ~[spring-context-5.1.2.RELEASE.jar:5.1.2.RELEASE]
	at org.springframework.context.support.AbstractApplicationContext.publishEvent(AbstractApplicationContext.java:398) ~[spring-context-5.1.2.RELEASE.jar:5.1.2.RELEASE]
	at org.springframework.context.support.AbstractApplicationContext.publishEvent(AbstractApplicationContext.java:355) ~[spring-context-5.1.2.RELEASE.jar:5.1.2.RELEASE]
	at org.springframework.context.support.AbstractApplicationContext.finishRefresh(AbstractApplicationContext.java:882) ~[spring-context-5.1.2.RELEASE.jar:5.1.2.RELEASE]
	at org.springframework.context.support.AbstractApplicationContext.refresh(AbstractApplicationContext.java:549) ~[spring-context-5.1.2.RELEASE.jar:5.1.2.RELEASE]
	at org.springframework.boot.SpringApplication.refresh(SpringApplication.java:775) ~[spring-boot-2.1.0.RELEASE.jar:2.1.0.RELEASE]
	at org.springframework.boot.SpringApplication.refreshContext(SpringApplication.java:397) ~[spring-boot-2.1.0.RELEASE.jar:2.1.0.RELEASE]
	at org.springframework.boot.SpringApplication.run(SpringApplication.java:316) ~[spring-boot-2.1.0.RELEASE.jar:2.1.0.RELEASE]
	at org.springframework.boot.test.context.SpringBootContextLoader.loadContext(SpringBootContextLoader.java:127) ~[spring-boot-test-2.1.0.RELEASE.jar:2.1.0.RELEASE]
	at org.springframework.test.context.cache.DefaultCacheAwareContextLoaderDelegate.loadContextInternal(DefaultCacheAwareContextLoaderDelegate.java:99) ~[spring-test-5.1.2.RELEASE.jar:5.1.2.RELEASE]
	at org.springframework.test.context.cache.DefaultCacheAwareContextLoaderDelegate.loadContext(DefaultCacheAwareContextLoaderDelegate.java:117) ~[spring-test-5.1.2.RELEASE.jar:5.1.2.RELEASE]
	... 28 common frames omitted
Caused by: com.alibaba.dubbo.rpc.RpcException: Failed to register dubbo://169.254.69.120:20880/com.tanhua.dubbo.server.api.QuanZiApi?anyhost=true&application=dubbo-provider-tanhua&dubbo=2.0.2&generic=false&interface=com.tanhua.dubbo.server.api.QuanZiApi&methods=savePublish,saveLikeComment,saveLoveComment,saveComment,queryPublishById,queryCommentList,queryCommentCount,queryPublishList,removeComment&pid=6484&revision=1.0-SNAPSHOT&side=provider&timestamp=1610416789278&version=1.0.0 to zookeeper zookeeper://192.168.247.131:2181/com.alibaba.dubbo.registry.RegistryService?application=dubbo-provider-tanhua&client=zkclient&dubbo=2.0.2&interface=com.alibaba.dubbo.registry.RegistryService&pid=6484&timestamp=1610416750866, cause: Zookeeper is not connected yet!
	at com.alibaba.dubbo.registry.zookeeper.ZookeeperRegistry.doRegister(ZookeeperRegistry.java:116) ~[dubbo-2.6.4.jar:2.6.4]
	at com.alibaba.dubbo.registry.support.FailbackRegistry.register(FailbackRegistry.java:137) ~[dubbo-2.6.4.jar:2.6.4]
	... 53 common frames omitted
Caused by: java.lang.IllegalStateException: Zookeeper is not connected yet!
	at com.alibaba.dubbo.remoting.zookeeper.zkclient.ZkClientWrapper.createPersistent(ZkClientWrapper.java:98) ~[dubbo-2.6.4.jar:2.6.4]
	at com.alibaba.dubbo.remoting.zookeeper.zkclient.ZkclientZookeeperClient.createPersistent(ZkclientZookeeperClient.java:64) ~[dubbo-2.6.4.jar:2.6.4]
	at com.alibaba.dubbo.remoting.zookeeper.support.AbstractZookeeperClient.create(AbstractZookeeperClient.java:67) ~[dubbo-2.6.4.jar:2.6.4]
	at com.alibaba.dubbo.remoting.zookeeper.support.AbstractZookeeperClient.create(AbstractZookeeperClient.java:62) ~[dubbo-2.6.4.jar:2.6.4]
	at com.alibaba.dubbo.remoting.zookeeper.support.AbstractZookeeperClient.create(AbstractZookeeperClient.java:62) ~[dubbo-2.6.4.jar:2.6.4]
	at com.alibaba.dubbo.remoting.zookeeper.support.AbstractZookeeperClient.create(AbstractZookeeperClient.java:62) ~[dubbo-2.6.4.jar:2.6.4]
	at com.alibaba.dubbo.registry.zookeeper.ZookeeperRegistry.doRegister(ZookeeperRegistry.java:114) ~[dubbo-2.6.4.jar:2.6.4]
	... 54 common frames omitted

]]></system-out>
  </testcase>
</testsuite>